<?xml version="1.0" encoding="UTF-8"?>
<testsuites name="FCSCMS-411-a" time="202.826" tests="2" failures="0" errors="0">
   <testsuite name="FCSCMS-411-a" tests="2" failures="0" errors="0" time="202.826" skipped="0" timestamp="2022-04-25 18:13:36" hostname="Fet - DESKTOP-Q81B6T4" id="Test Suites/Sprint 3/FCSCMS-59/FCSCMS-411-a">
      <properties>
         <property name="deviceName" value=""/>
         <property name="devicePlatform" value=""/>
         <property name="logFolder" value="C:\\Users\\Fet\\git\\Sample - Nexterus\\Reports\\20220425_181330\\Sprint 3\\FCSCMS-59\\FCSCMS-411-a\\20220425_181330"/>
         <property name="logFiles" value="C:\\Users\\Fet\\git\\Sample - Nexterus\\Reports\\20220425_181330\\Sprint 3\\FCSCMS-59\\FCSCMS-411-a\\20220425_181330\\execution0.log"/>
         <property name="attachments" value=""/>
         <property name="hostName" value="Fet - DESKTOP-Q81B6T4"/>
         <property name="os" value="Windows 10 64bit"/>
         <property name="katalonVersion" value="8.3.0.208"/>
         <property name="browser" value="Chrome 100.0.4896.127"/>
         <property name="hostAddress" value="192.168.5.82"/>
         <property name="sessionId" value="c5937e84697a83d5a086c010fe3c43d1"/>
         <property name="seleniumVersion" value="3.141.59"/>
         <property name="proxyInformation" value="ProxyInformation { proxyOption=NO_PROXY, proxyServerType=HTTP, username=, password=********, proxyServerAddress=, proxyServerPort=0, executionList=&quot;&quot;, isApplyToDesiredCapabilities=true }"/>
         <property name="platform" value="Windows 10"/>
      </properties>
      <testcase name="Test Cases/Log-in/Log-in- 1" time="13.611" classname="Test Cases/Log-in/Log-in- 1" status="PASSED">
         <system-out><![CDATA[2022-04-25 18:13:37 - [TEST_CASE][PASSED] - Test Cases/Log-in/Log-in- 1: Test Cases/Log-in/Log-in- 1

2022-04-25 18:13:38 - [TEST_STEP][PASSED] - openBrowser(""): Browser is opened with url: ''

2022-04-25 18:13:38 - [MESSAGE][INFO] - Starting 'Chrome' driver

2022-04-25 18:13:39 - [MESSAGE][INFO] - Action delay is set to 0 milliseconds

2022-04-25 18:13:42 - [MESSAGE][PASSED] - Browser is opened with url: ''

2022-04-25 18:13:42 - [TEST_STEP][PASSED] - navigateToUrl("https://nexterus-tst.outsystemsenterprise.com/FusionCenter/Login"): Navigate to 'https://nexterus-tst.outsystemsenterprise.com/FusionCenter/Login' successfully

2022-04-25 18:13:45 - [MESSAGE][PASSED] - Navigate to 'https://nexterus-tst.outsystemsenterprise.com/FusionCenter/Login' successfully

2022-04-25 18:13:45 - [TEST_STEP][PASSED] - maximizeWindow(): Current window maximized

2022-04-25 18:13:45 - [MESSAGE][PASSED] - Current window maximized

2022-04-25 18:13:45 - [TEST_STEP][PASSED] - delay(2): Delayed 2 second(s)

2022-04-25 18:13:47 - [MESSAGE][PASSED] - Delayed 2 second(s)

2022-04-25 18:13:47 - [TEST_STEP][PASSED] - setText(findTestObject("Log-in/Username field"), "admin"): Text 'admin' is set on object 'Object Repository/Log-in/Username field'

2022-04-25 18:13:49 - [MESSAGE][PASSED] - Text 'admin' is set on object 'Object Repository/Log-in/Username field'

2022-04-25 18:13:49 - [TEST_STEP][PASSED] - setText(findTestObject("Log-in/Password field"), "admin"): Text 'admin' is set on object 'Object Repository/Log-in/Password field'

2022-04-25 18:13:50 - [MESSAGE][PASSED] - Text 'admin' is set on object 'Object Repository/Log-in/Password field'

2022-04-25 18:13:50 - [TEST_STEP][PASSED] - click(findTestObject("Log-in/Log-in button"), STOP_ON_FAILURE): Object: 'Object Repository/Log-in/Log-in button' is clicked on

2022-04-25 18:13:50 - [MESSAGE][PASSED] - Object: 'Object Repository/Log-in/Log-in button' is clicked on]]></system-out>
         <system-err><![CDATA[]]></system-err>
      </testcase>
      <testcase name="Test Cases/Sprint 3/FCSCMS-59/FCSCMS-411a" time="188.592" classname="Test Cases/Sprint 3/FCSCMS-59/FCSCMS-411a" status="PASSED">
         <system-out><![CDATA[2022-04-25 18:13:50 - [TEST_CASE][PASSED] - Test Cases/Sprint 3/FCSCMS-59/FCSCMS-411a: Test Cases/Sprint 3/FCSCMS-59/FCSCMS-411a

2022-04-25 18:13:52 - [TEST_STEP][PASSED] - click(findTestObject("Sprint 3/FCSCMS-59/FCSCMS-411/User Account Management")): Object: 'Object Repository/Sprint 3/FCSCMS-59/FCSCMS-411/User Account Management' is clicked on

2022-04-25 18:14:28 - [MESSAGE][PASSED] - Object: 'Object Repository/Sprint 3/FCSCMS-59/FCSCMS-411/User Account Management' is clicked on

2022-04-25 18:14:28 - [TEST_STEP][PASSED] - verifyElementVisible(findTestObject("Sprint 3/FCSCMS-59/FCSCMS-411/Table Header_User Group"), STOP_ON_FAILURE): Object 'Object Repository/Sprint 3/FCSCMS-59/FCSCMS-411/Table Header_User Group' is visible

2022-04-25 18:14:58 - [MESSAGE][PASSED] - Object 'Object Repository/Sprint 3/FCSCMS-59/FCSCMS-411/Table Header_User Group' is visible

2022-04-25 18:14:58 - [TEST_STEP][PASSED] - verifyElementVisible(findTestObject("Sprint 3/FCSCMS-59/FCSCMS-411/Table Header_User Login Name"), STOP_ON_FAILURE): Object 'Object Repository/Sprint 3/FCSCMS-59/FCSCMS-411/Table Header_User Login Name' is visible

2022-04-25 18:15:28 - [MESSAGE][PASSED] - Object 'Object Repository/Sprint 3/FCSCMS-59/FCSCMS-411/Table Header_User Login Name' is visible

2022-04-25 18:15:28 - [TEST_STEP][PASSED] - verifyElementVisible(findTestObject("Sprint 3/FCSCMS-59/FCSCMS-411/Table Header_User Name"), STOP_ON_FAILURE): Object 'Object Repository/Sprint 3/FCSCMS-59/FCSCMS-411/Table Header_User Name' is visible

2022-04-25 18:15:58 - [MESSAGE][PASSED] - Object 'Object Repository/Sprint 3/FCSCMS-59/FCSCMS-411/Table Header_User Name' is visible

2022-04-25 18:15:58 - [TEST_STEP][PASSED] - verifyElementVisible(findTestObject("Sprint 3/FCSCMS-59/FCSCMS-411/Table Header_User Status"), STOP_ON_FAILURE): Object 'Object Repository/Sprint 3/FCSCMS-59/FCSCMS-411/Table Header_User Status' is visible

2022-04-25 18:16:29 - [MESSAGE][PASSED] - Object 'Object Repository/Sprint 3/FCSCMS-59/FCSCMS-411/Table Header_User Status' is visible

2022-04-25 18:16:29 - [TEST_STEP][PASSED] - verifyElementVisible(findTestObject("Sprint 3/FCSCMS-59/FCSCMS-411/Table Header_Zip Code"), STOP_ON_FAILURE): Object 'Object Repository/Sprint 3/FCSCMS-59/FCSCMS-411/Table Header_Zip Code' is visible

2022-04-25 18:16:59 - [MESSAGE][PASSED] - Object 'Object Repository/Sprint 3/FCSCMS-59/FCSCMS-411/Table Header_Zip Code' is visible]]></system-out>
         <system-err><![CDATA[]]></system-err>
      </testcase>
      <system-out><![CDATA[2022-04-25 18:13:36 - [TEST_SUITE][PASSED] - FCSCMS-411-a: Test Cases/Sprint 3/FCSCMS-59/FCSCMS-411a]]></system-out>
      <system-err><![CDATA[]]></system-err>
   </testsuite>
</testsuites>
