<?xml version="1.0" encoding="UTF-8"?>
<testsuites name="FCSCMS-417" time="235.389" tests="2" failures="0" errors="0">
   <testsuite name="FCSCMS-417" tests="2" failures="0" errors="0" time="235.389" skipped="0" timestamp="2022-04-27 15:00:55" hostname="Fet - DESKTOP-Q81B6T4" id="Test Suites/Sprint 3/FCSCMS-65/FCSCMS-417">
      <properties>
         <property name="deviceName" value=""/>
         <property name="devicePlatform" value=""/>
         <property name="logFolder" value="C:\\Users\\Fet\\git\\Sample - Nexterus\\Reports\\20220427_150046\\Sprint 3\\FCSCMS-65\\FCSCMS-417\\20220427_150046"/>
         <property name="logFiles" value="C:\\Users\\Fet\\git\\Sample - Nexterus\\Reports\\20220427_150046\\Sprint 3\\FCSCMS-65\\FCSCMS-417\\20220427_150046\\execution0.log"/>
         <property name="attachments" value=""/>
         <property name="hostName" value="Fet - DESKTOP-Q81B6T4"/>
         <property name="os" value="Windows 10 64bit"/>
         <property name="katalonVersion" value="8.3.0.208"/>
         <property name="browser" value="Chrome 100.0.4896.127"/>
         <property name="hostAddress" value="192.168.5.82"/>
         <property name="sessionId" value="a3fc9f2d323a31dda0e4a7fa74737c5c"/>
         <property name="seleniumVersion" value="3.141.59"/>
         <property name="proxyInformation" value="ProxyInformation { proxyOption=NO_PROXY, proxyServerType=HTTP, username=, password=********, proxyServerAddress=, proxyServerPort=0, executionList=&quot;&quot;, isApplyToDesiredCapabilities=true }"/>
         <property name="platform" value="Windows 10"/>
      </properties>
      <testcase name="Test Cases/Log-in/Log-in- 1" time="16.209" classname="Test Cases/Log-in/Log-in- 1" status="PASSED">
         <system-out><![CDATA[2022-04-27 15:00:55 - [TEST_CASE][PASSED] - Test Cases/Log-in/Log-in- 1: Test Cases/Log-in/Log-in- 1

2022-04-27 15:00:57 - [TEST_STEP][PASSED] - openBrowser(""): Browser is opened with url: ''

2022-04-27 15:00:58 - [MESSAGE][INFO] - Starting 'Chrome' driver

2022-04-27 15:00:58 - [MESSAGE][INFO] - Action delay is set to 0 milliseconds

2022-04-27 15:01:02 - [MESSAGE][PASSED] - Browser is opened with url: ''

2022-04-27 15:01:02 - [TEST_STEP][PASSED] - navigateToUrl("https://nexterus-tst.outsystemsenterprise.com/FusionCenter/Login"): Navigate to 'https://nexterus-tst.outsystemsenterprise.com/FusionCenter/Login' successfully

2022-04-27 15:01:05 - [MESSAGE][PASSED] - Navigate to 'https://nexterus-tst.outsystemsenterprise.com/FusionCenter/Login' successfully

2022-04-27 15:01:05 - [TEST_STEP][PASSED] - maximizeWindow(): Current window maximized

2022-04-27 15:01:05 - [MESSAGE][PASSED] - Current window maximized

2022-04-27 15:01:05 - [TEST_STEP][PASSED] - delay(2): Delayed 2 second(s)

2022-04-27 15:01:07 - [MESSAGE][PASSED] - Delayed 2 second(s)

2022-04-27 15:01:07 - [TEST_STEP][PASSED] - setText(findTestObject("001-Log-in/Username field"), "admin"): Text 'admin' is set on object 'Object Repository/001-Log-in/Username field'

2022-04-27 15:01:10 - [MESSAGE][PASSED] - Text 'admin' is set on object 'Object Repository/001-Log-in/Username field'

2022-04-27 15:01:10 - [TEST_STEP][PASSED] - setText(findTestObject("001-Log-in/Password field"), "admin"): Text 'admin' is set on object 'Object Repository/001-Log-in/Password field'

2022-04-27 15:01:11 - [MESSAGE][PASSED] - Text 'admin' is set on object 'Object Repository/001-Log-in/Password field'

2022-04-27 15:01:11 - [TEST_STEP][PASSED] - click(findTestObject("001-Log-in/Log-in button"), STOP_ON_FAILURE): Object: 'Object Repository/001-Log-in/Log-in button' is clicked on

2022-04-27 15:01:12 - [MESSAGE][PASSED] - Object: 'Object Repository/001-Log-in/Log-in button' is clicked on]]></system-out>
         <system-err><![CDATA[]]></system-err>
      </testcase>
      <testcase name="Test Cases/Sprint 3/FCSCMS-65/FCSCMS-417" time="218.341" classname="Test Cases/Sprint 3/FCSCMS-65/FCSCMS-417" status="PASSED">
         <system-out><![CDATA[2022-04-27 15:01:12 - [TEST_CASE][PASSED] - Test Cases/Sprint 3/FCSCMS-65/FCSCMS-417: Test Cases/Sprint 3/FCSCMS-65/FCSCMS-417

2022-04-27 15:01:13 - [TEST_STEP][PASSED] - click(findTestObject("Sprint 3/FCSCMS-58/FCSCMS-407,462/User Account Management")): Object: 'Object Repository/Sprint 3/FCSCMS-58/FCSCMS-407,462/User Account Management' is clicked on

2022-04-27 15:01:47 - [MESSAGE][PASSED] - Object: 'Object Repository/Sprint 3/FCSCMS-58/FCSCMS-407,462/User Account Management' is clicked on

2022-04-27 15:01:47 - [TEST_STEP][PASSED] - click(findTestObject("Sprint 3/FCSCMS-58/FCSCMS-410/Add New User")): Object: 'Object Repository/Sprint 3/FCSCMS-58/FCSCMS-410/Add New User' is clicked on

2022-04-27 15:02:18 - [MESSAGE][PASSED] - Object: 'Object Repository/Sprint 3/FCSCMS-58/FCSCMS-410/Add New User' is clicked on

2022-04-27 15:02:18 - [TEST_STEP][PASSED] - setText(findTestObject("Sprint 3/FCSCMS-65/FCSCMS-417/Create User_User Login Name"), "Cancel User test"): Text 'Cancel User test' is set on object 'Object Repository/Sprint 3/FCSCMS-65/FCSCMS-417/Create User_User Login Name'

2022-04-27 15:03:18 - [MESSAGE][PASSED] - Text 'Cancel User test' is set on object 'Object Repository/Sprint 3/FCSCMS-65/FCSCMS-417/Create User_User Login Name'

2022-04-27 15:03:18 - [TEST_STEP][PASSED] - click(findTestObject("Sprint 3/FCSCMS-65/FCSCMS-417/Cancel button")): Object: 'Object Repository/Sprint 3/FCSCMS-65/FCSCMS-417/Cancel button' is clicked on

2022-04-27 15:03:49 - [MESSAGE][PASSED] - Object: 'Object Repository/Sprint 3/FCSCMS-65/FCSCMS-417/Cancel button' is clicked on

2022-04-27 15:03:49 - [TEST_STEP][PASSED] - click(findTestObject("Sprint 3/FCSCMS-65/FCSCMS-417/Cancel new user_Yes")): Object: 'Object Repository/Sprint 3/FCSCMS-65/FCSCMS-417/Cancel new user_Yes' is clicked on

2022-04-27 15:04:19 - [MESSAGE][PASSED] - Object: 'Object Repository/Sprint 3/FCSCMS-65/FCSCMS-417/Cancel new user_Yes' is clicked on

2022-04-27 15:04:19 - [TEST_STEP][PASSED] - verifyTextNotPresent("Cancel User test", false): Text 'Cancel User test' is not present on page

2022-04-27 15:04:50 - [MESSAGE][PASSED] - Text 'Cancel User test' is not present on page]]></system-out>
         <system-err><![CDATA[]]></system-err>
      </testcase>
      <system-out><![CDATA[2022-04-27 15:00:55 - [TEST_SUITE][PASSED] - FCSCMS-417: Test Cases/Sprint 3/FCSCMS-65/FCSCMS-417]]></system-out>
      <system-err><![CDATA[]]></system-err>
   </testsuite>
</testsuites>
