<?xml version="1.0" encoding="UTF-8"?>
<testsuites name="FCSCMS-410" time="993.805" tests="2" failures="0" errors="0">
   <testsuite name="FCSCMS-410" tests="2" failures="0" errors="0" time="993.805" skipped="0" timestamp="2022-04-22 16:20:02" hostname="Fet - DESKTOP-Q81B6T4" id="Test Suites/Sprint 3/FCSCMS-58/FCSCMS-410">
      <properties>
         <property name="deviceName" value=""/>
         <property name="devicePlatform" value=""/>
         <property name="logFolder" value="C:\\Users\\Fet\\git\\Sample - Nexterus\\Reports\\20220422_161957\\Sprint 3\\FCSCMS-58\\FCSCMS-410\\20220422_161957"/>
         <property name="logFiles" value="C:\\Users\\Fet\\git\\Sample - Nexterus\\Reports\\20220422_161957\\Sprint 3\\FCSCMS-58\\FCSCMS-410\\20220422_161957\\execution0.log"/>
         <property name="attachments" value=""/>
         <property name="hostName" value="Fet - DESKTOP-Q81B6T4"/>
         <property name="os" value="Windows 10 64bit"/>
         <property name="katalonVersion" value="8.3.0.208"/>
         <property name="browser" value="Chrome 100.0.4896.127"/>
         <property name="hostAddress" value="192.168.5.82"/>
         <property name="sessionId" value="a54aa88dc13adb9a29faf5b70ce85e06"/>
         <property name="seleniumVersion" value="3.141.59"/>
         <property name="proxyInformation" value="ProxyInformation { proxyOption=NO_PROXY, proxyServerType=HTTP, username=, password=********, proxyServerAddress=, proxyServerPort=0, executionList=&quot;&quot;, isApplyToDesiredCapabilities=true }"/>
         <property name="platform" value="Windows 10"/>
      </properties>
      <testcase name="Test Cases/Log-in/Log-in- 1" time="15.019" classname="Test Cases/Log-in/Log-in- 1" status="PASSED">
         <system-out><![CDATA[2022-04-22 16:20:03 - [TEST_CASE][PASSED] - Test Cases/Log-in/Log-in- 1: Test Cases/Log-in/Log-in- 1

2022-04-22 16:20:04 - [TEST_STEP][PASSED] - openBrowser(""): Browser is opened with url: ''

2022-04-22 16:20:05 - [MESSAGE][INFO] - Starting 'Chrome' driver

2022-04-22 16:20:05 - [MESSAGE][INFO] - Action delay is set to 0 milliseconds

2022-04-22 16:20:08 - [MESSAGE][PASSED] - Browser is opened with url: ''

2022-04-22 16:20:08 - [TEST_STEP][PASSED] - navigateToUrl("https://nexterus-tst.outsystemsenterprise.com/FusionCenter/Login"): Navigate to 'https://nexterus-tst.outsystemsenterprise.com/FusionCenter/Login' successfully

2022-04-22 16:20:11 - [MESSAGE][PASSED] - Navigate to 'https://nexterus-tst.outsystemsenterprise.com/FusionCenter/Login' successfully

2022-04-22 16:20:11 - [TEST_STEP][PASSED] - maximizeWindow(): Current window maximized

2022-04-22 16:20:12 - [MESSAGE][PASSED] - Current window maximized

2022-04-22 16:20:12 - [TEST_STEP][PASSED] - delay(2): Delayed 2 second(s)

2022-04-22 16:20:14 - [MESSAGE][PASSED] - Delayed 2 second(s)

2022-04-22 16:20:14 - [TEST_STEP][PASSED] - setText(findTestObject("Log-in/Username field"), "admin"): Text 'admin' is set on object 'Object Repository/Log-in/Username field'

2022-04-22 16:20:16 - [MESSAGE][PASSED] - Text 'admin' is set on object 'Object Repository/Log-in/Username field'

2022-04-22 16:20:16 - [TEST_STEP][PASSED] - setText(findTestObject("Log-in/Password field"), "admin"): Text 'admin' is set on object 'Object Repository/Log-in/Password field'

2022-04-22 16:20:17 - [MESSAGE][PASSED] - Text 'admin' is set on object 'Object Repository/Log-in/Password field'

2022-04-22 16:20:17 - [TEST_STEP][PASSED] - click(findTestObject("Log-in/Log-in button"), STOP_ON_FAILURE): Object: 'Object Repository/Log-in/Log-in button' is clicked on

2022-04-22 16:20:18 - [MESSAGE][PASSED] - Object: 'Object Repository/Log-in/Log-in button' is clicked on]]></system-out>
         <system-err><![CDATA[]]></system-err>
      </testcase>
      <testcase name="Test Cases/Sprint 3/FCSCMS-58/FCSCMS-410" time="977.971" classname="Test Cases/Sprint 3/FCSCMS-58/FCSCMS-410" status="PASSED">
         <system-out><![CDATA[2022-04-22 16:20:18 - [TEST_CASE][PASSED] - Test Cases/Sprint 3/FCSCMS-58/FCSCMS-410: Test Cases/Sprint 3/FCSCMS-58/FCSCMS-410

2022-04-22 16:20:19 - [TEST_STEP][PASSED] - click(findTestObject("Sprint 3/FCSCMS-58/FCSCMS-407,462/User Account Management")): Object: 'Object Repository/Sprint 3/FCSCMS-58/FCSCMS-407,462/User Account Management' is clicked on

2022-04-22 16:20:57 - [MESSAGE][PASSED] - Object: 'Object Repository/Sprint 3/FCSCMS-58/FCSCMS-407,462/User Account Management' is clicked on

2022-04-22 16:20:57 - [TEST_STEP][PASSED] - click(findTestObject("Sprint 3/FCSCMS-58/FCSCMS-410/Add New User")): Object: 'Object Repository/Sprint 3/FCSCMS-58/FCSCMS-410/Add New User' is clicked on

2022-04-22 16:21:27 - [MESSAGE][PASSED] - Object: 'Object Repository/Sprint 3/FCSCMS-58/FCSCMS-410/Add New User' is clicked on

2022-04-22 16:21:27 - [TEST_STEP][PASSED] - setText(findTestObject("Sprint 3/FCSCMS-58/FCSCMS-410/Create User_User Login Name"), "fet3"): Text 'fet3' is set on object 'Object Repository/Sprint 3/FCSCMS-58/FCSCMS-410/Create User_User Login Name'

2022-04-22 16:22:28 - [MESSAGE][PASSED] - Text 'fet3' is set on object 'Object Repository/Sprint 3/FCSCMS-58/FCSCMS-410/Create User_User Login Name'

2022-04-22 16:22:28 - [TEST_STEP][PASSED] - setText(findTestObject("Sprint 3/FCSCMS-58/FCSCMS-410/Create User_User Name"), "fet3"): Text 'fet3' is set on object 'Object Repository/Sprint 3/FCSCMS-58/FCSCMS-410/Create User_User Name'

2022-04-22 16:23:28 - [MESSAGE][PASSED] - Text 'fet3' is set on object 'Object Repository/Sprint 3/FCSCMS-58/FCSCMS-410/Create User_User Name'

2022-04-22 16:23:28 - [TEST_STEP][PASSED] - setText(findTestObject("Sprint 3/FCSCMS-58/FCSCMS-410/Create User_Email"), "fet3@mailinator.com"): Text 'fet3@mailinator.com' is set on object 'Object Repository/Sprint 3/FCSCMS-58/FCSCMS-410/Create User_Email'

2022-04-22 16:24:29 - [MESSAGE][PASSED] - Text 'fet3@mailinator.com' is set on object 'Object Repository/Sprint 3/FCSCMS-58/FCSCMS-410/Create User_Email'

2022-04-22 16:24:29 - [TEST_STEP][PASSED] - setText(findTestObject("Sprint 3/FCSCMS-58/FCSCMS-410/Create User_Address Line 1"), "Tinago"): Text 'Tinago' is set on object 'Object Repository/Sprint 3/FCSCMS-58/FCSCMS-410/Create User_Address Line 1'

2022-04-22 16:25:29 - [MESSAGE][PASSED] - Text 'Tinago' is set on object 'Object Repository/Sprint 3/FCSCMS-58/FCSCMS-410/Create User_Address Line 1'

2022-04-22 16:25:29 - [TEST_STEP][PASSED] - setText(findTestObject("Sprint 3/FCSCMS-58/FCSCMS-410/Create User__Address Line 2"), "M.Castro"): Text 'M.Castro' is set on object 'Object Repository/Sprint 3/FCSCMS-58/FCSCMS-410/Create User__Address Line 2'

2022-04-22 16:26:30 - [MESSAGE][PASSED] - Text 'M.Castro' is set on object 'Object Repository/Sprint 3/FCSCMS-58/FCSCMS-410/Create User__Address Line 2'

2022-04-22 16:26:30 - [TEST_STEP][PASSED] - click(findTestObject("Sprint 3/FCSCMS-58/FCSCMS-410/Create User_Privilege Group")): Object: 'Object Repository/Sprint 3/FCSCMS-58/FCSCMS-410/Create User_Privilege Group' is clicked on

2022-04-22 16:27:00 - [MESSAGE][PASSED] - Object: 'Object Repository/Sprint 3/FCSCMS-58/FCSCMS-410/Create User_Privilege Group' is clicked on

2022-04-22 16:27:00 - [TEST_STEP][PASSED] - click(findTestObject("Sprint 3/FCSCMS-58/FCSCMS-410/Create User_Privelege Group_Values Reader")): Object: 'Object Repository/Sprint 3/FCSCMS-58/FCSCMS-410/Create User_Privelege Group_Values Reader' is clicked on

2022-04-22 16:27:31 - [MESSAGE][PASSED] - Object: 'Object Repository/Sprint 3/FCSCMS-58/FCSCMS-410/Create User_Privelege Group_Values Reader' is clicked on

2022-04-22 16:27:31 - [TEST_STEP][PASSED] - click(findTestObject("Sprint 3/FCSCMS-58/FCSCMS-410/Create User_User Group")): Object: 'Object Repository/Sprint 3/FCSCMS-58/FCSCMS-410/Create User_User Group' is clicked on

2022-04-22 16:28:01 - [MESSAGE][PASSED] - Object: 'Object Repository/Sprint 3/FCSCMS-58/FCSCMS-410/Create User_User Group' is clicked on

2022-04-22 16:28:01 - [TEST_STEP][PASSED] - click(findTestObject("Sprint 3/FCSCMS-58/FCSCMS-410/Create User_User Group_Admin User Group")): Object: 'Object Repository/Sprint 3/FCSCMS-58/FCSCMS-410/Create User_User Group_Admin User Group' is clicked on

2022-04-22 16:28:31 - [MESSAGE][PASSED] - Object: 'Object Repository/Sprint 3/FCSCMS-58/FCSCMS-410/Create User_User Group_Admin User Group' is clicked on

2022-04-22 16:28:31 - [TEST_STEP][PASSED] - click(findTestObject("Sprint 3/FCSCMS-58/FCSCMS-410/Create User_City")): Object: 'Object Repository/Sprint 3/FCSCMS-58/FCSCMS-410/Create User_City' is clicked on

2022-04-22 16:29:02 - [MESSAGE][PASSED] - Object: 'Object Repository/Sprint 3/FCSCMS-58/FCSCMS-410/Create User_City' is clicked on

2022-04-22 16:29:02 - [TEST_STEP][PASSED] - click(findTestObject("Sprint 3/FCSCMS-58/FCSCMS-410/Create User_City_Alabaster")): Object: 'Object Repository/Sprint 3/FCSCMS-58/FCSCMS-410/Create User_City_Alabaster' is clicked on

2022-04-22 16:29:32 - [MESSAGE][PASSED] - Object: 'Object Repository/Sprint 3/FCSCMS-58/FCSCMS-410/Create User_City_Alabaster' is clicked on

2022-04-22 16:29:32 - [TEST_STEP][PASSED] - click(findTestObject("Sprint 3/FCSCMS-58/FCSCMS-410/Create User_Zip Code")): Object: 'Object Repository/Sprint 3/FCSCMS-58/FCSCMS-410/Create User_Zip Code' is clicked on

2022-04-22 16:30:02 - [MESSAGE][PASSED] - Object: 'Object Repository/Sprint 3/FCSCMS-58/FCSCMS-410/Create User_Zip Code' is clicked on

2022-04-22 16:30:02 - [TEST_STEP][PASSED] - click(findTestObject("Sprint 3/FCSCMS-58/FCSCMS-410/Create User_ZIP Code_35007")): Object: 'Object Repository/Sprint 3/FCSCMS-58/FCSCMS-410/Create User_ZIP Code_35007' is clicked on

2022-04-22 16:30:33 - [MESSAGE][PASSED] - Object: 'Object Repository/Sprint 3/FCSCMS-58/FCSCMS-410/Create User_ZIP Code_35007' is clicked on

2022-04-22 16:30:33 - [TEST_STEP][PASSED] - selectOptionByLabel(findTestObject("Sprint 3/FCSCMS-58/FCSCMS-410/Create User_Phone Number_Area code"), "+1", false): All options with label '+1' are selected in object 'Object Repository/Sprint 3/FCSCMS-58/FCSCMS-410/Create User_Phone Number_Area code' 

2022-04-22 16:31:33 - [MESSAGE][PASSED] - All options with label '+1' are selected in object 'Object Repository/Sprint 3/FCSCMS-58/FCSCMS-410/Create User_Phone Number_Area code' 

2022-04-22 16:31:33 - [TEST_STEP][PASSED] - setText(findTestObject("Sprint 3/FCSCMS-58/FCSCMS-410/Create User_Phone Number field"), "2027953213"): Text '2027953213' is set on object 'Object Repository/Sprint 3/FCSCMS-58/FCSCMS-410/Create User_Phone Number field'

2022-04-22 16:32:34 - [MESSAGE][PASSED] - Text '2027953213' is set on object 'Object Repository/Sprint 3/FCSCMS-58/FCSCMS-410/Create User_Phone Number field'

2022-04-22 16:32:34 - [TEST_STEP][PASSED] - setText(findTestObject("Sprint 3/FCSCMS-58/FCSCMS-410/Create User_Phone Number _Extension"), "00"): Text '00' is set on object 'Object Repository/Sprint 3/FCSCMS-58/FCSCMS-410/Create User_Phone Number _Extension'

2022-04-22 16:33:35 - [MESSAGE][PASSED] - Text '00' is set on object 'Object Repository/Sprint 3/FCSCMS-58/FCSCMS-410/Create User_Phone Number _Extension'

2022-04-22 16:33:35 - [TEST_STEP][PASSED] - selectOptionByLabel(findTestObject("Sprint 3/FCSCMS-58/FCSCMS-410/Create User_Mobile Number_Area Code"), "+1", false): All options with label '+1' are selected in object 'Object Repository/Sprint 3/FCSCMS-58/FCSCMS-410/Create User_Mobile Number_Area Code' 

2022-04-22 16:34:35 - [MESSAGE][PASSED] - All options with label '+1' are selected in object 'Object Repository/Sprint 3/FCSCMS-58/FCSCMS-410/Create User_Mobile Number_Area Code' 

2022-04-22 16:34:35 - [TEST_STEP][PASSED] - setText(findTestObject("Sprint 3/FCSCMS-58/FCSCMS-410/Create User_Phone Number field"), "2027953213"): Text '2027953213' is set on object 'Object Repository/Sprint 3/FCSCMS-58/FCSCMS-410/Create User_Phone Number field'

2022-04-22 16:35:35 - [MESSAGE][PASSED] - Text '2027953213' is set on object 'Object Repository/Sprint 3/FCSCMS-58/FCSCMS-410/Create User_Phone Number field'

2022-04-22 16:35:35 - [TEST_STEP][PASSED] - click(findTestObject("Sprint 3/FCSCMS-58/FCSCMS-410/Create User_Save")): Object: 'Object Repository/Sprint 3/FCSCMS-58/FCSCMS-410/Create User_Save' is clicked on

2022-04-22 16:36:06 - [MESSAGE][PASSED] - Object: 'Object Repository/Sprint 3/FCSCMS-58/FCSCMS-410/Create User_Save' is clicked on

2022-04-22 16:36:06 - [TEST_STEP][PASSED] - click(findTestObject("Sprint 3/FCSCMS-58/FCSCMS-410/Create_User_Confirmation_Yes")): Object: 'Object Repository/Sprint 3/FCSCMS-58/FCSCMS-410/Create_User_Confirmation_Yes' is clicked on

2022-04-22 16:36:36 - [MESSAGE][PASSED] - Object: 'Object Repository/Sprint 3/FCSCMS-58/FCSCMS-410/Create_User_Confirmation_Yes' is clicked on]]></system-out>
         <system-err><![CDATA[]]></system-err>
      </testcase>
      <system-out><![CDATA[2022-04-22 16:20:02 - [TEST_SUITE][PASSED] - FCSCMS-410: Test Cases/Sprint 3/FCSCMS-58/FCSCMS-410]]></system-out>
      <system-err><![CDATA[]]></system-err>
   </testsuite>
</testsuites>
