<?xml version="1.0" encoding="UTF-8"?>
<testsuites name="FCSCMS-124(User, Role and Access Management- Deactivate User)" time="277.025" tests="6" failures="0" errors="0">
   <testsuite name="FCSCMS-124(User, Role and Access Management- Deactivate User)" tests="6" failures="0" errors="0" time="277.025" skipped="0" timestamp="2022-05-03 13:21:54" hostname="Fet - DESKTOP-Q81B6T4" id="Test Suites/Sprint 4/FCSCMS-124(User, Role and Access Management- Deactivate User)">
      <properties>
         <property name="deviceName" value=""/>
         <property name="devicePlatform" value=""/>
         <property name="logFolder" value="C:\\Users\\Fet\\git\\Sample - Nexterus\\Reports\\20220503_132148\\Sprint 4\\FCSCMS-124(User, Role and Access Management- Deactivate User)\\20220503_132148"/>
         <property name="logFiles" value="C:\\Users\\Fet\\git\\Sample - Nexterus\\Reports\\20220503_132148\\Sprint 4\\FCSCMS-124(User, Role and Access Management- Deactivate User)\\20220503_132148\\execution0.log"/>
         <property name="attachments" value=""/>
         <property name="hostName" value="Fet - DESKTOP-Q81B6T4"/>
         <property name="os" value="Windows 10 64bit"/>
         <property name="katalonVersion" value="8.3.0.208"/>
         <property name="browser" value="Chrome 100.0.4896.127"/>
         <property name="hostAddress" value="192.168.5.82"/>
         <property name="sessionId" value="29593654c9a8c1fba876bd082be1c60e"/>
         <property name="seleniumVersion" value="3.141.59"/>
         <property name="proxyInformation" value="ProxyInformation { proxyOption=NO_PROXY, proxyServerType=HTTP, username=, password=********, proxyServerAddress=, proxyServerPort=0, executionList=&quot;&quot;, isApplyToDesiredCapabilities=true }"/>
         <property name="platform" value="Windows 10"/>
      </properties>
      <testcase name="Test Cases/Log-in/Log-in- 1" time="12.817" classname="Test Cases/Log-in/Log-in- 1" status="PASSED">
         <system-out><![CDATA[2022-05-03 13:21:55 - [TEST_CASE][PASSED] - Test Cases/Log-in/Log-in- 1: Test Cases/Log-in/Log-in- 1

2022-05-03 13:21:56 - [TEST_STEP][PASSED] - openBrowser(""): Browser is opened with url: ''

2022-05-03 13:21:56 - [MESSAGE][INFO] - Starting 'Chrome' driver

2022-05-03 13:21:56 - [MESSAGE][INFO] - Action delay is set to 0 milliseconds

2022-05-03 13:22:00 - [MESSAGE][PASSED] - Browser is opened with url: ''

2022-05-03 13:22:00 - [TEST_STEP][PASSED] - navigateToUrl("https://nexterus-dev.outsystemsenterprise.com/FusionCenter/Login"): Navigate to 'https://nexterus-dev.outsystemsenterprise.com/FusionCenter/Login' successfully

2022-05-03 13:22:02 - [MESSAGE][PASSED] - Navigate to 'https://nexterus-dev.outsystemsenterprise.com/FusionCenter/Login' successfully

2022-05-03 13:22:02 - [TEST_STEP][PASSED] - maximizeWindow(): Current window maximized

2022-05-03 13:22:02 - [MESSAGE][PASSED] - Current window maximized

2022-05-03 13:22:02 - [TEST_STEP][PASSED] - delay(1): Delayed 1 second(s)

2022-05-03 13:22:04 - [MESSAGE][PASSED] - Delayed 1 second(s)

2022-05-03 13:22:04 - [TEST_STEP][PASSED] - setText(findTestObject("001-Log-in/Username field"), "admin"): Text 'admin' is set on object 'Object Repository/001-Log-in/Username field'

2022-05-03 13:22:06 - [MESSAGE][PASSED] - Text 'admin' is set on object 'Object Repository/001-Log-in/Username field'

2022-05-03 13:22:06 - [TEST_STEP][PASSED] - setText(findTestObject("001-Log-in/Password field"), "admin"): Text 'admin' is set on object 'Object Repository/001-Log-in/Password field'

2022-05-03 13:22:07 - [MESSAGE][PASSED] - Text 'admin' is set on object 'Object Repository/001-Log-in/Password field'

2022-05-03 13:22:07 - [TEST_STEP][PASSED] - click(findTestObject("001-Log-in/Log-in button"), STOP_ON_FAILURE): Object: 'Object Repository/001-Log-in/Log-in button' is clicked on

2022-05-03 13:22:08 - [MESSAGE][PASSED] - Object: 'Object Repository/001-Log-in/Log-in button' is clicked on]]></system-out>
         <system-err><![CDATA[]]></system-err>
      </testcase>
      <testcase name="Test Cases/Sprint 4/FCSCMS-124/FCSCMS-487(Admin user is able to log in using valid credentials)" time="12.014" classname="Test Cases/Sprint 4/FCSCMS-124/FCSCMS-487(Admin user is able to log in using valid credentials)" status="PASSED">
         <system-out><![CDATA[2022-05-03 13:22:08 - [TEST_CASE][PASSED] - Test Cases/Sprint 4/FCSCMS-124/FCSCMS-487(Admin user is able to log in using valid credentials): Test Cases/Sprint 4/FCSCMS-124/FCSCMS-487(Admin user is able to log in using valid credentials)

2022-05-03 13:22:09 - [TEST_STEP][PASSED] - openBrowser(""): Browser is opened with url: ''

2022-05-03 13:22:09 - [MESSAGE][WARNING] - A browser is already opened. Closing browser and opening a new one

2022-05-03 13:22:10 - [MESSAGE][INFO] - Starting 'Chrome' driver

2022-05-03 13:22:10 - [MESSAGE][INFO] - Action delay is set to 0 milliseconds

2022-05-03 13:22:11 - [MESSAGE][PASSED] - Browser is opened with url: ''

2022-05-03 13:22:11 - [TEST_STEP][PASSED] - navigateToUrl("https://nexterus-dev.outsystemsenterprise.com/FusionCenter/Login"): Navigate to 'https://nexterus-dev.outsystemsenterprise.com/FusionCenter/Login' successfully

2022-05-03 13:22:14 - [MESSAGE][PASSED] - Navigate to 'https://nexterus-dev.outsystemsenterprise.com/FusionCenter/Login' successfully

2022-05-03 13:22:14 - [TEST_STEP][PASSED] - maximizeWindow(): Current window maximized

2022-05-03 13:22:14 - [MESSAGE][PASSED] - Current window maximized

2022-05-03 13:22:14 - [TEST_STEP][PASSED] - delay(1): Delayed 1 second(s)

2022-05-03 13:22:15 - [MESSAGE][PASSED] - Delayed 1 second(s)

2022-05-03 13:22:15 - [TEST_STEP][PASSED] - setText(findTestObject("001-Log-in/Username field"), "admin"): Text 'admin' is set on object 'Object Repository/001-Log-in/Username field'

2022-05-03 13:22:18 - [MESSAGE][PASSED] - Text 'admin' is set on object 'Object Repository/001-Log-in/Username field'

2022-05-03 13:22:18 - [TEST_STEP][PASSED] - setText(findTestObject("001-Log-in/Password field"), "admin"): Text 'admin' is set on object 'Object Repository/001-Log-in/Password field'

2022-05-03 13:22:19 - [MESSAGE][PASSED] - Text 'admin' is set on object 'Object Repository/001-Log-in/Password field'

2022-05-03 13:22:19 - [TEST_STEP][PASSED] - click(findTestObject("001-Log-in/Log-in button"), STOP_ON_FAILURE): Object: 'Object Repository/001-Log-in/Log-in button' is clicked on

2022-05-03 13:22:20 - [MESSAGE][PASSED] - Object: 'Object Repository/001-Log-in/Log-in button' is clicked on]]></system-out>
         <system-err><![CDATA[]]></system-err>
      </testcase>
      <testcase name="Test Cases/Sprint 4/FCSCMS-124/FCSCMS-488(User is able to click User and Account Management option from the left navigation panel)" time="37.151" classname="Test Cases/Sprint 4/FCSCMS-124/FCSCMS-488(User is able to click User and Account Management option from the left navigation panel)" status="PASSED">
         <system-out><![CDATA[2022-05-03 13:22:20 - [TEST_CASE][PASSED] - Test Cases/Sprint 4/FCSCMS-124/FCSCMS-488(User is able to click User and Account Management option from the left navigation panel): Test Cases/Sprint 4/FCSCMS-124/FCSCMS-488(User is able to click User and Account Management option from the left navigation panel)

2022-05-03 13:22:20 - [TEST_STEP][PASSED] - click(findTestObject("Admin/Sprint 4/FCSCMS-122/User Account Management")): Object: 'Object Repository/Admin/Sprint 4/FCSCMS-122/User Account Management' is clicked on

2022-05-03 13:22:57 - [MESSAGE][PASSED] - Object: 'Object Repository/Admin/Sprint 4/FCSCMS-122/User Account Management' is clicked on]]></system-out>
         <system-err><![CDATA[]]></system-err>
      </testcase>
      <testcase name="Test Cases/Sprint 4/FCSCMS-124/FCSCMS-490(Admin user is able to click deactivate button)" time="61.452" classname="Test Cases/Sprint 4/FCSCMS-124/FCSCMS-490(Admin user is able to click deactivate button)" status="PASSED">
         <system-out><![CDATA[2022-05-03 13:22:57 - [TEST_CASE][PASSED] - Test Cases/Sprint 4/FCSCMS-124/FCSCMS-490(Admin user is able to click deactivate button): Test Cases/Sprint 4/FCSCMS-124/FCSCMS-490(Admin user is able to click deactivate button)

2022-05-03 13:22:58 - [TEST_STEP][PASSED] - click(findTestObject("Admin/Sprint 4/FCSCMS-124/Deactivate(fet automation)")): Object: 'Object Repository/Admin/Sprint 4/FCSCMS-124/Deactivate(fet automation)' is clicked on

2022-05-03 13:23:28 - [MESSAGE][PASSED] - Object: 'Object Repository/Admin/Sprint 4/FCSCMS-124/Deactivate(fet automation)' is clicked on

2022-05-03 13:23:28 - [TEST_STEP][PASSED] - verifyElementVisible(findTestObject("Admin/Sprint 4/FCSCMS-124/Deactivate_Confirmation message")): Object 'Object Repository/Admin/Sprint 4/FCSCMS-124/Deactivate_Confirmation message' is visible

2022-05-03 13:23:58 - [MESSAGE][PASSED] - Object 'Object Repository/Admin/Sprint 4/FCSCMS-124/Deactivate_Confirmation message' is visible]]></system-out>
         <system-err><![CDATA[]]></system-err>
      </testcase>
      <testcase name="Test Cases/Sprint 4/FCSCMS-124/FCSCMS-491(Admin user is able to cancel deactivation process)" time="61.205" classname="Test Cases/Sprint 4/FCSCMS-124/FCSCMS-491(Admin user is able to cancel deactivation process)" status="PASSED">
         <system-out><![CDATA[2022-05-03 13:23:58 - [TEST_CASE][PASSED] - Test Cases/Sprint 4/FCSCMS-124/FCSCMS-491(Admin user is able to cancel deactivation process): Test Cases/Sprint 4/FCSCMS-124/FCSCMS-491(Admin user is able to cancel deactivation process)

2022-05-03 13:23:59 - [TEST_STEP][PASSED] - click(findTestObject("Admin/Sprint 4/FCSCMS-124/Deactivate_No")): Object: 'Object Repository/Admin/Sprint 4/FCSCMS-124/Deactivate_No' is clicked on

2022-05-03 13:24:29 - [MESSAGE][PASSED] - Object: 'Object Repository/Admin/Sprint 4/FCSCMS-124/Deactivate_No' is clicked on

2022-05-03 13:24:29 - [TEST_STEP][PASSED] - verifyElementVisible(findTestObject("Admin/Sprint 4/FCSCMS-124/Verification_Active")): Object 'Object Repository/Admin/Sprint 4/FCSCMS-124/Verification_Active' is visible

2022-05-03 13:24:59 - [MESSAGE][PASSED] - Object 'Object Repository/Admin/Sprint 4/FCSCMS-124/Verification_Active' is visible]]></system-out>
         <system-err><![CDATA[]]></system-err>
      </testcase>
      <testcase name="Test Cases/Sprint 4/FCSCMS-124/FCSCMS-492(Admin user is able to Deactivate user status)" time="91.706" classname="Test Cases/Sprint 4/FCSCMS-124/FCSCMS-492(Admin user is able to Deactivate user status)" status="PASSED">
         <system-out><![CDATA[2022-05-03 13:24:59 - [TEST_CASE][PASSED] - Test Cases/Sprint 4/FCSCMS-124/FCSCMS-492(Admin user is able to Deactivate user status): Test Cases/Sprint 4/FCSCMS-124/FCSCMS-492(Admin user is able to Deactivate user status)

2022-05-03 13:25:00 - [TEST_STEP][PASSED] - click(findTestObject("Admin/Sprint 4/FCSCMS-124/Deactivate(fet automation)")): Object: 'Object Repository/Admin/Sprint 4/FCSCMS-124/Deactivate(fet automation)' is clicked on

2022-05-03 13:25:30 - [MESSAGE][PASSED] - Object: 'Object Repository/Admin/Sprint 4/FCSCMS-124/Deactivate(fet automation)' is clicked on

2022-05-03 13:25:30 - [TEST_STEP][PASSED] - click(findTestObject("Admin/Sprint 4/FCSCMS-124/Deactivate_Yes")): Object: 'Object Repository/Admin/Sprint 4/FCSCMS-124/Deactivate_Yes' is clicked on

2022-05-03 13:26:01 - [MESSAGE][PASSED] - Object: 'Object Repository/Admin/Sprint 4/FCSCMS-124/Deactivate_Yes' is clicked on

2022-05-03 13:26:01 - [TEST_STEP][PASSED] - verifyElementVisible(findTestObject("Admin/Sprint 4/FCSCMS-124/Verification_Inactive")): Object 'Object Repository/Admin/Sprint 4/FCSCMS-124/Verification_Inactive' is visible

2022-05-03 13:26:31 - [MESSAGE][PASSED] - Object 'Object Repository/Admin/Sprint 4/FCSCMS-124/Verification_Inactive' is visible]]></system-out>
         <system-err><![CDATA[]]></system-err>
      </testcase>
      <system-out><![CDATA[2022-05-03 13:21:54 - [TEST_SUITE][PASSED] - FCSCMS-124(User, Role and Access Management- Deactivate User): Test Cases/Sprint 4/FCSCMS-124/FCSCMS-492(Admin user is able to Deactivate user status)]]></system-out>
      <system-err><![CDATA[]]></system-err>
   </testsuite>
</testsuites>
