<?xml version="1.0" encoding="UTF-8"?>
<testsuites name="FCSCMS-125(User, Role and Access Management- Unlock User)" time="308.887" tests="7" failures="0" errors="0">
   <testsuite name="FCSCMS-125(User, Role and Access Management- Unlock User)" tests="7" failures="0" errors="0" time="308.887" skipped="0" timestamp="2022-05-03 18:05:45" hostname="Fet - DESKTOP-Q81B6T4" id="Test Suites/Sprint 4/FCSCMS-125(User, Role and Access Management- Unlock User)">
      <properties>
         <property name="deviceName" value=""/>
         <property name="devicePlatform" value=""/>
         <property name="logFolder" value="C:\\Users\\Fet\\git\\Sample - Nexterus\\Reports\\20220503_180539\\Sprint 4\\FCSCMS-125(User, Role and Access Management- Unlock User)\\20220503_180539"/>
         <property name="logFiles" value="C:\\Users\\Fet\\git\\Sample - Nexterus\\Reports\\20220503_180539\\Sprint 4\\FCSCMS-125(User, Role and Access Management- Unlock User)\\20220503_180539\\execution0.log"/>
         <property name="attachments" value=""/>
         <property name="hostName" value="Fet - DESKTOP-Q81B6T4"/>
         <property name="os" value="Windows 10 64bit"/>
         <property name="katalonVersion" value="8.3.0.208"/>
         <property name="browser" value="Chrome 100.0.4896.127"/>
         <property name="hostAddress" value="192.168.5.82"/>
         <property name="sessionId" value="5475c0963f1b6cb266ce7d65e0a39262"/>
         <property name="seleniumVersion" value="3.141.59"/>
         <property name="proxyInformation" value="ProxyInformation { proxyOption=NO_PROXY, proxyServerType=HTTP, username=, password=********, proxyServerAddress=, proxyServerPort=0, executionList=&quot;&quot;, isApplyToDesiredCapabilities=true }"/>
         <property name="platform" value="Windows 10"/>
      </properties>
      <testcase name="Test Cases/Log-in/Log-in- 1" time="13.244" classname="Test Cases/Log-in/Log-in- 1" status="PASSED">
         <system-out><![CDATA[2022-05-03 18:05:45 - [TEST_CASE][PASSED] - Test Cases/Log-in/Log-in- 1: Test Cases/Log-in/Log-in- 1

2022-05-03 18:05:46 - [TEST_STEP][PASSED] - openBrowser(""): Browser is opened with url: ''

2022-05-03 18:05:47 - [MESSAGE][INFO] - Starting 'Chrome' driver

2022-05-03 18:05:47 - [MESSAGE][INFO] - Action delay is set to 0 milliseconds

2022-05-03 18:05:51 - [MESSAGE][PASSED] - Browser is opened with url: ''

2022-05-03 18:05:51 - [TEST_STEP][PASSED] - navigateToUrl("https://nexterus-dev.outsystemsenterprise.com/FusionCenter/Login"): Navigate to 'https://nexterus-dev.outsystemsenterprise.com/FusionCenter/Login' successfully

2022-05-03 18:05:53 - [MESSAGE][PASSED] - Navigate to 'https://nexterus-dev.outsystemsenterprise.com/FusionCenter/Login' successfully

2022-05-03 18:05:53 - [TEST_STEP][PASSED] - maximizeWindow(): Current window maximized

2022-05-03 18:05:54 - [MESSAGE][PASSED] - Current window maximized

2022-05-03 18:05:54 - [TEST_STEP][PASSED] - delay(1): Delayed 1 second(s)

2022-05-03 18:05:55 - [MESSAGE][PASSED] - Delayed 1 second(s)

2022-05-03 18:05:55 - [TEST_STEP][PASSED] - setText(findTestObject("001-Log-in/Username field"), "admin"): Text 'admin' is set on object 'Object Repository/001-Log-in/Username field'

2022-05-03 18:05:57 - [MESSAGE][PASSED] - Text 'admin' is set on object 'Object Repository/001-Log-in/Username field'

2022-05-03 18:05:57 - [TEST_STEP][PASSED] - setText(findTestObject("001-Log-in/Password field"), "admin"): Text 'admin' is set on object 'Object Repository/001-Log-in/Password field'

2022-05-03 18:05:58 - [MESSAGE][PASSED] - Text 'admin' is set on object 'Object Repository/001-Log-in/Password field'

2022-05-03 18:05:58 - [TEST_STEP][PASSED] - click(findTestObject("001-Log-in/Log-in button"), STOP_ON_FAILURE): Object: 'Object Repository/001-Log-in/Log-in button' is clicked on

2022-05-03 18:05:59 - [MESSAGE][PASSED] - Object: 'Object Repository/001-Log-in/Log-in button' is clicked on]]></system-out>
         <system-err><![CDATA[]]></system-err>
      </testcase>
      <testcase name="Test Cases/Sprint 4/FCSCMS-134/FCSCMS-617(Admin user is able to log in using valid credentials)" time="12.127" classname="Test Cases/Sprint 4/FCSCMS-134/FCSCMS-617(Admin user is able to log in using valid credentials)" status="PASSED">
         <system-out><![CDATA[2022-05-03 18:05:59 - [TEST_CASE][PASSED] - Test Cases/Sprint 4/FCSCMS-134/FCSCMS-617(Admin user is able to log in using valid credentials): Test Cases/Sprint 4/FCSCMS-134/FCSCMS-617(Admin user is able to log in using valid credentials)

2022-05-03 18:06:00 - [TEST_STEP][PASSED] - openBrowser(""): Browser is opened with url: ''

2022-05-03 18:06:00 - [MESSAGE][WARNING] - A browser is already opened. Closing browser and opening a new one

2022-05-03 18:06:01 - [MESSAGE][INFO] - Starting 'Chrome' driver

2022-05-03 18:06:01 - [MESSAGE][INFO] - Action delay is set to 0 milliseconds

2022-05-03 18:06:03 - [MESSAGE][PASSED] - Browser is opened with url: ''

2022-05-03 18:06:03 - [TEST_STEP][PASSED] - navigateToUrl("https://nexterus-dev.outsystemsenterprise.com/FusionCenter/Login"): Navigate to 'https://nexterus-dev.outsystemsenterprise.com/FusionCenter/Login' successfully

2022-05-03 18:06:05 - [MESSAGE][PASSED] - Navigate to 'https://nexterus-dev.outsystemsenterprise.com/FusionCenter/Login' successfully

2022-05-03 18:06:05 - [TEST_STEP][PASSED] - maximizeWindow(): Current window maximized

2022-05-03 18:06:06 - [MESSAGE][PASSED] - Current window maximized

2022-05-03 18:06:06 - [TEST_STEP][PASSED] - delay(1): Delayed 1 second(s)

2022-05-03 18:06:07 - [MESSAGE][PASSED] - Delayed 1 second(s)

2022-05-03 18:06:07 - [TEST_STEP][PASSED] - setText(findTestObject("001-Log-in/Username field"), "admin"): Text 'admin' is set on object 'Object Repository/001-Log-in/Username field'

2022-05-03 18:06:09 - [MESSAGE][PASSED] - Text 'admin' is set on object 'Object Repository/001-Log-in/Username field'

2022-05-03 18:06:09 - [TEST_STEP][PASSED] - setText(findTestObject("001-Log-in/Password field"), "admin"): Text 'admin' is set on object 'Object Repository/001-Log-in/Password field'

2022-05-03 18:06:10 - [MESSAGE][PASSED] - Text 'admin' is set on object 'Object Repository/001-Log-in/Password field'

2022-05-03 18:06:10 - [TEST_STEP][PASSED] - click(findTestObject("001-Log-in/Log-in button"), STOP_ON_FAILURE): Object: 'Object Repository/001-Log-in/Log-in button' is clicked on

2022-05-03 18:06:11 - [MESSAGE][PASSED] - Object: 'Object Repository/001-Log-in/Log-in button' is clicked on]]></system-out>
         <system-err><![CDATA[]]></system-err>
      </testcase>
      <testcase name="Test Cases/Sprint 4/FCSCMS-134/FCSCMS-618(User is able to click User and Account Management option from the left navigation panel)" time="36.128" classname="Test Cases/Sprint 4/FCSCMS-134/FCSCMS-618(User is able to click User and Account Management option from the left navigation panel)" status="PASSED">
         <system-out><![CDATA[2022-05-03 18:06:11 - [TEST_CASE][PASSED] - Test Cases/Sprint 4/FCSCMS-134/FCSCMS-618(User is able to click User and Account Management option from the left navigation panel): Test Cases/Sprint 4/FCSCMS-134/FCSCMS-618(User is able to click User and Account Management option from the left navigation panel)

2022-05-03 18:06:12 - [TEST_STEP][PASSED] - click(findTestObject("Admin/Sprint 4/FCSCMS-122/User Account Management")): Object: 'Object Repository/Admin/Sprint 4/FCSCMS-122/User Account Management' is clicked on

2022-05-03 18:06:47 - [MESSAGE][PASSED] - Object: 'Object Repository/Admin/Sprint 4/FCSCMS-122/User Account Management' is clicked on]]></system-out>
         <system-err><![CDATA[]]></system-err>
      </testcase>
      <testcase name="Test Cases/Sprint 4/FCSCMS-134/FCSCMS-619(Admin user is able to click Edit button)" time="31.22" classname="Test Cases/Sprint 4/FCSCMS-134/FCSCMS-619(Admin user is able to click Edit button)" status="PASSED">
         <system-out><![CDATA[2022-05-03 18:06:47 - [TEST_CASE][PASSED] - Test Cases/Sprint 4/FCSCMS-134/FCSCMS-619(Admin user is able to click Edit button): Test Cases/Sprint 4/FCSCMS-134/FCSCMS-619(Admin user is able to click Edit button)

2022-05-03 18:06:48 - [TEST_STEP][PASSED] - click(findTestObject("Admin/Sprint 4/FCSCMS-134/Edit button_fet  automation")): Object: 'Object Repository/Admin/Sprint 4/FCSCMS-134/Edit button_fet  automation' is clicked on

2022-05-03 18:07:18 - [MESSAGE][PASSED] - Object: 'Object Repository/Admin/Sprint 4/FCSCMS-134/Edit button_fet  automation' is clicked on]]></system-out>
         <system-err><![CDATA[]]></system-err>
      </testcase>
      <testcase name="Test Cases/Sprint 4/FCSCMS-134/FCSCMS-620(Admin user is able to click Lock checkbox button in Edit page)" time="62.463" classname="Test Cases/Sprint 4/FCSCMS-134/FCSCMS-620(Admin user is able to click Lock checkbox button in Edit page)" status="PASSED">
         <system-out><![CDATA[2022-05-03 18:07:18 - [TEST_CASE][PASSED] - Test Cases/Sprint 4/FCSCMS-134/FCSCMS-620(Admin user is able to click Lock checkbox button in Edit page): Test Cases/Sprint 4/FCSCMS-134/FCSCMS-620(Admin user is able to click Lock checkbox button in Edit page)

2022-05-03 18:07:19 - [TEST_STEP][PASSED] - click(findTestObject("Admin/Sprint 4/FCSCMS-134/User Access Checkbox")): Object: 'Object Repository/Admin/Sprint 4/FCSCMS-134/User Access Checkbox' is clicked on

2022-05-03 18:07:49 - [MESSAGE][PASSED] - Object: 'Object Repository/Admin/Sprint 4/FCSCMS-134/User Access Checkbox' is clicked on

2022-05-03 18:07:49 - [TEST_STEP][PASSED] - delay(1): Delayed 1 second(s)

2022-05-03 18:07:50 - [MESSAGE][PASSED] - Delayed 1 second(s)

2022-05-03 18:07:50 - [TEST_STEP][PASSED] - verifyElementVisible(findTestObject("Admin/Sprint 4/FCSCMS-134/User Access_Lock_Confirmation message"), STOP_ON_FAILURE): Object 'Object Repository/Admin/Sprint 4/FCSCMS-134/User Access_Lock_Confirmation message' is visible

2022-05-03 18:08:21 - [MESSAGE][PASSED] - Object 'Object Repository/Admin/Sprint 4/FCSCMS-134/User Access_Lock_Confirmation message' is visible]]></system-out>
         <system-err><![CDATA[]]></system-err>
      </testcase>
      <testcase name="Test Cases/Sprint 4/FCSCMS-134/FCSCMS-621(Admin is able to cancel the process)" time="61.349" classname="Test Cases/Sprint 4/FCSCMS-134/FCSCMS-621(Admin is able to cancel the process)" status="PASSED">
         <system-out><![CDATA[2022-05-03 18:08:21 - [TEST_CASE][PASSED] - Test Cases/Sprint 4/FCSCMS-134/FCSCMS-621(Admin is able to cancel the process): Test Cases/Sprint 4/FCSCMS-134/FCSCMS-621(Admin is able to cancel the process)

2022-05-03 18:08:21 - [TEST_STEP][PASSED] - click(findTestObject("Admin/Sprint 4/FCSCMS-134/User access_lock_no")): Object: 'Object Repository/Admin/Sprint 4/FCSCMS-134/User access_lock_no' is clicked on

2022-05-03 18:08:52 - [MESSAGE][PASSED] - Object: 'Object Repository/Admin/Sprint 4/FCSCMS-134/User access_lock_no' is clicked on

2022-05-03 18:08:52 - [TEST_STEP][PASSED] - verifyElementVisible(findTestObject("Admin/Sprint 4/FCSCMS-134/Verification_User Status_Unlocked")): Object 'Object Repository/Admin/Sprint 4/FCSCMS-134/Verification_User Status_Unlocked' is visible

2022-05-03 18:09:22 - [MESSAGE][PASSED] - Object 'Object Repository/Admin/Sprint 4/FCSCMS-134/Verification_User Status_Unlocked' is visible]]></system-out>
         <system-err><![CDATA[]]></system-err>
      </testcase>
      <testcase name="Test Cases/Sprint 4/FCSCMS-134/FCSCMS-622(Admin is able to lock a User)" time="91.642" classname="Test Cases/Sprint 4/FCSCMS-134/FCSCMS-622(Admin is able to lock a User)" status="PASSED">
         <system-out><![CDATA[2022-05-03 18:09:22 - [TEST_CASE][PASSED] - Test Cases/Sprint 4/FCSCMS-134/FCSCMS-622(Admin is able to lock a User): Test Cases/Sprint 4/FCSCMS-134/FCSCMS-622(Admin is able to lock a User)

2022-05-03 18:09:23 - [TEST_STEP][PASSED] - click(findTestObject("Admin/Sprint 4/FCSCMS-134/User Access Checkbox")): Object: 'Object Repository/Admin/Sprint 4/FCSCMS-134/User Access Checkbox' is clicked on

2022-05-03 18:09:53 - [MESSAGE][PASSED] - Object: 'Object Repository/Admin/Sprint 4/FCSCMS-134/User Access Checkbox' is clicked on

2022-05-03 18:09:53 - [TEST_STEP][PASSED] - click(findTestObject("Admin/Sprint 4/FCSCMS-134/User access_lock_yes")): Object: 'Object Repository/Admin/Sprint 4/FCSCMS-134/User access_lock_yes' is clicked on

2022-05-03 18:10:23 - [MESSAGE][PASSED] - Object: 'Object Repository/Admin/Sprint 4/FCSCMS-134/User access_lock_yes' is clicked on

2022-05-03 18:10:23 - [TEST_STEP][PASSED] - verifyElementVisible(findTestObject("Admin/Sprint 4/FCSCMS-134/Verification_User Status_Locked")): Object 'Object Repository/Admin/Sprint 4/FCSCMS-134/Verification_User Status_Locked' is visible

2022-05-03 18:10:54 - [MESSAGE][PASSED] - Object 'Object Repository/Admin/Sprint 4/FCSCMS-134/Verification_User Status_Locked' is visible]]></system-out>
         <system-err><![CDATA[]]></system-err>
      </testcase>
      <system-out><![CDATA[2022-05-03 18:05:45 - [TEST_SUITE][PASSED] - FCSCMS-125(User, Role and Access Management- Unlock User): Test Cases/Sprint 4/FCSCMS-134/FCSCMS-622(Admin is able to lock a User)]]></system-out>
      <system-err><![CDATA[]]></system-err>
   </testsuite>
</testsuites>
