<?xml version="1.0" encoding="UTF-8"?>
<testsuites name="FCSCMS-122(User, Role and Access Management- View or Edit User)" time="118.124" tests="2" failures="0" errors="0">
   <testsuite name="FCSCMS-122(User, Role and Access Management- View or Edit User)" tests="2" failures="0" errors="0" time="118.124" skipped="0" timestamp="2022-04-29 20:05:01" hostname="Fet - DESKTOP-Q81B6T4" id="Test Suites/Sprint 4/FCSCMS-122(User, Role and Access Management- View or Edit User)">
      <properties>
         <property name="deviceName" value=""/>
         <property name="devicePlatform" value=""/>
         <property name="logFolder" value="C:\\Users\\Fet\\git\\Sample - Nexterus\\Reports\\20220429_200456\\Sprint 4\\FCSCMS-122(User, Role and Access Management- View or Edit User)\\20220429_200456"/>
         <property name="logFiles" value="C:\\Users\\Fet\\git\\Sample - Nexterus\\Reports\\20220429_200456\\Sprint 4\\FCSCMS-122(User, Role and Access Management- View or Edit User)\\20220429_200456\\execution0.log"/>
         <property name="attachments" value=""/>
         <property name="hostName" value="Fet - DESKTOP-Q81B6T4"/>
         <property name="os" value="Windows 10 64bit"/>
         <property name="katalonVersion" value="8.3.0.208"/>
         <property name="browser" value="Chrome 100.0.4896.127"/>
         <property name="hostAddress" value="192.168.5.82"/>
         <property name="sessionId" value="2dd9ab9f00da4899345344a0577c0daf"/>
         <property name="seleniumVersion" value="3.141.59"/>
         <property name="proxyInformation" value="ProxyInformation { proxyOption=NO_PROXY, proxyServerType=HTTP, username=, password=********, proxyServerAddress=, proxyServerPort=0, executionList=&quot;&quot;, isApplyToDesiredCapabilities=true }"/>
         <property name="platform" value="Windows 10"/>
      </properties>
      <testcase name="Test Cases/Sprint 4/FCSCMS-122/FCSCMS-472(Admin user is able to log in using valid credentials)" time="15.023" classname="Test Cases/Sprint 4/FCSCMS-122/FCSCMS-472(Admin user is able to log in using valid credentials)" status="PASSED">
         <system-out><![CDATA[2022-04-29 20:05:02 - [TEST_CASE][PASSED] - Test Cases/Sprint 4/FCSCMS-122/FCSCMS-472(Admin user is able to log in using valid credentials): Test Cases/Sprint 4/FCSCMS-122/FCSCMS-472(Admin user is able to log in using valid credentials)

2022-04-29 20:05:03 - [TEST_STEP][PASSED] - openBrowser(""): Browser is opened with url: ''

2022-04-29 20:05:04 - [MESSAGE][INFO] - Starting 'Chrome' driver

2022-04-29 20:05:04 - [MESSAGE][INFO] - Action delay is set to 0 milliseconds

2022-04-29 20:05:08 - [MESSAGE][PASSED] - Browser is opened with url: ''

2022-04-29 20:05:08 - [TEST_STEP][PASSED] - navigateToUrl("https://nexterus-dev.outsystemsenterprise.com/FusionCenter/Login"): Navigate to 'https://nexterus-dev.outsystemsenterprise.com/FusionCenter/Login' successfully

2022-04-29 20:05:11 - [MESSAGE][PASSED] - Navigate to 'https://nexterus-dev.outsystemsenterprise.com/FusionCenter/Login' successfully

2022-04-29 20:05:11 - [TEST_STEP][PASSED] - maximizeWindow(): Current window maximized

2022-04-29 20:05:11 - [MESSAGE][PASSED] - Current window maximized

2022-04-29 20:05:11 - [TEST_STEP][PASSED] - delay(1): Delayed 1 second(s)

2022-04-29 20:05:12 - [MESSAGE][PASSED] - Delayed 1 second(s)

2022-04-29 20:05:12 - [TEST_STEP][PASSED] - setText(findTestObject("001-Log-in/Username field"), "admin"): Text 'admin' is set on object 'Object Repository/001-Log-in/Username field'

2022-04-29 20:05:15 - [MESSAGE][PASSED] - Text 'admin' is set on object 'Object Repository/001-Log-in/Username field'

2022-04-29 20:05:15 - [TEST_STEP][PASSED] - setText(findTestObject("001-Log-in/Password field"), "admin"): Text 'admin' is set on object 'Object Repository/001-Log-in/Password field'

2022-04-29 20:05:16 - [MESSAGE][PASSED] - Text 'admin' is set on object 'Object Repository/001-Log-in/Password field'

2022-04-29 20:05:16 - [TEST_STEP][PASSED] - click(findTestObject("001-Log-in/Log-in button"), STOP_ON_FAILURE): Object: 'Object Repository/001-Log-in/Log-in button' is clicked on

2022-04-29 20:05:17 - [MESSAGE][PASSED] - Object: 'Object Repository/001-Log-in/Log-in button' is clicked on]]></system-out>
         <system-err><![CDATA[]]></system-err>
      </testcase>
      <testcase name="Test Cases/Sprint 4/FCSCMS-122/FCSCMS-476(Admin user is able to click Cancel button)" time="102.465" classname="Test Cases/Sprint 4/FCSCMS-122/FCSCMS-476(Admin user is able to click Cancel button)" status="PASSED">
         <system-out><![CDATA[2022-04-29 20:05:17 - [TEST_CASE][PASSED] - Test Cases/Sprint 4/FCSCMS-122/FCSCMS-476(Admin user is able to click Cancel button): Test Cases/Sprint 4/FCSCMS-122/FCSCMS-476(Admin user is able to click Cancel button)

2022-04-29 20:05:18 - [TEST_STEP][PASSED] - click(findTestObject("Admin/Sprint 4/FCSCMS-122/User Account Management")): Object: 'Object Repository/Admin/Sprint 4/FCSCMS-122/User Account Management' is clicked on

2022-04-29 20:05:28 - [MESSAGE][PASSED] - Object: 'Object Repository/Admin/Sprint 4/FCSCMS-122/User Account Management' is clicked on

2022-04-29 20:05:28 - [TEST_STEP][PASSED] - click(findTestObject("Admin/Sprint 4/FCSCMS-122/Edit button_ANONYMOUS USER")): Object: 'Object Repository/Admin/Sprint 4/FCSCMS-122/Edit button_ANONYMOUS USER' is clicked on

2022-04-29 20:05:59 - [MESSAGE][PASSED] - Object: 'Object Repository/Admin/Sprint 4/FCSCMS-122/Edit button_ANONYMOUS USER' is clicked on

2022-04-29 20:05:59 - [TEST_STEP][PASSED] - click(findTestObject("Admin/Sprint 4/FCSCMS-122/Edit User_Cancel")): Object: 'Object Repository/Admin/Sprint 4/FCSCMS-122/Edit User_Cancel' is clicked on

2022-04-29 20:06:29 - [MESSAGE][PASSED] - Object: 'Object Repository/Admin/Sprint 4/FCSCMS-122/Edit User_Cancel' is clicked on

2022-04-29 20:06:29 - [TEST_STEP][PASSED] - verifyElementText(findTestObject("Admin/Sprint 4/FCSCMS-122/Edit User_Cancel_Confirmation message2"), "Are you sure you want to leave this page, you will lose any unsaved information?"): Actual text and expected text of test object 'Object Repository/Admin/Sprint 4/FCSCMS-122/Edit User_Cancel_Confirmation message2' are matched.

2022-04-29 20:06:59 - [MESSAGE][PASSED] - Actual text and expected text of test object 'Object Repository/Admin/Sprint 4/FCSCMS-122/Edit User_Cancel_Confirmation message2' are matched.]]></system-out>
         <system-err><![CDATA[]]></system-err>
      </testcase>
      <system-out><![CDATA[2022-04-29 20:05:01 - [TEST_SUITE][PASSED] - FCSCMS-122(User, Role and Access Management- View or Edit User): Test Cases/Sprint 4/FCSCMS-122/FCSCMS-476(Admin user is able to click Cancel button)]]></system-out>
      <system-err><![CDATA[]]></system-err>
   </testsuite>
</testsuites>
