<?xml version="1.0" encoding="UTF-8"?>
<testsuites name="FCSCMS-415" time="996.994" tests="2" failures="0" errors="0">
   <testsuite name="FCSCMS-415" tests="2" failures="0" errors="0" time="996.994" skipped="0" timestamp="2022-04-26 16:06:52" hostname="Fet - DESKTOP-Q81B6T4" id="Test Suites/Sprint 3/FCSCMS-65/FCSCMS-415">
      <properties>
         <property name="deviceName" value=""/>
         <property name="devicePlatform" value=""/>
         <property name="logFolder" value="C:\\Users\\Fet\\git\\Sample - Nexterus\\Reports\\20220426_160646\\Sprint 3\\FCSCMS-65\\FCSCMS-415\\20220426_160646"/>
         <property name="logFiles" value="C:\\Users\\Fet\\git\\Sample - Nexterus\\Reports\\20220426_160646\\Sprint 3\\FCSCMS-65\\FCSCMS-415\\20220426_160646\\execution0.log"/>
         <property name="attachments" value=""/>
         <property name="hostName" value="Fet - DESKTOP-Q81B6T4"/>
         <property name="os" value="Windows 10 64bit"/>
         <property name="katalonVersion" value="8.3.0.208"/>
         <property name="browser" value="Chrome 100.0.4896.127"/>
         <property name="hostAddress" value="192.168.5.82"/>
         <property name="sessionId" value="bf32490e48193b71ac07b0d4a2ccab3e"/>
         <property name="seleniumVersion" value="3.141.59"/>
         <property name="proxyInformation" value="ProxyInformation { proxyOption=NO_PROXY, proxyServerType=HTTP, username=, password=********, proxyServerAddress=, proxyServerPort=0, executionList=&quot;&quot;, isApplyToDesiredCapabilities=true }"/>
         <property name="platform" value="Windows 10"/>
      </properties>
      <testcase name="Test Cases/Log-in/Log-in- 1" time="14.308" classname="Test Cases/Log-in/Log-in- 1" status="PASSED">
         <system-out><![CDATA[2022-04-26 16:06:52 - [TEST_CASE][PASSED] - Test Cases/Log-in/Log-in- 1: Test Cases/Log-in/Log-in- 1

2022-04-26 16:06:53 - [TEST_STEP][PASSED] - openBrowser(""): Browser is opened with url: ''

2022-04-26 16:06:54 - [MESSAGE][INFO] - Starting 'Chrome' driver

2022-04-26 16:06:54 - [MESSAGE][INFO] - Action delay is set to 0 milliseconds

2022-04-26 16:06:58 - [MESSAGE][PASSED] - Browser is opened with url: ''

2022-04-26 16:06:58 - [TEST_STEP][PASSED] - navigateToUrl("https://nexterus-tst.outsystemsenterprise.com/FusionCenter/Login"): Navigate to 'https://nexterus-tst.outsystemsenterprise.com/FusionCenter/Login' successfully

2022-04-26 16:07:00 - [MESSAGE][PASSED] - Navigate to 'https://nexterus-tst.outsystemsenterprise.com/FusionCenter/Login' successfully

2022-04-26 16:07:00 - [TEST_STEP][PASSED] - maximizeWindow(): Current window maximized

2022-04-26 16:07:01 - [MESSAGE][PASSED] - Current window maximized

2022-04-26 16:07:01 - [TEST_STEP][PASSED] - delay(2): Delayed 2 second(s)

2022-04-26 16:07:03 - [MESSAGE][PASSED] - Delayed 2 second(s)

2022-04-26 16:07:03 - [TEST_STEP][PASSED] - setText(findTestObject("Log-in/Username field"), "admin"): Text 'admin' is set on object 'Object Repository/Log-in/Username field'

2022-04-26 16:07:05 - [MESSAGE][PASSED] - Text 'admin' is set on object 'Object Repository/Log-in/Username field'

2022-04-26 16:07:05 - [TEST_STEP][PASSED] - setText(findTestObject("Log-in/Password field"), "admin"): Text 'admin' is set on object 'Object Repository/Log-in/Password field'

2022-04-26 16:07:06 - [MESSAGE][PASSED] - Text 'admin' is set on object 'Object Repository/Log-in/Password field'

2022-04-26 16:07:06 - [TEST_STEP][PASSED] - click(findTestObject("Log-in/Log-in button"), STOP_ON_FAILURE): Object: 'Object Repository/Log-in/Log-in button' is clicked on

2022-04-26 16:07:06 - [MESSAGE][PASSED] - Object: 'Object Repository/Log-in/Log-in button' is clicked on]]></system-out>
         <system-err><![CDATA[]]></system-err>
      </testcase>
      <testcase name="Test Cases/Sprint 3/FCSCMS-65/FCSCMS-415" time="982.026" classname="Test Cases/Sprint 3/FCSCMS-65/FCSCMS-415" status="PASSED">
         <system-out><![CDATA[2022-04-26 16:07:06 - [TEST_CASE][PASSED] - Test Cases/Sprint 3/FCSCMS-65/FCSCMS-415: Test Cases/Sprint 3/FCSCMS-65/FCSCMS-415

2022-04-26 16:07:08 - [TEST_STEP][PASSED] - click(findTestObject("Sprint 3/FCSCMS-58/FCSCMS-407,462/User Account Management")): Object: 'Object Repository/Sprint 3/FCSCMS-58/FCSCMS-407,462/User Account Management' is clicked on

2022-04-26 16:07:16 - [MESSAGE][PASSED] - Object: 'Object Repository/Sprint 3/FCSCMS-58/FCSCMS-407,462/User Account Management' is clicked on

2022-04-26 16:07:16 - [TEST_STEP][PASSED] - click(findTestObject("Sprint 3/FCSCMS-58/FCSCMS-410/Add New User")): Object: 'Object Repository/Sprint 3/FCSCMS-58/FCSCMS-410/Add New User' is clicked on

2022-04-26 16:07:46 - [MESSAGE][PASSED] - Object: 'Object Repository/Sprint 3/FCSCMS-58/FCSCMS-410/Add New User' is clicked on

2022-04-26 16:07:46 - [TEST_STEP][PASSED] - setText(findTestObject("Sprint 3/FCSCMS-58/FCSCMS-410/Create User_User Login Name"), "fet5"): Text 'fet5' is set on object 'Object Repository/Sprint 3/FCSCMS-58/FCSCMS-410/Create User_User Login Name'

2022-04-26 16:08:47 - [MESSAGE][PASSED] - Text 'fet5' is set on object 'Object Repository/Sprint 3/FCSCMS-58/FCSCMS-410/Create User_User Login Name'

2022-04-26 16:08:47 - [TEST_STEP][PASSED] - setText(findTestObject("Sprint 3/FCSCMS-58/FCSCMS-410/Create User_User Name"), "fet5"): Text 'fet5' is set on object 'Object Repository/Sprint 3/FCSCMS-58/FCSCMS-410/Create User_User Name'

2022-04-26 16:09:47 - [MESSAGE][PASSED] - Text 'fet5' is set on object 'Object Repository/Sprint 3/FCSCMS-58/FCSCMS-410/Create User_User Name'

2022-04-26 16:09:47 - [TEST_STEP][PASSED] - setText(findTestObject("Sprint 3/FCSCMS-58/FCSCMS-410/Create User_Email"), "fet5@mailinator.com"): Text 'fet5@mailinator.com' is set on object 'Object Repository/Sprint 3/FCSCMS-58/FCSCMS-410/Create User_Email'

2022-04-26 16:10:48 - [MESSAGE][PASSED] - Text 'fet5@mailinator.com' is set on object 'Object Repository/Sprint 3/FCSCMS-58/FCSCMS-410/Create User_Email'

2022-04-26 16:10:48 - [TEST_STEP][PASSED] - setText(findTestObject("Sprint 3/FCSCMS-58/FCSCMS-410/Create User_Address Line 1"), "Tinago"): Text 'Tinago' is set on object 'Object Repository/Sprint 3/FCSCMS-58/FCSCMS-410/Create User_Address Line 1'

2022-04-26 16:11:49 - [MESSAGE][PASSED] - Text 'Tinago' is set on object 'Object Repository/Sprint 3/FCSCMS-58/FCSCMS-410/Create User_Address Line 1'

2022-04-26 16:11:49 - [TEST_STEP][PASSED] - setText(findTestObject("Sprint 3/FCSCMS-58/FCSCMS-410/Create User__Address Line 2"), "M.Castro"): Text 'M.Castro' is set on object 'Object Repository/Sprint 3/FCSCMS-58/FCSCMS-410/Create User__Address Line 2'

2022-04-26 16:12:49 - [MESSAGE][PASSED] - Text 'M.Castro' is set on object 'Object Repository/Sprint 3/FCSCMS-58/FCSCMS-410/Create User__Address Line 2'

2022-04-26 16:12:49 - [TEST_STEP][PASSED] - click(findTestObject("Sprint 3/FCSCMS-58/FCSCMS-410/Create User_Privilege Group")): Object: 'Object Repository/Sprint 3/FCSCMS-58/FCSCMS-410/Create User_Privilege Group' is clicked on

2022-04-26 16:13:19 - [MESSAGE][PASSED] - Object: 'Object Repository/Sprint 3/FCSCMS-58/FCSCMS-410/Create User_Privilege Group' is clicked on

2022-04-26 16:13:19 - [TEST_STEP][PASSED] - click(findTestObject("Sprint 3/FCSCMS-58/FCSCMS-410/Create User_Privelege Group_Values Reader")): Object: 'Object Repository/Sprint 3/FCSCMS-58/FCSCMS-410/Create User_Privelege Group_Values Reader' is clicked on

2022-04-26 16:13:50 - [MESSAGE][PASSED] - Object: 'Object Repository/Sprint 3/FCSCMS-58/FCSCMS-410/Create User_Privelege Group_Values Reader' is clicked on

2022-04-26 16:13:50 - [TEST_STEP][PASSED] - click(findTestObject("Sprint 3/FCSCMS-58/FCSCMS-410/Create User_User Group")): Object: 'Object Repository/Sprint 3/FCSCMS-58/FCSCMS-410/Create User_User Group' is clicked on

2022-04-26 16:14:20 - [MESSAGE][PASSED] - Object: 'Object Repository/Sprint 3/FCSCMS-58/FCSCMS-410/Create User_User Group' is clicked on

2022-04-26 16:14:20 - [TEST_STEP][PASSED] - click(findTestObject("Sprint 3/FCSCMS-58/FCSCMS-410/Create User_User Group_Admin User Group")): Object: 'Object Repository/Sprint 3/FCSCMS-58/FCSCMS-410/Create User_User Group_Admin User Group' is clicked on

2022-04-26 16:14:51 - [MESSAGE][PASSED] - Object: 'Object Repository/Sprint 3/FCSCMS-58/FCSCMS-410/Create User_User Group_Admin User Group' is clicked on

2022-04-26 16:14:51 - [TEST_STEP][PASSED] - click(findTestObject("Sprint 3/FCSCMS-58/FCSCMS-410/Create User_City")): Object: 'Object Repository/Sprint 3/FCSCMS-58/FCSCMS-410/Create User_City' is clicked on

2022-04-26 16:15:21 - [MESSAGE][PASSED] - Object: 'Object Repository/Sprint 3/FCSCMS-58/FCSCMS-410/Create User_City' is clicked on

2022-04-26 16:15:21 - [TEST_STEP][PASSED] - click(findTestObject("Sprint 3/FCSCMS-58/FCSCMS-410/Create User_City_Alabaster")): Object: 'Object Repository/Sprint 3/FCSCMS-58/FCSCMS-410/Create User_City_Alabaster' is clicked on

2022-04-26 16:15:51 - [MESSAGE][PASSED] - Object: 'Object Repository/Sprint 3/FCSCMS-58/FCSCMS-410/Create User_City_Alabaster' is clicked on

2022-04-26 16:15:51 - [TEST_STEP][PASSED] - click(findTestObject("Sprint 3/FCSCMS-58/FCSCMS-410/Create User_Zip Code")): Object: 'Object Repository/Sprint 3/FCSCMS-58/FCSCMS-410/Create User_Zip Code' is clicked on

2022-04-26 16:16:22 - [MESSAGE][PASSED] - Object: 'Object Repository/Sprint 3/FCSCMS-58/FCSCMS-410/Create User_Zip Code' is clicked on

2022-04-26 16:16:22 - [TEST_STEP][PASSED] - click(findTestObject("Sprint 3/FCSCMS-58/FCSCMS-410/Create User_ZIP Code_35007")): Object: 'Object Repository/Sprint 3/FCSCMS-58/FCSCMS-410/Create User_ZIP Code_35007' is clicked on

2022-04-26 16:16:52 - [MESSAGE][PASSED] - Object: 'Object Repository/Sprint 3/FCSCMS-58/FCSCMS-410/Create User_ZIP Code_35007' is clicked on

2022-04-26 16:16:52 - [TEST_STEP][PASSED] - selectOptionByLabel(findTestObject("Sprint 3/FCSCMS-58/FCSCMS-410/Create User_Phone Number_Area code"), "+1", false): All options with label '+1' are selected in object 'Object Repository/Sprint 3/FCSCMS-58/FCSCMS-410/Create User_Phone Number_Area code' 

2022-04-26 16:17:53 - [MESSAGE][PASSED] - All options with label '+1' are selected in object 'Object Repository/Sprint 3/FCSCMS-58/FCSCMS-410/Create User_Phone Number_Area code' 

2022-04-26 16:17:53 - [TEST_STEP][PASSED] - setText(findTestObject("Sprint 3/FCSCMS-58/FCSCMS-410/Create User_Phone Number field"), "2027953213"): Text '2027953213' is set on object 'Object Repository/Sprint 3/FCSCMS-58/FCSCMS-410/Create User_Phone Number field'

2022-04-26 16:18:53 - [MESSAGE][PASSED] - Text '2027953213' is set on object 'Object Repository/Sprint 3/FCSCMS-58/FCSCMS-410/Create User_Phone Number field'

2022-04-26 16:18:53 - [TEST_STEP][PASSED] - setText(findTestObject("Sprint 3/FCSCMS-58/FCSCMS-410/Create User_Phone Number _Extension"), "00"): Text '00' is set on object 'Object Repository/Sprint 3/FCSCMS-58/FCSCMS-410/Create User_Phone Number _Extension'

2022-04-26 16:19:54 - [MESSAGE][PASSED] - Text '00' is set on object 'Object Repository/Sprint 3/FCSCMS-58/FCSCMS-410/Create User_Phone Number _Extension'

2022-04-26 16:19:54 - [TEST_STEP][PASSED] - selectOptionByLabel(findTestObject("Sprint 3/FCSCMS-58/FCSCMS-410/Create User_Mobile Number_Area Code"), "+1", false): All options with label '+1' are selected in object 'Object Repository/Sprint 3/FCSCMS-58/FCSCMS-410/Create User_Mobile Number_Area Code' 

2022-04-26 16:20:54 - [MESSAGE][PASSED] - All options with label '+1' are selected in object 'Object Repository/Sprint 3/FCSCMS-58/FCSCMS-410/Create User_Mobile Number_Area Code' 

2022-04-26 16:20:54 - [TEST_STEP][PASSED] - setText(findTestObject("Sprint 3/FCSCMS-58/FCSCMS-410/Create User_Mobile Number field"), "2027953213"): Text '2027953213' is set on object 'Object Repository/Sprint 3/FCSCMS-58/FCSCMS-410/Create User_Mobile Number field'

2022-04-26 16:21:55 - [MESSAGE][PASSED] - Text '2027953213' is set on object 'Object Repository/Sprint 3/FCSCMS-58/FCSCMS-410/Create User_Mobile Number field'

2022-04-26 16:21:55 - [TEST_STEP][PASSED] - click(findTestObject("Sprint 3/FCSCMS-58/FCSCMS-410/Create User_Save")): Object: 'Object Repository/Sprint 3/FCSCMS-58/FCSCMS-410/Create User_Save' is clicked on

2022-04-26 16:22:25 - [MESSAGE][PASSED] - Object: 'Object Repository/Sprint 3/FCSCMS-58/FCSCMS-410/Create User_Save' is clicked on

2022-04-26 16:22:25 - [TEST_STEP][PASSED] - click(findTestObject("Sprint 3/FCSCMS-58/FCSCMS-410/Create_User_Confirmation_Yes")): Object: 'Object Repository/Sprint 3/FCSCMS-58/FCSCMS-410/Create_User_Confirmation_Yes' is clicked on

2022-04-26 16:22:56 - [MESSAGE][PASSED] - Object: 'Object Repository/Sprint 3/FCSCMS-58/FCSCMS-410/Create_User_Confirmation_Yes' is clicked on

2022-04-26 16:22:56 - [TEST_STEP][PASSED] - verifyTextPresent("fet5@mailinator.com", false): Text 'fet5@mailinator.com' is present on page 

2022-04-26 16:23:27 - [MESSAGE][PASSED] - Text 'fet5@mailinator.com' is present on page 

2022-04-26 16:23:27 - [TEST_STEP][PASSED] - delay(2, STOP_ON_FAILURE): Delayed 2 second(s)

2022-04-26 16:23:29 - [MESSAGE][PASSED] - Delayed 2 second(s)]]></system-out>
         <system-err><![CDATA[]]></system-err>
      </testcase>
      <system-out><![CDATA[2022-04-26 16:06:52 - [TEST_SUITE][PASSED] - FCSCMS-415: Test Cases/Sprint 3/FCSCMS-65/FCSCMS-415]]></system-out>
      <system-err><![CDATA[]]></system-err>
   </testsuite>
</testsuites>
