<?xml version="1.0" encoding="UTF-8"?>
<testsuites name="FCSCMS-422" time="91.207" tests="2" failures="0" errors="0">
   <testsuite name="FCSCMS-422" tests="2" failures="0" errors="0" time="91.207" skipped="0" timestamp="2022-04-27 21:24:09" hostname="Fet - DESKTOP-Q81B6T4" id="Test Suites/Sprint 3/FCSCMS-230/FCSCMS-422">
      <properties>
         <property name="deviceName" value=""/>
         <property name="devicePlatform" value=""/>
         <property name="logFolder" value="C:\\Users\\Fet\\git\\Sample - Nexterus\\Reports\\20220427_212357\\Sprint 3\\FCSCMS-230\\FCSCMS-422\\20220427_212357"/>
         <property name="logFiles" value="C:\\Users\\Fet\\git\\Sample - Nexterus\\Reports\\20220427_212357\\Sprint 3\\FCSCMS-230\\FCSCMS-422\\20220427_212357\\execution0.log"/>
         <property name="attachments" value=""/>
         <property name="hostName" value="Fet - DESKTOP-Q81B6T4"/>
         <property name="os" value="Windows 10 64bit"/>
         <property name="katalonVersion" value="8.3.0.208"/>
         <property name="browser" value="Chrome 100.0.4896.127"/>
         <property name="hostAddress" value="192.168.5.82"/>
         <property name="sessionId" value="ce3975e497f251d7a0651a2eb168f398"/>
         <property name="seleniumVersion" value="3.141.59"/>
         <property name="proxyInformation" value="ProxyInformation { proxyOption=NO_PROXY, proxyServerType=HTTP, username=, password=********, proxyServerAddress=, proxyServerPort=0, executionList=&quot;&quot;, isApplyToDesiredCapabilities=true }"/>
         <property name="platform" value="Windows 10"/>
      </properties>
      <testcase name="Test Cases/Log-in/Log-in- 1" time="14.453" classname="Test Cases/Log-in/Log-in- 1" status="PASSED">
         <system-out><![CDATA[2022-04-27 21:24:10 - [TEST_CASE][PASSED] - Test Cases/Log-in/Log-in- 1: Test Cases/Log-in/Log-in- 1

2022-04-27 21:24:11 - [TEST_STEP][PASSED] - openBrowser(""): Browser is opened with url: ''

2022-04-27 21:24:12 - [MESSAGE][INFO] - Starting 'Chrome' driver

2022-04-27 21:24:12 - [MESSAGE][INFO] - Action delay is set to 0 milliseconds

2022-04-27 21:24:16 - [MESSAGE][PASSED] - Browser is opened with url: ''

2022-04-27 21:24:16 - [TEST_STEP][PASSED] - navigateToUrl("https://nexterus-tst.outsystemsenterprise.com/FusionCenter/Login"): Navigate to 'https://nexterus-tst.outsystemsenterprise.com/FusionCenter/Login' successfully

2022-04-27 21:24:19 - [MESSAGE][PASSED] - Navigate to 'https://nexterus-tst.outsystemsenterprise.com/FusionCenter/Login' successfully

2022-04-27 21:24:19 - [TEST_STEP][PASSED] - maximizeWindow(): Current window maximized

2022-04-27 21:24:19 - [MESSAGE][PASSED] - Current window maximized

2022-04-27 21:24:19 - [TEST_STEP][PASSED] - delay(1): Delayed 1 second(s)

2022-04-27 21:24:20 - [MESSAGE][PASSED] - Delayed 1 second(s)

2022-04-27 21:24:20 - [TEST_STEP][PASSED] - setText(findTestObject("001-Log-in/Username field"), "admin"): Text 'admin' is set on object 'Object Repository/001-Log-in/Username field'

2022-04-27 21:24:23 - [MESSAGE][PASSED] - Text 'admin' is set on object 'Object Repository/001-Log-in/Username field'

2022-04-27 21:24:23 - [TEST_STEP][PASSED] - setText(findTestObject("001-Log-in/Password field"), "admin"): Text 'admin' is set on object 'Object Repository/001-Log-in/Password field'

2022-04-27 21:24:24 - [MESSAGE][PASSED] - Text 'admin' is set on object 'Object Repository/001-Log-in/Password field'

2022-04-27 21:24:24 - [TEST_STEP][PASSED] - click(findTestObject("001-Log-in/Log-in button"), STOP_ON_FAILURE): Object: 'Object Repository/001-Log-in/Log-in button' is clicked on

2022-04-27 21:24:24 - [MESSAGE][PASSED] - Object: 'Object Repository/001-Log-in/Log-in button' is clicked on]]></system-out>
         <system-err><![CDATA[]]></system-err>
      </testcase>
      <testcase name="Test Cases/Sprint 3/FCSCMS-230/FCSCMS-422" time="76.041" classname="Test Cases/Sprint 3/FCSCMS-230/FCSCMS-422" status="PASSED">
         <system-out><![CDATA[2022-04-27 21:24:24 - [TEST_CASE][PASSED] - Test Cases/Sprint 3/FCSCMS-230/FCSCMS-422: Test Cases/Sprint 3/FCSCMS-230/FCSCMS-422

2022-04-27 21:24:25 - [TEST_STEP][PASSED] - openBrowser(""): Browser is opened with url: ''

2022-04-27 21:24:26 - [MESSAGE][WARNING] - A browser is already opened. Closing browser and opening a new one

2022-04-27 21:24:27 - [MESSAGE][INFO] - Starting 'Chrome' driver

2022-04-27 21:24:27 - [MESSAGE][INFO] - Action delay is set to 0 milliseconds

2022-04-27 21:24:28 - [MESSAGE][PASSED] - Browser is opened with url: ''

2022-04-27 21:24:28 - [TEST_STEP][PASSED] - navigateToUrl("https://nexterus-tst.outsystemsenterprise.com/FusionCenter/Login"): Navigate to 'https://nexterus-tst.outsystemsenterprise.com/FusionCenter/Login' successfully

2022-04-27 21:24:30 - [MESSAGE][PASSED] - Navigate to 'https://nexterus-tst.outsystemsenterprise.com/FusionCenter/Login' successfully

2022-04-27 21:24:30 - [TEST_STEP][PASSED] - maximizeWindow(): Current window maximized

2022-04-27 21:24:31 - [MESSAGE][PASSED] - Current window maximized

2022-04-27 21:24:31 - [TEST_STEP][PASSED] - delay(2): Delayed 2 second(s)

2022-04-27 21:24:33 - [MESSAGE][PASSED] - Delayed 2 second(s)

2022-04-27 21:24:33 - [TEST_STEP][PASSED] - setText(findTestObject("001-Log-in/Username field"), "test2"): Text 'test2' is set on object 'Object Repository/001-Log-in/Username field'

2022-04-27 21:24:34 - [MESSAGE][PASSED] - Text 'test2' is set on object 'Object Repository/001-Log-in/Username field'

2022-04-27 21:24:34 - [TEST_STEP][PASSED] - setText(findTestObject("001-Log-in/Password field"), "12345"): Text '12345' is set on object 'Object Repository/001-Log-in/Password field'

2022-04-27 21:24:35 - [MESSAGE][PASSED] - Text '12345' is set on object 'Object Repository/001-Log-in/Password field'

2022-04-27 21:24:35 - [TEST_STEP][PASSED] - click(findTestObject("001-Log-in/Log-in button"), STOP_ON_FAILURE): Object: 'Object Repository/001-Log-in/Log-in button' is clicked on

2022-04-27 21:24:35 - [MESSAGE][PASSED] - Object: 'Object Repository/001-Log-in/Log-in button' is clicked on

2022-04-27 21:24:35 - [TEST_STEP][PASSED] - click(findTestObject("Sprint 3/FCSCMS-230/FCSCMS-422/Profile settings dropdown"), STOP_ON_FAILURE): Object: 'Object Repository/Sprint 3/FCSCMS-230/FCSCMS-422/Profile settings dropdown' is clicked on

2022-04-27 21:25:10 - [MESSAGE][PASSED] - Object: 'Object Repository/Sprint 3/FCSCMS-230/FCSCMS-422/Profile settings dropdown' is clicked on

2022-04-27 21:25:10 - [TEST_STEP][PASSED] - click(findTestObject("Sprint 3/FCSCMS-230/FCSCMS-422/Log-out button"), STOP_ON_FAILURE): Object: 'Object Repository/Sprint 3/FCSCMS-230/FCSCMS-422/Log-out button' is clicked on

2022-04-27 21:25:40 - [MESSAGE][PASSED] - Object: 'Object Repository/Sprint 3/FCSCMS-230/FCSCMS-422/Log-out button' is clicked on]]></system-out>
         <system-err><![CDATA[]]></system-err>
      </testcase>
      <system-out><![CDATA[2022-04-27 21:24:09 - [TEST_SUITE][PASSED] - FCSCMS-422: Test Cases/Sprint 3/FCSCMS-230/FCSCMS-422]]></system-out>
      <system-err><![CDATA[]]></system-err>
   </testsuite>
</testsuites>
