<?xml version="1.0" encoding="UTF-8"?>
<testsuites name="FCSCMS-410" time="1022.77" tests="2" failures="0" errors="0">
   <testsuite name="FCSCMS-410" tests="2" failures="0" errors="0" time="1022.77" skipped="0" timestamp="2022-04-22 18:37:31" hostname="Fet - DESKTOP-Q81B6T4" id="Test Suites/Sprint 3/FCSCMS-58/FCSCMS-410">
      <properties>
         <property name="deviceName" value=""/>
         <property name="devicePlatform" value=""/>
         <property name="logFolder" value="C:\\Users\\Fet\\git\\Sample - Nexterus\\Reports\\20220422_183725\\Sprint 3\\FCSCMS-58\\FCSCMS-410\\20220422_183725"/>
         <property name="logFiles" value="C:\\Users\\Fet\\git\\Sample - Nexterus\\Reports\\20220422_183725\\Sprint 3\\FCSCMS-58\\FCSCMS-410\\20220422_183725\\execution0.log"/>
         <property name="attachments" value=""/>
         <property name="hostName" value="Fet - DESKTOP-Q81B6T4"/>
         <property name="os" value="Windows 10 64bit"/>
         <property name="katalonVersion" value="8.3.0.208"/>
         <property name="browser" value="Chrome 100.0.4896.127"/>
         <property name="hostAddress" value="192.168.5.82"/>
         <property name="sessionId" value="be1f1179313807d45190cdad5219095a"/>
         <property name="seleniumVersion" value="3.141.59"/>
         <property name="proxyInformation" value="ProxyInformation { proxyOption=NO_PROXY, proxyServerType=HTTP, username=, password=********, proxyServerAddress=, proxyServerPort=0, executionList=&quot;&quot;, isApplyToDesiredCapabilities=true }"/>
         <property name="platform" value="Windows 10"/>
      </properties>
      <testcase name="Test Cases/Log-in/Log-in- 1" time="13.591" classname="Test Cases/Log-in/Log-in- 1" status="PASSED">
         <system-out><![CDATA[2022-04-22 18:37:31 - [TEST_CASE][PASSED] - Test Cases/Log-in/Log-in- 1: Test Cases/Log-in/Log-in- 1

2022-04-22 18:37:32 - [TEST_STEP][PASSED] - openBrowser(""): Browser is opened with url: ''

2022-04-22 18:37:33 - [MESSAGE][INFO] - Starting 'Chrome' driver

2022-04-22 18:37:33 - [MESSAGE][INFO] - Action delay is set to 0 milliseconds

2022-04-22 18:37:37 - [MESSAGE][PASSED] - Browser is opened with url: ''

2022-04-22 18:37:37 - [TEST_STEP][PASSED] - navigateToUrl("https://nexterus-tst.outsystemsenterprise.com/FusionCenter/Login"): Navigate to 'https://nexterus-tst.outsystemsenterprise.com/FusionCenter/Login' successfully

2022-04-22 18:37:39 - [MESSAGE][PASSED] - Navigate to 'https://nexterus-tst.outsystemsenterprise.com/FusionCenter/Login' successfully

2022-04-22 18:37:39 - [TEST_STEP][PASSED] - maximizeWindow(): Current window maximized

2022-04-22 18:37:39 - [MESSAGE][PASSED] - Current window maximized

2022-04-22 18:37:39 - [TEST_STEP][PASSED] - delay(2): Delayed 2 second(s)

2022-04-22 18:37:41 - [MESSAGE][PASSED] - Delayed 2 second(s)

2022-04-22 18:37:41 - [TEST_STEP][PASSED] - setText(findTestObject("Log-in/Username field"), "admin"): Text 'admin' is set on object 'Object Repository/Log-in/Username field'

2022-04-22 18:37:43 - [MESSAGE][PASSED] - Text 'admin' is set on object 'Object Repository/Log-in/Username field'

2022-04-22 18:37:43 - [TEST_STEP][PASSED] - setText(findTestObject("Log-in/Password field"), "admin"): Text 'admin' is set on object 'Object Repository/Log-in/Password field'

2022-04-22 18:37:44 - [MESSAGE][PASSED] - Text 'admin' is set on object 'Object Repository/Log-in/Password field'

2022-04-22 18:37:44 - [TEST_STEP][PASSED] - click(findTestObject("Log-in/Log-in button"), STOP_ON_FAILURE): Object: 'Object Repository/Log-in/Log-in button' is clicked on

2022-04-22 18:37:45 - [MESSAGE][PASSED] - Object: 'Object Repository/Log-in/Log-in button' is clicked on]]></system-out>
         <system-err><![CDATA[]]></system-err>
      </testcase>
      <testcase name="Test Cases/Sprint 3/FCSCMS-58/FCSCMS-410" time="1008.562" classname="Test Cases/Sprint 3/FCSCMS-58/FCSCMS-410" status="PASSED">
         <system-out><![CDATA[2022-04-22 18:37:45 - [TEST_CASE][PASSED] - Test Cases/Sprint 3/FCSCMS-58/FCSCMS-410: Test Cases/Sprint 3/FCSCMS-58/FCSCMS-410

2022-04-22 18:37:46 - [TEST_STEP][PASSED] - click(findTestObject("Sprint 3/FCSCMS-58/FCSCMS-407,462/User Account Management")): Object: 'Object Repository/Sprint 3/FCSCMS-58/FCSCMS-407,462/User Account Management' is clicked on

2022-04-22 18:38:21 - [MESSAGE][PASSED] - Object: 'Object Repository/Sprint 3/FCSCMS-58/FCSCMS-407,462/User Account Management' is clicked on

2022-04-22 18:38:21 - [TEST_STEP][PASSED] - click(findTestObject("Sprint 3/FCSCMS-58/FCSCMS-410/Add New User")): Object: 'Object Repository/Sprint 3/FCSCMS-58/FCSCMS-410/Add New User' is clicked on

2022-04-22 18:38:52 - [MESSAGE][PASSED] - Object: 'Object Repository/Sprint 3/FCSCMS-58/FCSCMS-410/Add New User' is clicked on

2022-04-22 18:38:52 - [TEST_STEP][PASSED] - setText(findTestObject("Sprint 3/FCSCMS-58/FCSCMS-410/Create User_User Login Name"), "fet4"): Text 'fet4' is set on object 'Object Repository/Sprint 3/FCSCMS-58/FCSCMS-410/Create User_User Login Name'

2022-04-22 18:39:52 - [MESSAGE][PASSED] - Text 'fet4' is set on object 'Object Repository/Sprint 3/FCSCMS-58/FCSCMS-410/Create User_User Login Name'

2022-04-22 18:39:52 - [TEST_STEP][PASSED] - setText(findTestObject("Sprint 3/FCSCMS-58/FCSCMS-410/Create User_User Name"), "fet4"): Text 'fet4' is set on object 'Object Repository/Sprint 3/FCSCMS-58/FCSCMS-410/Create User_User Name'

2022-04-22 18:40:53 - [MESSAGE][PASSED] - Text 'fet4' is set on object 'Object Repository/Sprint 3/FCSCMS-58/FCSCMS-410/Create User_User Name'

2022-04-22 18:40:53 - [TEST_STEP][PASSED] - setText(findTestObject("Sprint 3/FCSCMS-58/FCSCMS-410/Create User_Email"), "fet4@mailinator.com"): Text 'fet4@mailinator.com' is set on object 'Object Repository/Sprint 3/FCSCMS-58/FCSCMS-410/Create User_Email'

2022-04-22 18:41:53 - [MESSAGE][PASSED] - Text 'fet4@mailinator.com' is set on object 'Object Repository/Sprint 3/FCSCMS-58/FCSCMS-410/Create User_Email'

2022-04-22 18:41:53 - [TEST_STEP][PASSED] - setText(findTestObject("Sprint 3/FCSCMS-58/FCSCMS-410/Create User_Address Line 1"), "Tinago"): Text 'Tinago' is set on object 'Object Repository/Sprint 3/FCSCMS-58/FCSCMS-410/Create User_Address Line 1'

2022-04-22 18:42:54 - [MESSAGE][PASSED] - Text 'Tinago' is set on object 'Object Repository/Sprint 3/FCSCMS-58/FCSCMS-410/Create User_Address Line 1'

2022-04-22 18:42:54 - [TEST_STEP][PASSED] - setText(findTestObject("Sprint 3/FCSCMS-58/FCSCMS-410/Create User__Address Line 2"), "M.Castro"): Text 'M.Castro' is set on object 'Object Repository/Sprint 3/FCSCMS-58/FCSCMS-410/Create User__Address Line 2'

2022-04-22 18:43:54 - [MESSAGE][PASSED] - Text 'M.Castro' is set on object 'Object Repository/Sprint 3/FCSCMS-58/FCSCMS-410/Create User__Address Line 2'

2022-04-22 18:43:54 - [TEST_STEP][PASSED] - click(findTestObject("Sprint 3/FCSCMS-58/FCSCMS-410/Create User_Privilege Group")): Object: 'Object Repository/Sprint 3/FCSCMS-58/FCSCMS-410/Create User_Privilege Group' is clicked on

2022-04-22 18:44:25 - [MESSAGE][PASSED] - Object: 'Object Repository/Sprint 3/FCSCMS-58/FCSCMS-410/Create User_Privilege Group' is clicked on

2022-04-22 18:44:25 - [TEST_STEP][PASSED] - click(findTestObject("Sprint 3/FCSCMS-58/FCSCMS-410/Create User_Privelege Group_Values Reader")): Object: 'Object Repository/Sprint 3/FCSCMS-58/FCSCMS-410/Create User_Privelege Group_Values Reader' is clicked on

2022-04-22 18:44:55 - [MESSAGE][PASSED] - Object: 'Object Repository/Sprint 3/FCSCMS-58/FCSCMS-410/Create User_Privelege Group_Values Reader' is clicked on

2022-04-22 18:44:55 - [TEST_STEP][PASSED] - click(findTestObject("Sprint 3/FCSCMS-58/FCSCMS-410/Create User_User Group")): Object: 'Object Repository/Sprint 3/FCSCMS-58/FCSCMS-410/Create User_User Group' is clicked on

2022-04-22 18:45:25 - [MESSAGE][PASSED] - Object: 'Object Repository/Sprint 3/FCSCMS-58/FCSCMS-410/Create User_User Group' is clicked on

2022-04-22 18:45:25 - [TEST_STEP][PASSED] - click(findTestObject("Sprint 3/FCSCMS-58/FCSCMS-410/Create User_User Group_Admin User Group")): Object: 'Object Repository/Sprint 3/FCSCMS-58/FCSCMS-410/Create User_User Group_Admin User Group' is clicked on

2022-04-22 18:45:56 - [MESSAGE][PASSED] - Object: 'Object Repository/Sprint 3/FCSCMS-58/FCSCMS-410/Create User_User Group_Admin User Group' is clicked on

2022-04-22 18:45:56 - [TEST_STEP][PASSED] - click(findTestObject("Sprint 3/FCSCMS-58/FCSCMS-410/Create User_City")): Object: 'Object Repository/Sprint 3/FCSCMS-58/FCSCMS-410/Create User_City' is clicked on

2022-04-22 18:46:26 - [MESSAGE][PASSED] - Object: 'Object Repository/Sprint 3/FCSCMS-58/FCSCMS-410/Create User_City' is clicked on

2022-04-22 18:46:26 - [TEST_STEP][PASSED] - click(findTestObject("Sprint 3/FCSCMS-58/FCSCMS-410/Create User_City_Alabaster")): Object: 'Object Repository/Sprint 3/FCSCMS-58/FCSCMS-410/Create User_City_Alabaster' is clicked on

2022-04-22 18:46:56 - [MESSAGE][PASSED] - Object: 'Object Repository/Sprint 3/FCSCMS-58/FCSCMS-410/Create User_City_Alabaster' is clicked on

2022-04-22 18:46:56 - [TEST_STEP][PASSED] - click(findTestObject("Sprint 3/FCSCMS-58/FCSCMS-410/Create User_Zip Code")): Object: 'Object Repository/Sprint 3/FCSCMS-58/FCSCMS-410/Create User_Zip Code' is clicked on

2022-04-22 18:47:27 - [MESSAGE][PASSED] - Object: 'Object Repository/Sprint 3/FCSCMS-58/FCSCMS-410/Create User_Zip Code' is clicked on

2022-04-22 18:47:27 - [TEST_STEP][PASSED] - click(findTestObject("Sprint 3/FCSCMS-58/FCSCMS-410/Create User_ZIP Code_35007")): Object: 'Object Repository/Sprint 3/FCSCMS-58/FCSCMS-410/Create User_ZIP Code_35007' is clicked on

2022-04-22 18:47:57 - [MESSAGE][PASSED] - Object: 'Object Repository/Sprint 3/FCSCMS-58/FCSCMS-410/Create User_ZIP Code_35007' is clicked on

2022-04-22 18:47:57 - [TEST_STEP][PASSED] - selectOptionByLabel(findTestObject("Sprint 3/FCSCMS-58/FCSCMS-410/Create User_Phone Number_Area code"), "+1", false): All options with label '+1' are selected in object 'Object Repository/Sprint 3/FCSCMS-58/FCSCMS-410/Create User_Phone Number_Area code' 

2022-04-22 18:48:58 - [MESSAGE][PASSED] - All options with label '+1' are selected in object 'Object Repository/Sprint 3/FCSCMS-58/FCSCMS-410/Create User_Phone Number_Area code' 

2022-04-22 18:48:58 - [TEST_STEP][PASSED] - setText(findTestObject("Sprint 3/FCSCMS-58/FCSCMS-410/Create User_Phone Number field"), "2027953213"): Text '2027953213' is set on object 'Object Repository/Sprint 3/FCSCMS-58/FCSCMS-410/Create User_Phone Number field'

2022-04-22 18:49:58 - [MESSAGE][PASSED] - Text '2027953213' is set on object 'Object Repository/Sprint 3/FCSCMS-58/FCSCMS-410/Create User_Phone Number field'

2022-04-22 18:49:58 - [TEST_STEP][PASSED] - setText(findTestObject("Sprint 3/FCSCMS-58/FCSCMS-410/Create User_Phone Number _Extension"), "00"): Text '00' is set on object 'Object Repository/Sprint 3/FCSCMS-58/FCSCMS-410/Create User_Phone Number _Extension'

2022-04-22 18:50:59 - [MESSAGE][PASSED] - Text '00' is set on object 'Object Repository/Sprint 3/FCSCMS-58/FCSCMS-410/Create User_Phone Number _Extension'

2022-04-22 18:50:59 - [TEST_STEP][PASSED] - selectOptionByLabel(findTestObject("Sprint 3/FCSCMS-58/FCSCMS-410/Create User_Mobile Number_Area Code"), "+1", false): All options with label '+1' are selected in object 'Object Repository/Sprint 3/FCSCMS-58/FCSCMS-410/Create User_Mobile Number_Area Code' 

2022-04-22 18:51:59 - [MESSAGE][PASSED] - All options with label '+1' are selected in object 'Object Repository/Sprint 3/FCSCMS-58/FCSCMS-410/Create User_Mobile Number_Area Code' 

2022-04-22 18:51:59 - [TEST_STEP][PASSED] - setText(findTestObject("Sprint 3/FCSCMS-58/FCSCMS-410/Create User_Mobile Number field"), "2027953213"): Text '2027953213' is set on object 'Object Repository/Sprint 3/FCSCMS-58/FCSCMS-410/Create User_Mobile Number field'

2022-04-22 18:53:00 - [MESSAGE][PASSED] - Text '2027953213' is set on object 'Object Repository/Sprint 3/FCSCMS-58/FCSCMS-410/Create User_Mobile Number field'

2022-04-22 18:53:00 - [TEST_STEP][PASSED] - click(findTestObject("Sprint 3/FCSCMS-58/FCSCMS-410/Create User_Save")): Object: 'Object Repository/Sprint 3/FCSCMS-58/FCSCMS-410/Create User_Save' is clicked on

2022-04-22 18:53:30 - [MESSAGE][PASSED] - Object: 'Object Repository/Sprint 3/FCSCMS-58/FCSCMS-410/Create User_Save' is clicked on

2022-04-22 18:53:30 - [TEST_STEP][PASSED] - click(findTestObject("Sprint 3/FCSCMS-58/FCSCMS-410/Create_User_Confirmation_Yes")): Object: 'Object Repository/Sprint 3/FCSCMS-58/FCSCMS-410/Create_User_Confirmation_Yes' is clicked on

2022-04-22 18:54:00 - [MESSAGE][PASSED] - Object: 'Object Repository/Sprint 3/FCSCMS-58/FCSCMS-410/Create_User_Confirmation_Yes' is clicked on

2022-04-22 18:54:00 - [TEST_STEP][PASSED] - verifyTextPresent("fet4@mailinator.com", false): Text 'fet4@mailinator.com' is present on page 

2022-04-22 18:54:31 - [MESSAGE][PASSED] - Text 'fet4@mailinator.com' is present on page 

2022-04-22 18:54:31 - [TEST_STEP][PASSED] - delay(2, STOP_ON_FAILURE): Delayed 2 second(s)

2022-04-22 18:54:33 - [MESSAGE][PASSED] - Delayed 2 second(s)]]></system-out>
         <system-err><![CDATA[]]></system-err>
      </testcase>
      <system-out><![CDATA[2022-04-22 18:37:31 - [TEST_SUITE][PASSED] - FCSCMS-410: Test Cases/Sprint 3/FCSCMS-58/FCSCMS-410]]></system-out>
      <system-err><![CDATA[]]></system-err>
   </testsuite>
</testsuites>
