<?xml version="1.0" encoding="UTF-8"?>
<testsuites name="FCSCMS-416" time="140.247" tests="2" failures="0" errors="0">
   <testsuite name="FCSCMS-416" tests="2" failures="0" errors="0" time="140.247" skipped="0" timestamp="2022-04-26 21:38:24" hostname="Fet - DESKTOP-Q81B6T4" id="Test Suites/Sprint 3/FCSCMS-65/FCSCMS-416">
      <properties>
         <property name="deviceName" value=""/>
         <property name="devicePlatform" value=""/>
         <property name="logFolder" value="C:\\Users\\Fet\\git\\Sample - Nexterus\\Reports\\20220426_213818\\Sprint 3\\FCSCMS-65\\FCSCMS-416\\20220426_213818"/>
         <property name="logFiles" value="C:\\Users\\Fet\\git\\Sample - Nexterus\\Reports\\20220426_213818\\Sprint 3\\FCSCMS-65\\FCSCMS-416\\20220426_213818\\execution0.log"/>
         <property name="attachments" value=""/>
         <property name="hostName" value="Fet - DESKTOP-Q81B6T4"/>
         <property name="os" value="Windows 10 64bit"/>
         <property name="katalonVersion" value="8.3.0.208"/>
         <property name="browser" value="Chrome 100.0.4896.127"/>
         <property name="hostAddress" value="192.168.5.82"/>
         <property name="sessionId" value="d79929eb067333a56398183370dafc5d"/>
         <property name="seleniumVersion" value="3.141.59"/>
         <property name="proxyInformation" value="ProxyInformation { proxyOption=NO_PROXY, proxyServerType=HTTP, username=, password=********, proxyServerAddress=, proxyServerPort=0, executionList=&quot;&quot;, isApplyToDesiredCapabilities=true }"/>
         <property name="platform" value="Windows 10"/>
      </properties>
      <testcase name="Test Cases/Log-in/Log-in- 1" time="13.223" classname="Test Cases/Log-in/Log-in- 1" status="PASSED">
         <system-out><![CDATA[2022-04-26 21:38:24 - [TEST_CASE][PASSED] - Test Cases/Log-in/Log-in- 1: Test Cases/Log-in/Log-in- 1

2022-04-26 21:38:25 - [TEST_STEP][PASSED] - openBrowser(""): Browser is opened with url: ''

2022-04-26 21:38:26 - [MESSAGE][INFO] - Starting 'Chrome' driver

2022-04-26 21:38:26 - [MESSAGE][INFO] - Action delay is set to 0 milliseconds

2022-04-26 21:38:30 - [MESSAGE][PASSED] - Browser is opened with url: ''

2022-04-26 21:38:30 - [TEST_STEP][PASSED] - navigateToUrl("https://nexterus-tst.outsystemsenterprise.com/FusionCenter/Login"): Navigate to 'https://nexterus-tst.outsystemsenterprise.com/FusionCenter/Login' successfully

2022-04-26 21:38:32 - [MESSAGE][PASSED] - Navigate to 'https://nexterus-tst.outsystemsenterprise.com/FusionCenter/Login' successfully

2022-04-26 21:38:32 - [TEST_STEP][PASSED] - maximizeWindow(): Current window maximized

2022-04-26 21:38:32 - [MESSAGE][PASSED] - Current window maximized

2022-04-26 21:38:32 - [TEST_STEP][PASSED] - delay(2): Delayed 2 second(s)

2022-04-26 21:38:34 - [MESSAGE][PASSED] - Delayed 2 second(s)

2022-04-26 21:38:34 - [TEST_STEP][PASSED] - setText(findTestObject("001-Log-in/Username field"), "admin"): Text 'admin' is set on object 'Object Repository/001-Log-in/Username field'

2022-04-26 21:38:36 - [MESSAGE][PASSED] - Text 'admin' is set on object 'Object Repository/001-Log-in/Username field'

2022-04-26 21:38:36 - [TEST_STEP][PASSED] - setText(findTestObject("001-Log-in/Password field"), "admin"): Text 'admin' is set on object 'Object Repository/001-Log-in/Password field'

2022-04-26 21:38:37 - [MESSAGE][PASSED] - Text 'admin' is set on object 'Object Repository/001-Log-in/Password field'

2022-04-26 21:38:37 - [TEST_STEP][PASSED] - click(findTestObject("001-Log-in/Log-in button"), STOP_ON_FAILURE): Object: 'Object Repository/001-Log-in/Log-in button' is clicked on

2022-04-26 21:38:37 - [MESSAGE][PASSED] - Object: 'Object Repository/001-Log-in/Log-in button' is clicked on]]></system-out>
         <system-err><![CDATA[]]></system-err>
      </testcase>
      <testcase name="Test Cases/Sprint 3/FCSCMS-65/FCSCMS-416" time="126.363" classname="Test Cases/Sprint 3/FCSCMS-65/FCSCMS-416" status="PASSED">
         <system-out><![CDATA[2022-04-26 21:38:37 - [TEST_CASE][PASSED] - Test Cases/Sprint 3/FCSCMS-65/FCSCMS-416: Test Cases/Sprint 3/FCSCMS-65/FCSCMS-416

2022-04-26 21:38:39 - [TEST_STEP][PASSED] - click(findTestObject("Sprint 3/FCSCMS-58/FCSCMS-407,462/User Account Management")): Object: 'Object Repository/Sprint 3/FCSCMS-58/FCSCMS-407,462/User Account Management' is clicked on

2022-04-26 21:39:13 - [MESSAGE][PASSED] - Object: 'Object Repository/Sprint 3/FCSCMS-58/FCSCMS-407,462/User Account Management' is clicked on

2022-04-26 21:39:13 - [TEST_STEP][PASSED] - click(findTestObject("Sprint 3/FCSCMS-58/FCSCMS-410/Add New User")): Object: 'Object Repository/Sprint 3/FCSCMS-58/FCSCMS-410/Add New User' is clicked on

2022-04-26 21:39:43 - [MESSAGE][PASSED] - Object: 'Object Repository/Sprint 3/FCSCMS-58/FCSCMS-410/Add New User' is clicked on

2022-04-26 21:39:43 - [TEST_STEP][PASSED] - click(findTestObject("Sprint 3/FCSCMS-65/FCSCMS-416/Create User_Save")): Object: 'Object Repository/Sprint 3/FCSCMS-65/FCSCMS-416/Create User_Save' is clicked on

2022-04-26 21:40:13 - [MESSAGE][PASSED] - Object: 'Object Repository/Sprint 3/FCSCMS-65/FCSCMS-416/Create User_Save' is clicked on

2022-04-26 21:40:13 - [TEST_STEP][PASSED] - verifyElementVisible(findTestObject("Sprint 3/FCSCMS-65/FCSCMS-416/Create new user confirmation message")): Object 'Object Repository/Sprint 3/FCSCMS-65/FCSCMS-416/Create new user confirmation message' is visible

2022-04-26 21:40:44 - [MESSAGE][PASSED] - Object 'Object Repository/Sprint 3/FCSCMS-65/FCSCMS-416/Create new user confirmation message' is visible]]></system-out>
         <system-err><![CDATA[]]></system-err>
      </testcase>
      <system-out><![CDATA[2022-04-26 21:38:24 - [TEST_SUITE][PASSED] - FCSCMS-416: Test Cases/Sprint 3/FCSCMS-65/FCSCMS-416]]></system-out>
      <system-err><![CDATA[]]></system-err>
   </testsuite>
</testsuites>
