<?xml version="1.0" encoding="UTF-8"?>
<testsuites name="FCSCMS-414" time="170.217" tests="2" failures="0" errors="0">
   <testsuite name="FCSCMS-414" tests="2" failures="0" errors="0" time="170.217" skipped="0" timestamp="2022-04-26 18:22:12" hostname="Fet - DESKTOP-Q81B6T4" id="Test Suites/Sprint 3/FCSCMS-59/FCSCMS-414">
      <properties>
         <property name="deviceName" value=""/>
         <property name="devicePlatform" value=""/>
         <property name="logFolder" value="C:\\Users\\Fet\\git\\Sample - Nexterus\\Reports\\20220426_182205\\Sprint 3\\FCSCMS-59\\FCSCMS-414\\20220426_182205"/>
         <property name="logFiles" value="C:\\Users\\Fet\\git\\Sample - Nexterus\\Reports\\20220426_182205\\Sprint 3\\FCSCMS-59\\FCSCMS-414\\20220426_182205\\execution0.log"/>
         <property name="attachments" value=""/>
         <property name="hostName" value="Fet - DESKTOP-Q81B6T4"/>
         <property name="os" value="Windows 10 64bit"/>
         <property name="katalonVersion" value="8.3.0.208"/>
         <property name="browser" value="Chrome 100.0.4896.127"/>
         <property name="hostAddress" value="192.168.5.82"/>
         <property name="sessionId" value="43a580bb377991107bf923274a727b04"/>
         <property name="seleniumVersion" value="3.141.59"/>
         <property name="proxyInformation" value="ProxyInformation { proxyOption=NO_PROXY, proxyServerType=HTTP, username=, password=********, proxyServerAddress=, proxyServerPort=0, executionList=&quot;&quot;, isApplyToDesiredCapabilities=true }"/>
         <property name="platform" value="Windows 10"/>
      </properties>
      <testcase name="Test Cases/Log-in/Log-in- 1" time="13.422" classname="Test Cases/Log-in/Log-in- 1" status="PASSED">
         <system-out><![CDATA[2022-04-26 18:22:12 - [TEST_CASE][PASSED] - Test Cases/Log-in/Log-in- 1: Test Cases/Log-in/Log-in- 1

2022-04-26 18:22:13 - [TEST_STEP][PASSED] - openBrowser(""): Browser is opened with url: ''

2022-04-26 18:22:14 - [MESSAGE][INFO] - Starting 'Chrome' driver

2022-04-26 18:22:14 - [MESSAGE][INFO] - Action delay is set to 0 milliseconds

2022-04-26 18:22:18 - [MESSAGE][PASSED] - Browser is opened with url: ''

2022-04-26 18:22:18 - [TEST_STEP][PASSED] - navigateToUrl("https://nexterus-tst.outsystemsenterprise.com/FusionCenter/Login"): Navigate to 'https://nexterus-tst.outsystemsenterprise.com/FusionCenter/Login' successfully

2022-04-26 18:22:20 - [MESSAGE][PASSED] - Navigate to 'https://nexterus-tst.outsystemsenterprise.com/FusionCenter/Login' successfully

2022-04-26 18:22:20 - [TEST_STEP][PASSED] - maximizeWindow(): Current window maximized

2022-04-26 18:22:20 - [MESSAGE][PASSED] - Current window maximized

2022-04-26 18:22:20 - [TEST_STEP][PASSED] - delay(2): Delayed 2 second(s)

2022-04-26 18:22:22 - [MESSAGE][PASSED] - Delayed 2 second(s)

2022-04-26 18:22:23 - [TEST_STEP][PASSED] - setText(findTestObject("001-Log-in/Username field"), "admin"): Text 'admin' is set on object 'Object Repository/001-Log-in/Username field'

2022-04-26 18:22:24 - [MESSAGE][PASSED] - Text 'admin' is set on object 'Object Repository/001-Log-in/Username field'

2022-04-26 18:22:24 - [TEST_STEP][PASSED] - setText(findTestObject("001-Log-in/Password field"), "admin"): Text 'admin' is set on object 'Object Repository/001-Log-in/Password field'

2022-04-26 18:22:25 - [MESSAGE][PASSED] - Text 'admin' is set on object 'Object Repository/001-Log-in/Password field'

2022-04-26 18:22:25 - [TEST_STEP][PASSED] - click(findTestObject("001-Log-in/Log-in button"), STOP_ON_FAILURE): Object: 'Object Repository/001-Log-in/Log-in button' is clicked on

2022-04-26 18:22:26 - [MESSAGE][PASSED] - Object: 'Object Repository/001-Log-in/Log-in button' is clicked on]]></system-out>
         <system-err><![CDATA[]]></system-err>
      </testcase>
      <testcase name="Test Cases/Sprint 3/FCSCMS-59/FCSCMS-414" time="156.128" classname="Test Cases/Sprint 3/FCSCMS-59/FCSCMS-414" status="PASSED">
         <system-out><![CDATA[2022-04-26 18:22:26 - [TEST_CASE][PASSED] - Test Cases/Sprint 3/FCSCMS-59/FCSCMS-414: Test Cases/Sprint 3/FCSCMS-59/FCSCMS-414

2022-04-26 18:22:27 - [TEST_STEP][PASSED] - click(findTestObject("Sprint 3/FCSCMS-59/FCSCMS-414/User Account Management")): Object: 'Object Repository/Sprint 3/FCSCMS-59/FCSCMS-414/User Account Management' is clicked on

2022-04-26 18:23:00 - [MESSAGE][PASSED] - Object: 'Object Repository/Sprint 3/FCSCMS-59/FCSCMS-414/User Account Management' is clicked on

2022-04-26 18:23:00 - [TEST_STEP][PASSED] - click(findTestObject("Sprint 3/FCSCMS-59/FCSCMS-414/XLS-Download button")): Object: 'Object Repository/Sprint 3/FCSCMS-59/FCSCMS-414/XLS-Download button' is clicked on

2022-04-26 18:23:31 - [MESSAGE][PASSED] - Object: 'Object Repository/Sprint 3/FCSCMS-59/FCSCMS-414/XLS-Download button' is clicked on

2022-04-26 18:23:31 - [TEST_STEP][PASSED] - setText(findTestObject("Sprint 3/FCSCMS-59/FCSCMS-414/File name field"), "Fet test"): Text 'Fet test' is set on object 'Object Repository/Sprint 3/FCSCMS-59/FCSCMS-414/File name field'

2022-04-26 18:24:31 - [MESSAGE][PASSED] - Text 'Fet test' is set on object 'Object Repository/Sprint 3/FCSCMS-59/FCSCMS-414/File name field'

2022-04-26 18:24:31 - [TEST_STEP][PASSED] - click(findTestObject("Sprint 3/FCSCMS-59/FCSCMS-414/Download button(enabled)")): Object: 'Object Repository/Sprint 3/FCSCMS-59/FCSCMS-414/Download button(enabled)' is clicked on

2022-04-26 18:25:02 - [MESSAGE][PASSED] - Object: 'Object Repository/Sprint 3/FCSCMS-59/FCSCMS-414/Download button(enabled)' is clicked on]]></system-out>
         <system-err><![CDATA[]]></system-err>
      </testcase>
      <system-out><![CDATA[2022-04-26 18:22:12 - [TEST_SUITE][PASSED] - FCSCMS-414: Test Cases/Sprint 3/FCSCMS-59/FCSCMS-414]]></system-out>
      <system-err><![CDATA[]]></system-err>
   </testsuite>
</testsuites>
