<?xml version="1.0" encoding="UTF-8"?>
<testsuites name="FCSCMS-411" time="838.696" tests="2" failures="0" errors="0">
   <testsuite name="FCSCMS-411" tests="2" failures="0" errors="0" time="838.696" skipped="0" timestamp="2022-04-25 18:18:29" hostname="Fet - DESKTOP-Q81B6T4" id="Test Suites/Sprint 3/FCSCMS-59/FCSCMS-411">
      <properties>
         <property name="deviceName" value=""/>
         <property name="devicePlatform" value=""/>
         <property name="logFolder" value="C:\\Users\\Fet\\git\\Sample - Nexterus\\Reports\\20220425_181823\\Sprint 3\\FCSCMS-59\\FCSCMS-411\\20220425_181823"/>
         <property name="logFiles" value="C:\\Users\\Fet\\git\\Sample - Nexterus\\Reports\\20220425_181823\\Sprint 3\\FCSCMS-59\\FCSCMS-411\\20220425_181823\\execution0.log"/>
         <property name="attachments" value=""/>
         <property name="hostName" value="Fet - DESKTOP-Q81B6T4"/>
         <property name="os" value="Windows 10 64bit"/>
         <property name="katalonVersion" value="8.3.0.208"/>
         <property name="browser" value="Chrome 100.0.4896.127"/>
         <property name="hostAddress" value="192.168.5.82"/>
         <property name="sessionId" value="94839781900a6e8a60ebd3704de1943b"/>
         <property name="seleniumVersion" value="3.141.59"/>
         <property name="proxyInformation" value="ProxyInformation { proxyOption=NO_PROXY, proxyServerType=HTTP, username=, password=********, proxyServerAddress=, proxyServerPort=0, executionList=&quot;&quot;, isApplyToDesiredCapabilities=true }"/>
         <property name="platform" value="Windows 10"/>
      </properties>
      <testcase name="Test Cases/Log-in/Log-in- 1" time="14.468" classname="Test Cases/Log-in/Log-in- 1" status="PASSED">
         <system-out><![CDATA[2022-04-25 18:18:29 - [TEST_CASE][PASSED] - Test Cases/Log-in/Log-in- 1: Test Cases/Log-in/Log-in- 1

2022-04-25 18:18:30 - [TEST_STEP][PASSED] - openBrowser(""): Browser is opened with url: ''

2022-04-25 18:18:31 - [MESSAGE][INFO] - Starting 'Chrome' driver

2022-04-25 18:18:31 - [MESSAGE][INFO] - Action delay is set to 0 milliseconds

2022-04-25 18:18:35 - [MESSAGE][PASSED] - Browser is opened with url: ''

2022-04-25 18:18:35 - [TEST_STEP][PASSED] - navigateToUrl("https://nexterus-tst.outsystemsenterprise.com/FusionCenter/Login"): Navigate to 'https://nexterus-tst.outsystemsenterprise.com/FusionCenter/Login' successfully

2022-04-25 18:18:38 - [MESSAGE][PASSED] - Navigate to 'https://nexterus-tst.outsystemsenterprise.com/FusionCenter/Login' successfully

2022-04-25 18:18:38 - [TEST_STEP][PASSED] - maximizeWindow(): Current window maximized

2022-04-25 18:18:38 - [MESSAGE][PASSED] - Current window maximized

2022-04-25 18:18:38 - [TEST_STEP][PASSED] - delay(2): Delayed 2 second(s)

2022-04-25 18:18:40 - [MESSAGE][PASSED] - Delayed 2 second(s)

2022-04-25 18:18:40 - [TEST_STEP][PASSED] - setText(findTestObject("Log-in/Username field"), "admin"): Text 'admin' is set on object 'Object Repository/Log-in/Username field'

2022-04-25 18:18:42 - [MESSAGE][PASSED] - Text 'admin' is set on object 'Object Repository/Log-in/Username field'

2022-04-25 18:18:42 - [TEST_STEP][PASSED] - setText(findTestObject("Log-in/Password field"), "admin"): Text 'admin' is set on object 'Object Repository/Log-in/Password field'

2022-04-25 18:18:43 - [MESSAGE][PASSED] - Text 'admin' is set on object 'Object Repository/Log-in/Password field'

2022-04-25 18:18:43 - [TEST_STEP][PASSED] - click(findTestObject("Log-in/Log-in button"), STOP_ON_FAILURE): Object: 'Object Repository/Log-in/Log-in button' is clicked on

2022-04-25 18:18:44 - [MESSAGE][PASSED] - Object: 'Object Repository/Log-in/Log-in button' is clicked on]]></system-out>
         <system-err><![CDATA[]]></system-err>
      </testcase>
      <testcase name="Test Cases/Sprint 3/FCSCMS-59/FCSCMS-411" time="823.525" classname="Test Cases/Sprint 3/FCSCMS-59/FCSCMS-411" status="PASSED">
         <system-out><![CDATA[2022-04-25 18:18:44 - [TEST_CASE][PASSED] - Test Cases/Sprint 3/FCSCMS-59/FCSCMS-411: Test Cases/Sprint 3/FCSCMS-59/FCSCMS-411

2022-04-25 18:18:45 - [TEST_STEP][PASSED] - click(findTestObject("Sprint 3/FCSCMS-59/FCSCMS-411/User Account Management")): Object: 'Object Repository/Sprint 3/FCSCMS-59/FCSCMS-411/User Account Management' is clicked on

2022-04-25 18:19:21 - [MESSAGE][PASSED] - Object: 'Object Repository/Sprint 3/FCSCMS-59/FCSCMS-411/User Account Management' is clicked on

2022-04-25 18:19:21 - [TEST_STEP][PASSED] - verifyElementVisible(findTestObject("Sprint 3/FCSCMS-59/FCSCMS-411/Table Header_Email"), STOP_ON_FAILURE): Object 'Object Repository/Sprint 3/FCSCMS-59/FCSCMS-411/Table Header_Email' is visible

2022-04-25 18:19:51 - [MESSAGE][PASSED] - Object 'Object Repository/Sprint 3/FCSCMS-59/FCSCMS-411/Table Header_Email' is visible

2022-04-25 18:19:51 - [TEST_STEP][PASSED] - verifyElementVisible(findTestObject("Sprint 3/FCSCMS-59/FCSCMS-411/Table Header_Action"), STOP_ON_FAILURE): Object 'Object Repository/Sprint 3/FCSCMS-59/FCSCMS-411/Table Header_Action' is visible

2022-04-25 18:20:21 - [MESSAGE][PASSED] - Object 'Object Repository/Sprint 3/FCSCMS-59/FCSCMS-411/Table Header_Action' is visible

2022-04-25 18:20:21 - [TEST_STEP][PASSED] - verifyElementVisible(findTestObject("Sprint 3/FCSCMS-59/FCSCMS-411/Table Header_Address"), STOP_ON_FAILURE): Object 'Object Repository/Sprint 3/FCSCMS-59/FCSCMS-411/Table Header_Address' is visible

2022-04-25 18:20:52 - [MESSAGE][PASSED] - Object 'Object Repository/Sprint 3/FCSCMS-59/FCSCMS-411/Table Header_Address' is visible

2022-04-25 18:20:52 - [TEST_STEP][PASSED] - verifyElementVisible(findTestObject("Sprint 3/FCSCMS-59/FCSCMS-411/Table Header_City"), STOP_ON_FAILURE): Object 'Object Repository/Sprint 3/FCSCMS-59/FCSCMS-411/Table Header_City' is visible

2022-04-25 18:21:22 - [MESSAGE][PASSED] - Object 'Object Repository/Sprint 3/FCSCMS-59/FCSCMS-411/Table Header_City' is visible

2022-04-25 18:21:22 - [TEST_STEP][PASSED] - verifyElementVisible(findTestObject("Sprint 3/FCSCMS-59/FCSCMS-411/Table Header_Country"), STOP_ON_FAILURE): Object 'Object Repository/Sprint 3/FCSCMS-59/FCSCMS-411/Table Header_Country' is visible

2022-04-25 18:21:52 - [MESSAGE][PASSED] - Object 'Object Repository/Sprint 3/FCSCMS-59/FCSCMS-411/Table Header_Country' is visible

2022-04-25 18:21:52 - [TEST_STEP][PASSED] - verifyElementVisible(findTestObject("Sprint 3/FCSCMS-59/FCSCMS-411/Table Header_Created On"), STOP_ON_FAILURE): Object 'Object Repository/Sprint 3/FCSCMS-59/FCSCMS-411/Table Header_Created On' is visible

2022-04-25 18:22:22 - [MESSAGE][PASSED] - Object 'Object Repository/Sprint 3/FCSCMS-59/FCSCMS-411/Table Header_Created On' is visible

2022-04-25 18:22:22 - [TEST_STEP][PASSED] - verifyElementVisible(findTestObject("Sprint 3/FCSCMS-59/FCSCMS-411/Table Header_Deactivate"), STOP_ON_FAILURE): Object 'Object Repository/Sprint 3/FCSCMS-59/FCSCMS-411/Table Header_Deactivate' is visible

2022-04-25 18:22:52 - [MESSAGE][PASSED] - Object 'Object Repository/Sprint 3/FCSCMS-59/FCSCMS-411/Table Header_Deactivate' is visible

2022-04-25 18:22:52 - [TEST_STEP][PASSED] - verifyElementVisible(findTestObject("Sprint 3/FCSCMS-59/FCSCMS-411/Table Header_Edit icon"), STOP_ON_FAILURE): Object 'Object Repository/Sprint 3/FCSCMS-59/FCSCMS-411/Table Header_Edit icon' is visible

2022-04-25 18:23:23 - [MESSAGE][PASSED] - Object 'Object Repository/Sprint 3/FCSCMS-59/FCSCMS-411/Table Header_Edit icon' is visible

2022-04-25 18:23:23 - [TEST_STEP][PASSED] - verifyElementVisible(findTestObject("Sprint 3/FCSCMS-59/FCSCMS-411/Table Header_Extension"), STOP_ON_FAILURE): Object 'Object Repository/Sprint 3/FCSCMS-59/FCSCMS-411/Table Header_Extension' is visible

2022-04-25 18:23:53 - [MESSAGE][PASSED] - Object 'Object Repository/Sprint 3/FCSCMS-59/FCSCMS-411/Table Header_Extension' is visible

2022-04-25 18:23:53 - [TEST_STEP][PASSED] - verifyElementVisible(findTestObject("Sprint 3/FCSCMS-59/FCSCMS-411/Table Header_Last Login"), STOP_ON_FAILURE): Object 'Object Repository/Sprint 3/FCSCMS-59/FCSCMS-411/Table Header_Last Login' is visible

2022-04-25 18:24:23 - [MESSAGE][PASSED] - Object 'Object Repository/Sprint 3/FCSCMS-59/FCSCMS-411/Table Header_Last Login' is visible

2022-04-25 18:24:23 - [TEST_STEP][PASSED] - verifyElementVisible(findTestObject("Sprint 3/FCSCMS-59/FCSCMS-411/Table Header_Last Updated By"), STOP_ON_FAILURE): Object 'Object Repository/Sprint 3/FCSCMS-59/FCSCMS-411/Table Header_Last Updated By' is visible

2022-04-25 18:24:54 - [MESSAGE][PASSED] - Object 'Object Repository/Sprint 3/FCSCMS-59/FCSCMS-411/Table Header_Last Updated By' is visible

2022-04-25 18:24:54 - [TEST_STEP][PASSED] - verifyElementVisible(findTestObject("Sprint 3/FCSCMS-59/FCSCMS-411/Table Header_Last Updated On"), STOP_ON_FAILURE): Object 'Object Repository/Sprint 3/FCSCMS-59/FCSCMS-411/Table Header_Last Updated On' is visible

2022-04-25 18:25:24 - [MESSAGE][PASSED] - Object 'Object Repository/Sprint 3/FCSCMS-59/FCSCMS-411/Table Header_Last Updated On' is visible

2022-04-25 18:25:24 - [TEST_STEP][PASSED] - verifyElementVisible(findTestObject("Sprint 3/FCSCMS-59/FCSCMS-411/Table Header_Locked icon"), STOP_ON_FAILURE): Object 'Object Repository/Sprint 3/FCSCMS-59/FCSCMS-411/Table Header_Locked icon' is visible

2022-04-25 18:25:54 - [MESSAGE][PASSED] - Object 'Object Repository/Sprint 3/FCSCMS-59/FCSCMS-411/Table Header_Locked icon' is visible

2022-04-25 18:25:54 - [TEST_STEP][PASSED] - verifyElementVisible(findTestObject("Sprint 3/FCSCMS-59/FCSCMS-411/Table Header_Mobile"), STOP_ON_FAILURE): Object 'Object Repository/Sprint 3/FCSCMS-59/FCSCMS-411/Table Header_Mobile' is visible

2022-04-25 18:26:24 - [MESSAGE][PASSED] - Object 'Object Repository/Sprint 3/FCSCMS-59/FCSCMS-411/Table Header_Mobile' is visible

2022-04-25 18:26:24 - [TEST_STEP][PASSED] - verifyElementVisible(findTestObject("Sprint 3/FCSCMS-59/FCSCMS-411/Table Header_Password Change Date"), STOP_ON_FAILURE): Object 'Object Repository/Sprint 3/FCSCMS-59/FCSCMS-411/Table Header_Password Change Date' is visible

2022-04-25 18:26:55 - [MESSAGE][PASSED] - Object 'Object Repository/Sprint 3/FCSCMS-59/FCSCMS-411/Table Header_Password Change Date' is visible

2022-04-25 18:26:55 - [TEST_STEP][PASSED] - verifyElementVisible(findTestObject("Sprint 3/FCSCMS-59/FCSCMS-411/Table Header_Phone"), STOP_ON_FAILURE): Object 'Object Repository/Sprint 3/FCSCMS-59/FCSCMS-411/Table Header_Phone' is visible

2022-04-25 18:27:25 - [MESSAGE][PASSED] - Object 'Object Repository/Sprint 3/FCSCMS-59/FCSCMS-411/Table Header_Phone' is visible

2022-04-25 18:27:25 - [TEST_STEP][PASSED] - verifyElementVisible(findTestObject("Sprint 3/FCSCMS-59/FCSCMS-411/Table Header_Privilege Group"), STOP_ON_FAILURE): Object 'Object Repository/Sprint 3/FCSCMS-59/FCSCMS-411/Table Header_Privilege Group' is visible

2022-04-25 18:27:55 - [MESSAGE][PASSED] - Object 'Object Repository/Sprint 3/FCSCMS-59/FCSCMS-411/Table Header_Privilege Group' is visible

2022-04-25 18:27:55 - [TEST_STEP][PASSED] - verifyElementVisible(findTestObject("Sprint 3/FCSCMS-59/FCSCMS-411/Table Header_Requires Password Change"), STOP_ON_FAILURE): Object 'Object Repository/Sprint 3/FCSCMS-59/FCSCMS-411/Table Header_Requires Password Change' is visible

2022-04-25 18:28:25 - [MESSAGE][PASSED] - Object 'Object Repository/Sprint 3/FCSCMS-59/FCSCMS-411/Table Header_Requires Password Change' is visible

2022-04-25 18:28:25 - [TEST_STEP][PASSED] - verifyElementVisible(findTestObject("Sprint 3/FCSCMS-59/FCSCMS-411/Table Header_Reset Password"), STOP_ON_FAILURE): Object 'Object Repository/Sprint 3/FCSCMS-59/FCSCMS-411/Table Header_Reset Password' is visible

2022-04-25 18:28:56 - [MESSAGE][PASSED] - Object 'Object Repository/Sprint 3/FCSCMS-59/FCSCMS-411/Table Header_Reset Password' is visible

2022-04-25 18:28:56 - [TEST_STEP][PASSED] - verifyElementVisible(findTestObject("Sprint 3/FCSCMS-59/FCSCMS-411/Table Header_State"), STOP_ON_FAILURE): Object 'Object Repository/Sprint 3/FCSCMS-59/FCSCMS-411/Table Header_State' is visible

2022-04-25 18:29:26 - [MESSAGE][PASSED] - Object 'Object Repository/Sprint 3/FCSCMS-59/FCSCMS-411/Table Header_State' is visible

2022-04-25 18:29:26 - [TEST_STEP][PASSED] - verifyElementVisible(findTestObject("Sprint 3/FCSCMS-59/FCSCMS-411/Table Header_User Access Status"), STOP_ON_FAILURE): Object 'Object Repository/Sprint 3/FCSCMS-59/FCSCMS-411/Table Header_User Access Status' is visible

2022-04-25 18:29:56 - [MESSAGE][PASSED] - Object 'Object Repository/Sprint 3/FCSCMS-59/FCSCMS-411/Table Header_User Access Status' is visible

2022-04-25 18:29:56 - [TEST_STEP][PASSED] - verifyElementVisible(findTestObject("Sprint 3/FCSCMS-59/FCSCMS-411/Table Header_User Group"), STOP_ON_FAILURE): Object 'Object Repository/Sprint 3/FCSCMS-59/FCSCMS-411/Table Header_User Group' is visible

2022-04-25 18:30:26 - [MESSAGE][PASSED] - Object 'Object Repository/Sprint 3/FCSCMS-59/FCSCMS-411/Table Header_User Group' is visible

2022-04-25 18:30:26 - [TEST_STEP][PASSED] - verifyElementVisible(findTestObject("Sprint 3/FCSCMS-59/FCSCMS-411/Table Header_User Login Name"), STOP_ON_FAILURE): Object 'Object Repository/Sprint 3/FCSCMS-59/FCSCMS-411/Table Header_User Login Name' is visible

2022-04-25 18:30:57 - [MESSAGE][PASSED] - Object 'Object Repository/Sprint 3/FCSCMS-59/FCSCMS-411/Table Header_User Login Name' is visible

2022-04-25 18:30:57 - [TEST_STEP][PASSED] - verifyElementVisible(findTestObject("Sprint 3/FCSCMS-59/FCSCMS-411/Table Header_User Name"), STOP_ON_FAILURE): Object 'Object Repository/Sprint 3/FCSCMS-59/FCSCMS-411/Table Header_User Name' is visible

2022-04-25 18:31:27 - [MESSAGE][PASSED] - Object 'Object Repository/Sprint 3/FCSCMS-59/FCSCMS-411/Table Header_User Name' is visible

2022-04-25 18:31:27 - [TEST_STEP][PASSED] - verifyElementVisible(findTestObject("Sprint 3/FCSCMS-59/FCSCMS-411/Table Header_User Status"), STOP_ON_FAILURE): Object 'Object Repository/Sprint 3/FCSCMS-59/FCSCMS-411/Table Header_User Status' is visible

2022-04-25 18:31:57 - [MESSAGE][PASSED] - Object 'Object Repository/Sprint 3/FCSCMS-59/FCSCMS-411/Table Header_User Status' is visible

2022-04-25 18:31:57 - [TEST_STEP][PASSED] - verifyElementVisible(findTestObject("Sprint 3/FCSCMS-59/FCSCMS-411/Table Header_Zip Code"), STOP_ON_FAILURE): Object 'Object Repository/Sprint 3/FCSCMS-59/FCSCMS-411/Table Header_Zip Code' is visible

2022-04-25 18:32:27 - [MESSAGE][PASSED] - Object 'Object Repository/Sprint 3/FCSCMS-59/FCSCMS-411/Table Header_Zip Code' is visible]]></system-out>
         <system-err><![CDATA[]]></system-err>
      </testcase>
      <system-out><![CDATA[2022-04-25 18:18:29 - [TEST_SUITE][PASSED] - FCSCMS-411: Test Cases/Sprint 3/FCSCMS-59/FCSCMS-411]]></system-out>
      <system-err><![CDATA[]]></system-err>
   </testsuite>
</testsuites>
