<?xml version="1.0" encoding="UTF-8"?>
<testsuites name="FCSCMS-414" time="173.003" tests="2" failures="0" errors="0">
   <testsuite name="FCSCMS-414" tests="2" failures="0" errors="0" time="173.003" skipped="0" timestamp="2022-04-26 15:22:52" hostname="Fet - DESKTOP-Q81B6T4" id="Test Suites/Sprint 3/FCSCMS-59/FCSCMS-414">
      <properties>
         <property name="deviceName" value=""/>
         <property name="devicePlatform" value=""/>
         <property name="logFolder" value="C:\\Users\\Fet\\git\\Sample - Nexterus\\Reports\\20220426_152247\\Sprint 3\\FCSCMS-59\\FCSCMS-414\\20220426_152247"/>
         <property name="logFiles" value="C:\\Users\\Fet\\git\\Sample - Nexterus\\Reports\\20220426_152247\\Sprint 3\\FCSCMS-59\\FCSCMS-414\\20220426_152247\\execution0.log"/>
         <property name="attachments" value=""/>
         <property name="hostName" value="Fet - DESKTOP-Q81B6T4"/>
         <property name="os" value="Windows 10 64bit"/>
         <property name="katalonVersion" value="8.3.0.208"/>
         <property name="browser" value="Chrome 100.0.4896.127"/>
         <property name="hostAddress" value="192.168.5.82"/>
         <property name="sessionId" value="f0818e53025204b6eef982014c82e5f1"/>
         <property name="seleniumVersion" value="3.141.59"/>
         <property name="proxyInformation" value="ProxyInformation { proxyOption=NO_PROXY, proxyServerType=HTTP, username=, password=********, proxyServerAddress=, proxyServerPort=0, executionList=&quot;&quot;, isApplyToDesiredCapabilities=true }"/>
         <property name="platform" value="Windows 10"/>
      </properties>
      <testcase name="Test Cases/Log-in/Log-in- 1" time="14.612" classname="Test Cases/Log-in/Log-in- 1" status="PASSED">
         <system-out><![CDATA[2022-04-26 15:22:53 - [TEST_CASE][PASSED] - Test Cases/Log-in/Log-in- 1: Test Cases/Log-in/Log-in- 1

2022-04-26 15:22:54 - [TEST_STEP][PASSED] - openBrowser(""): Browser is opened with url: ''

2022-04-26 15:22:55 - [MESSAGE][INFO] - Starting 'Chrome' driver

2022-04-26 15:22:55 - [MESSAGE][INFO] - Action delay is set to 0 milliseconds

2022-04-26 15:22:58 - [MESSAGE][PASSED] - Browser is opened with url: ''

2022-04-26 15:22:58 - [TEST_STEP][PASSED] - navigateToUrl("https://nexterus-tst.outsystemsenterprise.com/FusionCenter/Login"): Navigate to 'https://nexterus-tst.outsystemsenterprise.com/FusionCenter/Login' successfully

2022-04-26 15:23:01 - [MESSAGE][PASSED] - Navigate to 'https://nexterus-tst.outsystemsenterprise.com/FusionCenter/Login' successfully

2022-04-26 15:23:01 - [TEST_STEP][PASSED] - maximizeWindow(): Current window maximized

2022-04-26 15:23:01 - [MESSAGE][PASSED] - Current window maximized

2022-04-26 15:23:01 - [TEST_STEP][PASSED] - delay(2): Delayed 2 second(s)

2022-04-26 15:23:04 - [MESSAGE][PASSED] - Delayed 2 second(s)

2022-04-26 15:23:04 - [TEST_STEP][PASSED] - setText(findTestObject("Log-in/Username field"), "admin"): Text 'admin' is set on object 'Object Repository/Log-in/Username field'

2022-04-26 15:23:06 - [MESSAGE][PASSED] - Text 'admin' is set on object 'Object Repository/Log-in/Username field'

2022-04-26 15:23:06 - [TEST_STEP][PASSED] - setText(findTestObject("Log-in/Password field"), "admin"): Text 'admin' is set on object 'Object Repository/Log-in/Password field'

2022-04-26 15:23:07 - [MESSAGE][PASSED] - Text 'admin' is set on object 'Object Repository/Log-in/Password field'

2022-04-26 15:23:07 - [TEST_STEP][PASSED] - click(findTestObject("Log-in/Log-in button"), STOP_ON_FAILURE): Object: 'Object Repository/Log-in/Log-in button' is clicked on

2022-04-26 15:23:08 - [MESSAGE][PASSED] - Object: 'Object Repository/Log-in/Log-in button' is clicked on]]></system-out>
         <system-err><![CDATA[]]></system-err>
      </testcase>
      <testcase name="Test Cases/Sprint 3/FCSCMS-59/FCSCMS-414" time="157.754" classname="Test Cases/Sprint 3/FCSCMS-59/FCSCMS-414" status="PASSED">
         <system-out><![CDATA[2022-04-26 15:23:08 - [TEST_CASE][PASSED] - Test Cases/Sprint 3/FCSCMS-59/FCSCMS-414: Test Cases/Sprint 3/FCSCMS-59/FCSCMS-414

2022-04-26 15:23:08 - [TEST_STEP][PASSED] - click(findTestObject("Sprint 3/FCSCMS-59/FCSCMS-414/User Account Management")): Object: 'Object Repository/Sprint 3/FCSCMS-59/FCSCMS-414/User Account Management' is clicked on

2022-04-26 15:23:44 - [MESSAGE][PASSED] - Object: 'Object Repository/Sprint 3/FCSCMS-59/FCSCMS-414/User Account Management' is clicked on

2022-04-26 15:23:44 - [TEST_STEP][PASSED] - click(findTestObject("Sprint 3/FCSCMS-59/FCSCMS-414/XLS-Download button")): Object: 'Object Repository/Sprint 3/FCSCMS-59/FCSCMS-414/XLS-Download button' is clicked on

2022-04-26 15:24:14 - [MESSAGE][PASSED] - Object: 'Object Repository/Sprint 3/FCSCMS-59/FCSCMS-414/XLS-Download button' is clicked on

2022-04-26 15:24:14 - [TEST_STEP][PASSED] - setText(findTestObject("Sprint 3/FCSCMS-59/FCSCMS-414/File name field"), "Fet test"): Text 'Fet test' is set on object 'Object Repository/Sprint 3/FCSCMS-59/FCSCMS-414/File name field'

2022-04-26 15:25:15 - [MESSAGE][PASSED] - Text 'Fet test' is set on object 'Object Repository/Sprint 3/FCSCMS-59/FCSCMS-414/File name field'

2022-04-26 15:25:15 - [TEST_STEP][PASSED] - click(findTestObject("Sprint 3/FCSCMS-59/FCSCMS-414/Download button")): Object: 'Object Repository/Sprint 3/FCSCMS-59/FCSCMS-414/Download button' is clicked on

2022-04-26 15:25:45 - [MESSAGE][PASSED] - Object: 'Object Repository/Sprint 3/FCSCMS-59/FCSCMS-414/Download button' is clicked on]]></system-out>
         <system-err><![CDATA[]]></system-err>
      </testcase>
      <system-out><![CDATA[2022-04-26 15:22:52 - [TEST_SUITE][PASSED] - FCSCMS-414: Test Cases/Sprint 3/FCSCMS-59/FCSCMS-414]]></system-out>
      <system-err><![CDATA[]]></system-err>
   </testsuite>
</testsuites>
