<?xml version="1.0" encoding="UTF-8"?>
<testsuites name="FCSCMS-125(User, Role and Access Management- Unlock User)" time="458.477" tests="8" failures="0" errors="0">
   <testsuite name="FCSCMS-125(User, Role and Access Management- Unlock User)" tests="8" failures="0" errors="0" time="458.477" skipped="0" timestamp="2022-05-03 21:19:50" hostname="Fet - DESKTOP-Q81B6T4" id="Test Suites/Sprint 4/FCSCMS-125(User, Role and Access Management- Unlock User)">
      <properties>
         <property name="deviceName" value=""/>
         <property name="devicePlatform" value=""/>
         <property name="logFolder" value="C:\\Users\\Fet\\git\\Sample - Nexterus\\Reports\\20220503_211944\\Sprint 4\\FCSCMS-125(User, Role and Access Management- Unlock User)\\20220503_211944"/>
         <property name="logFiles" value="C:\\Users\\Fet\\git\\Sample - Nexterus\\Reports\\20220503_211944\\Sprint 4\\FCSCMS-125(User, Role and Access Management- Unlock User)\\20220503_211944\\execution0.log"/>
         <property name="attachments" value=""/>
         <property name="hostName" value="Fet - DESKTOP-Q81B6T4"/>
         <property name="os" value="Windows 10 64bit"/>
         <property name="katalonVersion" value="8.3.0.208"/>
         <property name="browser" value="Chrome 100.0.4896.127"/>
         <property name="hostAddress" value="192.168.5.82"/>
         <property name="sessionId" value="74915bca5ea793fa232fdf262e4622ba"/>
         <property name="seleniumVersion" value="3.141.59"/>
         <property name="proxyInformation" value="ProxyInformation { proxyOption=NO_PROXY, proxyServerType=HTTP, username=, password=********, proxyServerAddress=, proxyServerPort=0, executionList=&quot;&quot;, isApplyToDesiredCapabilities=true }"/>
         <property name="platform" value="Windows 10"/>
      </properties>
      <testcase name="Test Cases/Log-in/Log-in- 1" time="13.305" classname="Test Cases/Log-in/Log-in- 1" status="PASSED">
         <system-out><![CDATA[2022-05-03 21:19:50 - [TEST_CASE][PASSED] - Test Cases/Log-in/Log-in- 1: Test Cases/Log-in/Log-in- 1

2022-05-03 21:19:51 - [TEST_STEP][PASSED] - openBrowser(""): Browser is opened with url: ''

2022-05-03 21:19:52 - [MESSAGE][INFO] - Starting 'Chrome' driver

2022-05-03 21:19:52 - [MESSAGE][INFO] - Action delay is set to 0 milliseconds

2022-05-03 21:19:56 - [MESSAGE][PASSED] - Browser is opened with url: ''

2022-05-03 21:19:56 - [TEST_STEP][PASSED] - navigateToUrl("https://nexterus-dev.outsystemsenterprise.com/FusionCenter/Login"): Navigate to 'https://nexterus-dev.outsystemsenterprise.com/FusionCenter/Login' successfully

2022-05-03 21:19:58 - [MESSAGE][PASSED] - Navigate to 'https://nexterus-dev.outsystemsenterprise.com/FusionCenter/Login' successfully

2022-05-03 21:19:58 - [TEST_STEP][PASSED] - maximizeWindow(): Current window maximized

2022-05-03 21:19:58 - [MESSAGE][PASSED] - Current window maximized

2022-05-03 21:19:58 - [TEST_STEP][PASSED] - delay(1): Delayed 1 second(s)

2022-05-03 21:19:59 - [MESSAGE][PASSED] - Delayed 1 second(s)

2022-05-03 21:19:59 - [TEST_STEP][PASSED] - setText(findTestObject("001-Log-in/Username field"), "admin"): Text 'admin' is set on object 'Object Repository/001-Log-in/Username field'

2022-05-03 21:20:02 - [MESSAGE][PASSED] - Text 'admin' is set on object 'Object Repository/001-Log-in/Username field'

2022-05-03 21:20:02 - [TEST_STEP][PASSED] - setText(findTestObject("001-Log-in/Password field"), "admin"): Text 'admin' is set on object 'Object Repository/001-Log-in/Password field'

2022-05-03 21:20:03 - [MESSAGE][PASSED] - Text 'admin' is set on object 'Object Repository/001-Log-in/Password field'

2022-05-03 21:20:03 - [TEST_STEP][PASSED] - click(findTestObject("001-Log-in/Log-in button"), STOP_ON_FAILURE): Object: 'Object Repository/001-Log-in/Log-in button' is clicked on

2022-05-03 21:20:04 - [MESSAGE][PASSED] - Object: 'Object Repository/001-Log-in/Log-in button' is clicked on]]></system-out>
         <system-err><![CDATA[]]></system-err>
      </testcase>
      <testcase name="Test Cases/Sprint 4/FCSCMS-125/FCSCMS-624(Admin user is able to log in using valid credentials)" time="11.511" classname="Test Cases/Sprint 4/FCSCMS-125/FCSCMS-624(Admin user is able to log in using valid credentials)" status="PASSED">
         <system-out><![CDATA[2022-05-03 21:20:04 - [TEST_CASE][PASSED] - Test Cases/Sprint 4/FCSCMS-125/FCSCMS-624(Admin user is able to log in using valid credentials): Test Cases/Sprint 4/FCSCMS-125/FCSCMS-624(Admin user is able to log in using valid credentials)

2022-05-03 21:20:05 - [TEST_STEP][PASSED] - openBrowser(""): Browser is opened with url: ''

2022-05-03 21:20:05 - [MESSAGE][WARNING] - A browser is already opened. Closing browser and opening a new one

2022-05-03 21:20:06 - [MESSAGE][INFO] - Starting 'Chrome' driver

2022-05-03 21:20:06 - [MESSAGE][INFO] - Action delay is set to 0 milliseconds

2022-05-03 21:20:08 - [MESSAGE][PASSED] - Browser is opened with url: ''

2022-05-03 21:20:08 - [TEST_STEP][PASSED] - navigateToUrl("https://nexterus-dev.outsystemsenterprise.com/FusionCenter/Login"): Navigate to 'https://nexterus-dev.outsystemsenterprise.com/FusionCenter/Login' successfully

2022-05-03 21:20:10 - [MESSAGE][PASSED] - Navigate to 'https://nexterus-dev.outsystemsenterprise.com/FusionCenter/Login' successfully

2022-05-03 21:20:10 - [TEST_STEP][PASSED] - maximizeWindow(): Current window maximized

2022-05-03 21:20:10 - [MESSAGE][PASSED] - Current window maximized

2022-05-03 21:20:10 - [TEST_STEP][PASSED] - delay(1): Delayed 1 second(s)

2022-05-03 21:20:11 - [MESSAGE][PASSED] - Delayed 1 second(s)

2022-05-03 21:20:11 - [TEST_STEP][PASSED] - setText(findTestObject("001-Log-in/Username field"), "admin"): Text 'admin' is set on object 'Object Repository/001-Log-in/Username field'

2022-05-03 21:20:14 - [MESSAGE][PASSED] - Text 'admin' is set on object 'Object Repository/001-Log-in/Username field'

2022-05-03 21:20:14 - [TEST_STEP][PASSED] - setText(findTestObject("001-Log-in/Password field"), "admin"): Text 'admin' is set on object 'Object Repository/001-Log-in/Password field'

2022-05-03 21:20:15 - [MESSAGE][PASSED] - Text 'admin' is set on object 'Object Repository/001-Log-in/Password field'

2022-05-03 21:20:15 - [TEST_STEP][PASSED] - click(findTestObject("001-Log-in/Log-in button"), STOP_ON_FAILURE): Object: 'Object Repository/001-Log-in/Log-in button' is clicked on

2022-05-03 21:20:15 - [MESSAGE][PASSED] - Object: 'Object Repository/001-Log-in/Log-in button' is clicked on]]></system-out>
         <system-err><![CDATA[]]></system-err>
      </testcase>
      <testcase name="Test Cases/Sprint 4/FCSCMS-125/FCSCMS-625(User is able to click User and Account Management option from the left navigation panel)" time="35.099" classname="Test Cases/Sprint 4/FCSCMS-125/FCSCMS-625(User is able to click User and Account Management option from the left navigation panel)" status="PASSED">
         <system-out><![CDATA[2022-05-03 21:20:15 - [TEST_CASE][PASSED] - Test Cases/Sprint 4/FCSCMS-125/FCSCMS-625(User is able to click User and Account Management option from the left navigation panel): Test Cases/Sprint 4/FCSCMS-125/FCSCMS-625(User is able to click User and Account Management option from the left navigation panel)

2022-05-03 21:20:16 - [TEST_STEP][PASSED] - click(findTestObject("Admin/Sprint 4/FCSCMS-122/User Account Management")): Object: 'Object Repository/Admin/Sprint 4/FCSCMS-122/User Account Management' is clicked on

2022-05-03 21:20:50 - [MESSAGE][PASSED] - Object: 'Object Repository/Admin/Sprint 4/FCSCMS-122/User Account Management' is clicked on]]></system-out>
         <system-err><![CDATA[]]></system-err>
      </testcase>
      <testcase name="Test Cases/Sprint 4/FCSCMS-125/FCSCMS-626(Admin user is able to click Edit button)" time="31.198" classname="Test Cases/Sprint 4/FCSCMS-125/FCSCMS-626(Admin user is able to click Edit button)" status="PASSED">
         <system-out><![CDATA[2022-05-03 21:20:50 - [TEST_CASE][PASSED] - Test Cases/Sprint 4/FCSCMS-125/FCSCMS-626(Admin user is able to click Edit button): Test Cases/Sprint 4/FCSCMS-125/FCSCMS-626(Admin user is able to click Edit button)

2022-05-03 21:20:51 - [TEST_STEP][PASSED] - click(findTestObject("Admin/Sprint 4/FCSCMS-134/Edit button_fet automation")): Object: 'Object Repository/Admin/Sprint 4/FCSCMS-134/Edit button_fet automation' is clicked on

2022-05-03 21:21:22 - [MESSAGE][PASSED] - Object: 'Object Repository/Admin/Sprint 4/FCSCMS-134/Edit button_fet automation' is clicked on]]></system-out>
         <system-err><![CDATA[]]></system-err>
      </testcase>
      <testcase name="Test Cases/Sprint 4/FCSCMS-125/FCSCMS-627(Admin user is able to click Unlock checkbox button)" time="61.407" classname="Test Cases/Sprint 4/FCSCMS-125/FCSCMS-627(Admin user is able to click Unlock checkbox button)" status="PASSED">
         <system-out><![CDATA[2022-05-03 21:21:22 - [TEST_CASE][PASSED] - Test Cases/Sprint 4/FCSCMS-125/FCSCMS-627(Admin user is able to click Unlock checkbox button): Test Cases/Sprint 4/FCSCMS-125/FCSCMS-627(Admin user is able to click Unlock checkbox button)

2022-05-03 21:21:22 - [TEST_STEP][PASSED] - click(findTestObject("Admin/Sprint 4/FCSCMS-125/User Access Checkbox")): Object: 'Object Repository/Admin/Sprint 4/FCSCMS-125/User Access Checkbox' is clicked on

2022-05-03 21:21:53 - [MESSAGE][PASSED] - Object: 'Object Repository/Admin/Sprint 4/FCSCMS-125/User Access Checkbox' is clicked on

2022-05-03 21:21:53 - [TEST_STEP][PASSED] - verifyElementVisible(findTestObject("Admin/Sprint 4/FCSCMS-125/User access_Unlock_Confirmation message")): Object 'Object Repository/Admin/Sprint 4/FCSCMS-125/User access_Unlock_Confirmation message' is visible

2022-05-03 21:22:23 - [MESSAGE][PASSED] - Object 'Object Repository/Admin/Sprint 4/FCSCMS-125/User access_Unlock_Confirmation message' is visible]]></system-out>
         <system-err><![CDATA[]]></system-err>
      </testcase>
      <testcase name="Test Cases/Sprint 4/FCSCMS-125/FCSCMS-628(Admin is able to cancel the process)" time="122.074" classname="Test Cases/Sprint 4/FCSCMS-125/FCSCMS-628(Admin is able to cancel the process)" status="PASSED">
         <system-out><![CDATA[2022-05-03 21:22:23 - [TEST_CASE][PASSED] - Test Cases/Sprint 4/FCSCMS-125/FCSCMS-628(Admin is able to cancel the process): Test Cases/Sprint 4/FCSCMS-125/FCSCMS-628(Admin is able to cancel the process)

2022-05-03 21:22:24 - [TEST_STEP][PASSED] - click(findTestObject("Admin/Sprint 4/FCSCMS-125/User Access_Unlock_No")): Object: 'Object Repository/Admin/Sprint 4/FCSCMS-125/User Access_Unlock_No' is clicked on

2022-05-03 21:22:54 - [MESSAGE][PASSED] - Object: 'Object Repository/Admin/Sprint 4/FCSCMS-125/User Access_Unlock_No' is clicked on

2022-05-03 21:22:54 - [TEST_STEP][PASSED] - click(findTestObject("Admin/Sprint 4/FCSCMS-125/Edit User_Save")): Object: 'Object Repository/Admin/Sprint 4/FCSCMS-125/Edit User_Save' is clicked on

2022-05-03 21:23:24 - [MESSAGE][PASSED] - Object: 'Object Repository/Admin/Sprint 4/FCSCMS-125/Edit User_Save' is clicked on

2022-05-03 21:23:24 - [TEST_STEP][PASSED] - click(findTestObject("Admin/Sprint 4/FCSCMS-125/Edit User_Save_Yes")): Object: 'Object Repository/Admin/Sprint 4/FCSCMS-125/Edit User_Save_Yes' is clicked on

2022-05-03 21:23:55 - [MESSAGE][PASSED] - Object: 'Object Repository/Admin/Sprint 4/FCSCMS-125/Edit User_Save_Yes' is clicked on

2022-05-03 21:23:55 - [TEST_STEP][PASSED] - verifyElementVisible(findTestObject("Admin/Sprint 4/FCSCMS-125/Verification_User Status_Locked")): Object 'Object Repository/Admin/Sprint 4/FCSCMS-125/Verification_User Status_Locked' is visible

2022-05-03 21:24:25 - [MESSAGE][PASSED] - Object 'Object Repository/Admin/Sprint 4/FCSCMS-125/Verification_User Status_Locked' is visible]]></system-out>
         <system-err><![CDATA[]]></system-err>
      </testcase>
      <testcase name="Test Cases/Sprint 4/FCSCMS-125/FCSCMS-629(Admin is able to Unlock a User)" time="182.533" classname="Test Cases/Sprint 4/FCSCMS-125/FCSCMS-629(Admin is able to Unlock a User)" status="PASSED">
         <system-out><![CDATA[2022-05-03 21:24:25 - [TEST_CASE][PASSED] - Test Cases/Sprint 4/FCSCMS-125/FCSCMS-629(Admin is able to Unlock a User): Test Cases/Sprint 4/FCSCMS-125/FCSCMS-629(Admin is able to Unlock a User)

2022-05-03 21:24:26 - [TEST_STEP][PASSED] - click(findTestObject("Admin/Sprint 4/FCSCMS-134/Edit button_fet automation")): Object: 'Object Repository/Admin/Sprint 4/FCSCMS-134/Edit button_fet automation' is clicked on

2022-05-03 21:24:56 - [MESSAGE][PASSED] - Object: 'Object Repository/Admin/Sprint 4/FCSCMS-134/Edit button_fet automation' is clicked on

2022-05-03 21:24:56 - [TEST_STEP][PASSED] - click(findTestObject("Admin/Sprint 4/FCSCMS-125/User Access Checkbox")): Object: 'Object Repository/Admin/Sprint 4/FCSCMS-125/User Access Checkbox' is clicked on

2022-05-03 21:25:26 - [MESSAGE][PASSED] - Object: 'Object Repository/Admin/Sprint 4/FCSCMS-125/User Access Checkbox' is clicked on

2022-05-03 21:25:26 - [TEST_STEP][PASSED] - click(findTestObject("Admin/Sprint 4/FCSCMS-125/User access_Unlock_Yes")): Object: 'Object Repository/Admin/Sprint 4/FCSCMS-125/User access_Unlock_Yes' is clicked on

2022-05-03 21:25:57 - [MESSAGE][PASSED] - Object: 'Object Repository/Admin/Sprint 4/FCSCMS-125/User access_Unlock_Yes' is clicked on

2022-05-03 21:25:57 - [TEST_STEP][PASSED] - click(findTestObject("Admin/Sprint 4/FCSCMS-125/Edit User_Save")): Object: 'Object Repository/Admin/Sprint 4/FCSCMS-125/Edit User_Save' is clicked on

2022-05-03 21:26:27 - [MESSAGE][PASSED] - Object: 'Object Repository/Admin/Sprint 4/FCSCMS-125/Edit User_Save' is clicked on

2022-05-03 21:26:27 - [TEST_STEP][PASSED] - click(findTestObject("Admin/Sprint 4/FCSCMS-125/Edit User_Save_Yes")): Object: 'Object Repository/Admin/Sprint 4/FCSCMS-125/Edit User_Save_Yes' is clicked on

2022-05-03 21:26:57 - [MESSAGE][PASSED] - Object: 'Object Repository/Admin/Sprint 4/FCSCMS-125/Edit User_Save_Yes' is clicked on

2022-05-03 21:26:57 - [TEST_STEP][PASSED] - verifyElementVisible(findTestObject("Admin/Sprint 4/FCSCMS-125/Verification_User Status_Unlocked")): Object 'Object Repository/Admin/Sprint 4/FCSCMS-125/Verification_User Status_Unlocked' is visible

2022-05-03 21:27:28 - [MESSAGE][PASSED] - Object 'Object Repository/Admin/Sprint 4/FCSCMS-125/Verification_User Status_Unlocked' is visible]]></system-out>
         <system-err><![CDATA[]]></system-err>
      </testcase>
      <testcase name="Test Cases/Sprint 4/FCSCMS-125/FCSCMS-630(Admin is able to Unlock a User On the User Grid)" time="0.655" classname="Test Cases/Sprint 4/FCSCMS-125/FCSCMS-630(Admin is able to Unlock a User On the User Grid)" status="PASSED">
         <system-out><![CDATA[2022-05-03 21:27:28 - [TEST_CASE][PASSED] - Test Cases/Sprint 4/FCSCMS-125/FCSCMS-630(Admin is able to Unlock a User On the User Grid): Test Cases/Sprint 4/FCSCMS-125/FCSCMS-630(Admin is able to Unlock a User On the User Grid)

2022-05-03 21:27:28 - [TEST_STEP][PASSED] - return null: null]]></system-out>
         <system-err><![CDATA[]]></system-err>
      </testcase>
      <system-out><![CDATA[2022-05-03 21:19:50 - [TEST_SUITE][PASSED] - FCSCMS-125(User, Role and Access Management- Unlock User): Test Cases/Sprint 4/FCSCMS-125/FCSCMS-630(Admin is able to Unlock a User On the User Grid)]]></system-out>
      <system-err><![CDATA[]]></system-err>
   </testsuite>
</testsuites>
