<?xml version="1.0" encoding="UTF-8"?>
<testsuites name="FCSCMS-462" time="366.757" tests="2" failures="0" errors="0">
   <testsuite name="FCSCMS-462" tests="2" failures="0" errors="0" time="366.757" skipped="0" timestamp="2022-04-21 16:01:08" hostname="Fet - DESKTOP-Q81B6T4" id="Test Suites/Sprint 3/FCSCMS-58/FCSCMS-462">
      <properties>
         <property name="deviceName" value=""/>
         <property name="devicePlatform" value=""/>
         <property name="logFolder" value="C:\\Users\\Fet\\git\\Sample - Nexterus\\Reports\\20220421_160101\\Sprint 3\\FCSCMS-58\\FCSCMS-462\\20220421_160101"/>
         <property name="logFiles" value="C:\\Users\\Fet\\git\\Sample - Nexterus\\Reports\\20220421_160101\\Sprint 3\\FCSCMS-58\\FCSCMS-462\\20220421_160101\\execution0.log"/>
         <property name="attachments" value=""/>
         <property name="hostName" value="Fet - DESKTOP-Q81B6T4"/>
         <property name="os" value="Windows 10 64bit"/>
         <property name="katalonVersion" value="8.3.0.208"/>
         <property name="browser" value="Chrome 100.0.4896.127"/>
         <property name="hostAddress" value="192.168.5.82"/>
         <property name="sessionId" value="9d222deebe504d848a3f273600d1e052"/>
         <property name="seleniumVersion" value="3.141.59"/>
         <property name="proxyInformation" value="ProxyInformation { proxyOption=NO_PROXY, proxyServerType=HTTP, username=, password=********, proxyServerAddress=, proxyServerPort=0, executionList=&quot;&quot;, isApplyToDesiredCapabilities=true }"/>
         <property name="platform" value="Windows 10"/>
      </properties>
      <testcase name="Test Cases/Log-in/Log-in- 1" time="44.418" classname="Test Cases/Log-in/Log-in- 1" status="PASSED">
         <system-out><![CDATA[2022-04-21 16:01:08 - [TEST_CASE][PASSED] - Test Cases/Log-in/Log-in- 1: Test Cases/Log-in/Log-in- 1

2022-04-21 16:01:09 - [TEST_STEP][PASSED] - openBrowser(""): Browser is opened with url: ''

2022-04-21 16:01:10 - [MESSAGE][INFO] - Starting 'Chrome' driver

2022-04-21 16:01:10 - [MESSAGE][INFO] - Action delay is set to 0 milliseconds

2022-04-21 16:01:14 - [MESSAGE][PASSED] - Browser is opened with url: ''

2022-04-21 16:01:14 - [TEST_STEP][PASSED] - navigateToUrl("https://nexterus-tst.outsystemsenterprise.com/FusionCenter/Login"): Navigate to 'https://nexterus-tst.outsystemsenterprise.com/FusionCenter/Login' successfully

2022-04-21 16:01:28 - [MESSAGE][PASSED] - Navigate to 'https://nexterus-tst.outsystemsenterprise.com/FusionCenter/Login' successfully

2022-04-21 16:01:28 - [TEST_STEP][PASSED] - maximizeWindow(): Current window maximized

2022-04-21 16:01:28 - [MESSAGE][PASSED] - Current window maximized

2022-04-21 16:01:28 - [TEST_STEP][PASSED] - delay(2): Delayed 2 second(s)

2022-04-21 16:01:30 - [MESSAGE][PASSED] - Delayed 2 second(s)

2022-04-21 16:01:30 - [TEST_STEP][PASSED] - setText(findTestObject("Log-in/Username field"), "admin"): Text 'admin' is set on object 'Object Repository/Log-in/Username field'

2022-04-21 16:01:51 - [MESSAGE][PASSED] - Text 'admin' is set on object 'Object Repository/Log-in/Username field'

2022-04-21 16:01:51 - [TEST_STEP][PASSED] - setText(findTestObject("Log-in/Password field"), "admin"): Text 'admin' is set on object 'Object Repository/Log-in/Password field'

2022-04-21 16:01:52 - [MESSAGE][PASSED] - Text 'admin' is set on object 'Object Repository/Log-in/Password field'

2022-04-21 16:01:52 - [TEST_STEP][PASSED] - click(findTestObject("Log-in/Log-in button"), STOP_ON_FAILURE): Object: 'Object Repository/Log-in/Log-in button' is clicked on

2022-04-21 16:01:53 - [MESSAGE][PASSED] - Object: 'Object Repository/Log-in/Log-in button' is clicked on]]></system-out>
         <system-err><![CDATA[]]></system-err>
      </testcase>
      <testcase name="Test Cases/Sprint 3/FCSCMS-58/FCSCMS-462" time="321.659" classname="Test Cases/Sprint 3/FCSCMS-58/FCSCMS-462" status="PASSED">
         <system-out><![CDATA[2022-04-21 16:01:53 - [TEST_CASE][PASSED] - Test Cases/Sprint 3/FCSCMS-58/FCSCMS-462: Test Cases/Sprint 3/FCSCMS-58/FCSCMS-462

2022-04-21 16:01:54 - [TEST_STEP][PASSED] - delay(3): Delayed 3 second(s)

2022-04-21 16:01:57 - [MESSAGE][PASSED] - Delayed 3 second(s)

2022-04-21 16:01:57 - [TEST_STEP][PASSED] - click(findTestObject("Sprint 3/FCSCMS-58/FCSCMS-407,462/User Account Management")): Object: 'Object Repository/Sprint 3/FCSCMS-58/FCSCMS-407,462/User Account Management' is clicked on

2022-04-21 16:02:37 - [MESSAGE][PASSED] - Object: 'Object Repository/Sprint 3/FCSCMS-58/FCSCMS-407,462/User Account Management' is clicked on

2022-04-21 16:02:37 - [TEST_STEP][PASSED] - delay(3): Delayed 3 second(s)

2022-04-21 16:02:40 - [MESSAGE][PASSED] - Delayed 3 second(s)

2022-04-21 16:02:40 - [TEST_STEP][PASSED] - setText(findTestObject("Sprint 3/FCSCMS-58/FCSCMS-407,462/Quick search field"), "anonymous"): Text 'anonymous' is set on object 'Object Repository/Sprint 3/FCSCMS-58/FCSCMS-407,462/Quick search field'

2022-04-21 16:03:40 - [MESSAGE][PASSED] - Text 'anonymous' is set on object 'Object Repository/Sprint 3/FCSCMS-58/FCSCMS-407,462/Quick search field'

2022-04-21 16:03:40 - [TEST_STEP][PASSED] - click(findTestObject("Sprint 3/FCSCMS-58/FCSCMS-407,462/search icon")): Object: 'Object Repository/Sprint 3/FCSCMS-58/FCSCMS-407,462/search icon' is clicked on

2022-04-21 16:04:11 - [MESSAGE][PASSED] - Object: 'Object Repository/Sprint 3/FCSCMS-58/FCSCMS-407,462/search icon' is clicked on

2022-04-21 16:04:11 - [TEST_STEP][PASSED] - click(findTestObject("Sprint 3/FCSCMS-58/FCSCMS-407,462/search icon")): Object: 'Object Repository/Sprint 3/FCSCMS-58/FCSCMS-407,462/search icon' is clicked on

2022-04-21 16:04:41 - [MESSAGE][PASSED] - Object: 'Object Repository/Sprint 3/FCSCMS-58/FCSCMS-407,462/search icon' is clicked on

2022-04-21 16:04:41 - [TEST_STEP][PASSED] - click(findTestObject("Sprint 3/FCSCMS-58/FCSCMS-407,462/search icon")): Object: 'Object Repository/Sprint 3/FCSCMS-58/FCSCMS-407,462/search icon' is clicked on

2022-04-21 16:05:11 - [MESSAGE][PASSED] - Object: 'Object Repository/Sprint 3/FCSCMS-58/FCSCMS-407,462/search icon' is clicked on

2022-04-21 16:05:11 - [TEST_STEP][PASSED] - click(findTestObject("Sprint 3/FCSCMS-58/FCSCMS-407,462/search icon")): Object: 'Object Repository/Sprint 3/FCSCMS-58/FCSCMS-407,462/search icon' is clicked on

2022-04-21 16:05:42 - [MESSAGE][PASSED] - Object: 'Object Repository/Sprint 3/FCSCMS-58/FCSCMS-407,462/search icon' is clicked on

2022-04-21 16:05:42 - [TEST_STEP][PASSED] - click(findTestObject("Sprint 3/FCSCMS-58/FCSCMS-407,462/search icon")): Object: 'Object Repository/Sprint 3/FCSCMS-58/FCSCMS-407,462/search icon' is clicked on

2022-04-21 16:06:12 - [MESSAGE][PASSED] - Object: 'Object Repository/Sprint 3/FCSCMS-58/FCSCMS-407,462/search icon' is clicked on

2022-04-21 16:06:12 - [TEST_STEP][PASSED] - click(findTestObject("Sprint 3/FCSCMS-58/FCSCMS-407,462/search icon")): Object: 'Object Repository/Sprint 3/FCSCMS-58/FCSCMS-407,462/search icon' is clicked on

2022-04-21 16:06:42 - [MESSAGE][PASSED] - Object: 'Object Repository/Sprint 3/FCSCMS-58/FCSCMS-407,462/search icon' is clicked on

2022-04-21 16:06:42 - [TEST_STEP][PASSED] - verifyElementVisible(findTestObject("Sprint 3/FCSCMS-58/FCSCMS-407,462/search result - anon user")): Object 'Object Repository/Sprint 3/FCSCMS-58/FCSCMS-407,462/search result - anon user' is visible

2022-04-21 16:07:13 - [MESSAGE][PASSED] - Object 'Object Repository/Sprint 3/FCSCMS-58/FCSCMS-407,462/search result - anon user' is visible

2022-04-21 16:07:13 - [TEST_STEP][PASSED] - delay(2): Delayed 2 second(s)

2022-04-21 16:07:15 - [MESSAGE][PASSED] - Delayed 2 second(s)]]></system-out>
         <system-err><![CDATA[]]></system-err>
      </testcase>
      <system-out><![CDATA[2022-04-21 16:01:08 - [TEST_SUITE][PASSED] - FCSCMS-462: Test Cases/Sprint 3/FCSCMS-58/FCSCMS-462]]></system-out>
      <system-err><![CDATA[]]></system-err>
   </testsuite>
</testsuites>
