<?xml version="1.0" encoding="UTF-8"?>
<testsuites name="FCSCMS-407" time="581.563" tests="2" failures="0" errors="0">
   <testsuite name="FCSCMS-407" tests="2" failures="0" errors="0" time="581.563" skipped="0" timestamp="2022-04-21 13:37:28" hostname="Fet - DESKTOP-Q81B6T4" id="Test Suites/Sprint 3/FCSCMS-58/FCSCMS-407">
      <properties>
         <property name="deviceName" value=""/>
         <property name="devicePlatform" value=""/>
         <property name="logFolder" value="C:\\Users\\Fet\\git\\Sample - Nexterus\\Reports\\20220421_133722\\Sprint 3\\FCSCMS-58\\FCSCMS-407\\20220421_133722"/>
         <property name="logFiles" value="C:\\Users\\Fet\\git\\Sample - Nexterus\\Reports\\20220421_133722\\Sprint 3\\FCSCMS-58\\FCSCMS-407\\20220421_133722\\execution0.log"/>
         <property name="attachments" value=""/>
         <property name="hostName" value="Fet - DESKTOP-Q81B6T4"/>
         <property name="os" value="Windows 10 64bit"/>
         <property name="katalonVersion" value="8.3.0.208"/>
         <property name="browser" value="Chrome 100.0.4896.127"/>
         <property name="hostAddress" value="192.168.5.82"/>
         <property name="sessionId" value="95d391d1bb26c9ab96b9dfca2f8802a7"/>
         <property name="seleniumVersion" value="3.141.59"/>
         <property name="proxyInformation" value="ProxyInformation { proxyOption=NO_PROXY, proxyServerType=HTTP, username=, password=********, proxyServerAddress=, proxyServerPort=0, executionList=&quot;&quot;, isApplyToDesiredCapabilities=true }"/>
         <property name="platform" value="Windows 10"/>
      </properties>
      <testcase name="Test Cases/Log-in/Log-in- 1" time="17.493" classname="Test Cases/Log-in/Log-in- 1" status="PASSED">
         <system-out><![CDATA[2022-04-21 13:37:29 - [TEST_CASE][PASSED] - Test Cases/Log-in/Log-in- 1: Test Cases/Log-in/Log-in- 1

2022-04-21 13:37:30 - [TEST_STEP][PASSED] - openBrowser(""): Browser is opened with url: ''

2022-04-21 13:37:31 - [MESSAGE][INFO] - Starting 'Chrome' driver

2022-04-21 13:37:31 - [MESSAGE][INFO] - Action delay is set to 0 milliseconds

2022-04-21 13:37:37 - [MESSAGE][PASSED] - Browser is opened with url: ''

2022-04-21 13:37:37 - [TEST_STEP][PASSED] - navigateToUrl("https://nexterus-tst.outsystemsenterprise.com/FusionCenter/Login"): Navigate to 'https://nexterus-tst.outsystemsenterprise.com/FusionCenter/Login' successfully

2022-04-21 13:37:40 - [MESSAGE][PASSED] - Navigate to 'https://nexterus-tst.outsystemsenterprise.com/FusionCenter/Login' successfully

2022-04-21 13:37:40 - [TEST_STEP][PASSED] - maximizeWindow(): Current window maximized

2022-04-21 13:37:40 - [MESSAGE][PASSED] - Current window maximized

2022-04-21 13:37:40 - [TEST_STEP][PASSED] - delay(2): Delayed 2 second(s)

2022-04-21 13:37:42 - [MESSAGE][PASSED] - Delayed 2 second(s)

2022-04-21 13:37:42 - [TEST_STEP][PASSED] - setText(findTestObject("Log-in/Username field"), "admin"): Text 'admin' is set on object 'Object Repository/Log-in/Username field'

2022-04-21 13:37:45 - [MESSAGE][PASSED] - Text 'admin' is set on object 'Object Repository/Log-in/Username field'

2022-04-21 13:37:45 - [TEST_STEP][PASSED] - setText(findTestObject("Log-in/Password field"), "admin"): Text 'admin' is set on object 'Object Repository/Log-in/Password field'

2022-04-21 13:37:46 - [MESSAGE][PASSED] - Text 'admin' is set on object 'Object Repository/Log-in/Password field'

2022-04-21 13:37:46 - [TEST_STEP][PASSED] - click(findTestObject("Log-in/Log-in button"), STOP_ON_FAILURE): Object: 'Object Repository/Log-in/Log-in button' is clicked on

2022-04-21 13:37:47 - [MESSAGE][PASSED] - Object: 'Object Repository/Log-in/Log-in button' is clicked on]]></system-out>
         <system-err><![CDATA[]]></system-err>
      </testcase>
      <testcase name="Test Cases/Sprint 3/FCSCMS-58/FCSCMS-407" time="563.395" classname="Test Cases/Sprint 3/FCSCMS-58/FCSCMS-407" status="PASSED">
         <system-out><![CDATA[2022-04-21 13:37:47 - [TEST_CASE][PASSED] - Test Cases/Sprint 3/FCSCMS-58/FCSCMS-407: Test Cases/Sprint 3/FCSCMS-58/FCSCMS-407

2022-04-21 13:37:48 - [TEST_STEP][PASSED] - delay(3): Delayed 3 second(s)

2022-04-21 13:37:51 - [MESSAGE][PASSED] - Delayed 3 second(s)

2022-04-21 13:37:51 - [TEST_STEP][PASSED] - click(findTestObject("Sprint 3/FCSCMS-58/FCSCMS-407,462/User Account Management")): Object: 'Object Repository/Sprint 3/FCSCMS-58/FCSCMS-407,462/User Account Management' is clicked on

2022-04-21 13:37:56 - [MESSAGE][PASSED] - Object: 'Object Repository/Sprint 3/FCSCMS-58/FCSCMS-407,462/User Account Management' is clicked on

2022-04-21 13:37:56 - [TEST_STEP][PASSED] - delay(3): Delayed 3 second(s)

2022-04-21 13:37:59 - [MESSAGE][PASSED] - Delayed 3 second(s)

2022-04-21 13:37:59 - [TEST_STEP][PASSED] - setText(findTestObject("Sprint 3/FCSCMS-58/FCSCMS-407,462/Quick search field"), "anonymous"): Text 'anonymous' is set on object 'Object Repository/Sprint 3/FCSCMS-58/FCSCMS-407,462/Quick search field'

2022-04-21 13:39:00 - [MESSAGE][PASSED] - Text 'anonymous' is set on object 'Object Repository/Sprint 3/FCSCMS-58/FCSCMS-407,462/Quick search field'

2022-04-21 13:39:00 - [TEST_STEP][PASSED] - click(findTestObject("Sprint 3/FCSCMS-58/FCSCMS-407,462/search icon")): Object: 'Object Repository/Sprint 3/FCSCMS-58/FCSCMS-407,462/search icon' is clicked on

2022-04-21 13:39:30 - [MESSAGE][PASSED] - Object: 'Object Repository/Sprint 3/FCSCMS-58/FCSCMS-407,462/search icon' is clicked on

2022-04-21 13:39:30 - [TEST_STEP][PASSED] - verifyElementVisible(findTestObject("Sprint 3/FCSCMS-58/FCSCMS-407,462/search result - anon user")): Object 'Object Repository/Sprint 3/FCSCMS-58/FCSCMS-407,462/search result - anon user' is visible

2022-04-21 13:40:00 - [MESSAGE][PASSED] - Object 'Object Repository/Sprint 3/FCSCMS-58/FCSCMS-407,462/search result - anon user' is visible

2022-04-21 13:40:00 - [TEST_STEP][PASSED] - delay(2): Delayed 2 second(s)

2022-04-21 13:40:02 - [MESSAGE][PASSED] - Delayed 2 second(s)

2022-04-21 13:40:02 - [TEST_STEP][PASSED] - setText(findTestObject("Sprint 3/FCSCMS-58/FCSCMS-407,462/Quick search field"), ""): Text '' is set on object 'Object Repository/Sprint 3/FCSCMS-58/FCSCMS-407,462/Quick search field'

2022-04-21 13:41:03 - [MESSAGE][PASSED] - Text '' is set on object 'Object Repository/Sprint 3/FCSCMS-58/FCSCMS-407,462/Quick search field'

2022-04-21 13:41:03 - [TEST_STEP][PASSED] - click(findTestObject("Sprint 3/FCSCMS-58/FCSCMS-407,462/search icon")): Object: 'Object Repository/Sprint 3/FCSCMS-58/FCSCMS-407,462/search icon' is clicked on

2022-04-21 13:41:33 - [MESSAGE][PASSED] - Object: 'Object Repository/Sprint 3/FCSCMS-58/FCSCMS-407,462/search icon' is clicked on

2022-04-21 13:41:33 - [TEST_STEP][PASSED] - setText(findTestObject("Sprint 3/FCSCMS-58/FCSCMS-407,462/Quick search field"), "Anon User"): Text 'Anon User' is set on object 'Object Repository/Sprint 3/FCSCMS-58/FCSCMS-407,462/Quick search field'

2022-04-21 13:42:34 - [MESSAGE][PASSED] - Text 'Anon User' is set on object 'Object Repository/Sprint 3/FCSCMS-58/FCSCMS-407,462/Quick search field'

2022-04-21 13:42:34 - [TEST_STEP][PASSED] - click(findTestObject("Sprint 3/FCSCMS-58/FCSCMS-407,462/search icon")): Object: 'Object Repository/Sprint 3/FCSCMS-58/FCSCMS-407,462/search icon' is clicked on

2022-04-21 13:43:04 - [MESSAGE][PASSED] - Object: 'Object Repository/Sprint 3/FCSCMS-58/FCSCMS-407,462/search icon' is clicked on

2022-04-21 13:43:04 - [TEST_STEP][PASSED] - verifyElementVisible(findTestObject("Sprint 3/FCSCMS-58/FCSCMS-407,462/search result- anonymous")): Object 'Object Repository/Sprint 3/FCSCMS-58/FCSCMS-407,462/search result- anonymous' is visible

2022-04-21 13:43:34 - [MESSAGE][PASSED] - Object 'Object Repository/Sprint 3/FCSCMS-58/FCSCMS-407,462/search result- anonymous' is visible

2022-04-21 13:43:34 - [TEST_STEP][PASSED] - delay(2): Delayed 2 second(s)

2022-04-21 13:43:36 - [MESSAGE][PASSED] - Delayed 2 second(s)

2022-04-21 13:43:36 - [TEST_STEP][PASSED] - setText(findTestObject("Sprint 3/FCSCMS-58/FCSCMS-407,462/Quick search field"), ""): Text '' is set on object 'Object Repository/Sprint 3/FCSCMS-58/FCSCMS-407,462/Quick search field'

2022-04-21 13:44:37 - [MESSAGE][PASSED] - Text '' is set on object 'Object Repository/Sprint 3/FCSCMS-58/FCSCMS-407,462/Quick search field'

2022-04-21 13:44:37 - [TEST_STEP][PASSED] - click(findTestObject("Sprint 3/FCSCMS-58/FCSCMS-407,462/search icon")): Object: 'Object Repository/Sprint 3/FCSCMS-58/FCSCMS-407,462/search icon' is clicked on

2022-04-21 13:45:07 - [MESSAGE][PASSED] - Object: 'Object Repository/Sprint 3/FCSCMS-58/FCSCMS-407,462/search icon' is clicked on

2022-04-21 13:45:07 - [TEST_STEP][PASSED] - setText(findTestObject("Sprint 3/FCSCMS-58/FCSCMS-407,462/Quick search field"), "anon@anonymous.org"): Text 'anon@anonymous.org' is set on object 'Object Repository/Sprint 3/FCSCMS-58/FCSCMS-407,462/Quick search field'

2022-04-21 13:46:07 - [MESSAGE][PASSED] - Text 'anon@anonymous.org' is set on object 'Object Repository/Sprint 3/FCSCMS-58/FCSCMS-407,462/Quick search field'

2022-04-21 13:46:07 - [TEST_STEP][PASSED] - click(findTestObject("Sprint 3/FCSCMS-58/FCSCMS-407,462/search icon")): Object: 'Object Repository/Sprint 3/FCSCMS-58/FCSCMS-407,462/search icon' is clicked on

2022-04-21 13:46:38 - [MESSAGE][PASSED] - Object: 'Object Repository/Sprint 3/FCSCMS-58/FCSCMS-407,462/search icon' is clicked on

2022-04-21 13:46:38 - [TEST_STEP][PASSED] - verifyElementVisible(findTestObject("Sprint 3/FCSCMS-58/FCSCMS-407,462/search result- anonymous")): Object 'Object Repository/Sprint 3/FCSCMS-58/FCSCMS-407,462/search result- anonymous' is visible

2022-04-21 13:47:08 - [MESSAGE][PASSED] - Object 'Object Repository/Sprint 3/FCSCMS-58/FCSCMS-407,462/search result- anonymous' is visible

2022-04-21 13:47:08 - [TEST_STEP][PASSED] - delay(2): Delayed 2 second(s)

2022-04-21 13:47:10 - [MESSAGE][PASSED] - Delayed 2 second(s)]]></system-out>
         <system-err><![CDATA[]]></system-err>
      </testcase>
      <system-out><![CDATA[2022-04-21 13:37:28 - [TEST_SUITE][PASSED] - FCSCMS-407: Test Cases/Sprint 3/FCSCMS-58/FCSCMS-407]]></system-out>
      <system-err><![CDATA[]]></system-err>
   </testsuite>
</testsuites>
