<?xml version="1.0" encoding="UTF-8"?>
<testsuites name="FCSCMS-419" time="173.877" tests="2" failures="0" errors="0">
   <testsuite name="FCSCMS-419" tests="2" failures="0" errors="0" time="173.877" skipped="0" timestamp="2022-04-27 18:17:21" hostname="Fet - DESKTOP-Q81B6T4" id="Test Suites/Sprint 3/FCSCMS-143/FCSCMS-419">
      <properties>
         <property name="deviceName" value=""/>
         <property name="devicePlatform" value=""/>
         <property name="logFolder" value="C:\\Users\\Fet\\git\\Sample - Nexterus\\Reports\\20220427_181715\\Sprint 3\\FCSCMS-143\\FCSCMS-419\\20220427_181715"/>
         <property name="logFiles" value="C:\\Users\\Fet\\git\\Sample - Nexterus\\Reports\\20220427_181715\\Sprint 3\\FCSCMS-143\\FCSCMS-419\\20220427_181715\\execution0.log"/>
         <property name="attachments" value=""/>
         <property name="hostName" value="Fet - DESKTOP-Q81B6T4"/>
         <property name="os" value="Windows 10 64bit"/>
         <property name="katalonVersion" value="8.3.0.208"/>
         <property name="browser" value="Chrome 100.0.4896.127"/>
         <property name="hostAddress" value="192.168.5.82"/>
         <property name="sessionId" value="d53f5bb27177be0a3b9143d1eed19a50"/>
         <property name="seleniumVersion" value="3.141.59"/>
         <property name="proxyInformation" value="ProxyInformation { proxyOption=NO_PROXY, proxyServerType=HTTP, username=, password=********, proxyServerAddress=, proxyServerPort=0, executionList=&quot;&quot;, isApplyToDesiredCapabilities=true }"/>
         <property name="platform" value="Windows 10"/>
      </properties>
      <testcase name="Test Cases/Log-in/Log-in- 1" time="16.26" classname="Test Cases/Log-in/Log-in- 1" status="PASSED">
         <system-out><![CDATA[2022-04-27 18:17:22 - [TEST_CASE][PASSED] - Test Cases/Log-in/Log-in- 1: Test Cases/Log-in/Log-in- 1

2022-04-27 18:17:23 - [TEST_STEP][PASSED] - openBrowser(""): Browser is opened with url: ''

2022-04-27 18:17:24 - [MESSAGE][INFO] - Starting 'Chrome' driver

2022-04-27 18:17:24 - [MESSAGE][INFO] - Action delay is set to 0 milliseconds

2022-04-27 18:17:27 - [MESSAGE][PASSED] - Browser is opened with url: ''

2022-04-27 18:17:27 - [TEST_STEP][PASSED] - navigateToUrl("https://nexterus-tst.outsystemsenterprise.com/FusionCenter/Login"): Navigate to 'https://nexterus-tst.outsystemsenterprise.com/FusionCenter/Login' successfully

2022-04-27 18:17:31 - [MESSAGE][PASSED] - Navigate to 'https://nexterus-tst.outsystemsenterprise.com/FusionCenter/Login' successfully

2022-04-27 18:17:31 - [TEST_STEP][PASSED] - maximizeWindow(): Current window maximized

2022-04-27 18:17:31 - [MESSAGE][PASSED] - Current window maximized

2022-04-27 18:17:31 - [TEST_STEP][PASSED] - delay(2): Delayed 2 second(s)

2022-04-27 18:17:33 - [MESSAGE][PASSED] - Delayed 2 second(s)

2022-04-27 18:17:33 - [TEST_STEP][PASSED] - setText(findTestObject("001-Log-in/Username field"), "admin"): Text 'admin' is set on object 'Object Repository/001-Log-in/Username field'

2022-04-27 18:17:37 - [MESSAGE][PASSED] - Text 'admin' is set on object 'Object Repository/001-Log-in/Username field'

2022-04-27 18:17:37 - [TEST_STEP][PASSED] - setText(findTestObject("001-Log-in/Password field"), "admin"): Text 'admin' is set on object 'Object Repository/001-Log-in/Password field'

2022-04-27 18:17:38 - [MESSAGE][PASSED] - Text 'admin' is set on object 'Object Repository/001-Log-in/Password field'

2022-04-27 18:17:38 - [TEST_STEP][PASSED] - click(findTestObject("001-Log-in/Log-in button"), STOP_ON_FAILURE): Object: 'Object Repository/001-Log-in/Log-in button' is clicked on

2022-04-27 18:17:38 - [MESSAGE][PASSED] - Object: 'Object Repository/001-Log-in/Log-in button' is clicked on]]></system-out>
         <system-err><![CDATA[]]></system-err>
      </testcase>
      <testcase name="Test Cases/Sprint 3/FCSCMS-143/FCSCMS-419" time="156.966" classname="Test Cases/Sprint 3/FCSCMS-143/FCSCMS-419" status="PASSED">
         <system-out><![CDATA[2022-04-27 18:17:38 - [TEST_CASE][PASSED] - Test Cases/Sprint 3/FCSCMS-143/FCSCMS-419: Test Cases/Sprint 3/FCSCMS-143/FCSCMS-419

2022-04-27 18:17:39 - [TEST_STEP][PASSED] - click(findTestObject("Sprint 3/FCSCMS-143/FCSCMS-419/a_Privilege Group Management")): Object: 'Object Repository/Sprint 3/FCSCMS-143/FCSCMS-419/a_Privilege Group Management' is clicked on

2022-04-27 18:18:14 - [MESSAGE][PASSED] - Object: 'Object Repository/Sprint 3/FCSCMS-143/FCSCMS-419/a_Privilege Group Management' is clicked on

2022-04-27 18:18:14 - [TEST_STEP][PASSED] - click(findTestObject("Sprint 3/FCSCMS-143/FCSCMS-419/PVM_XLS Download button")): Object: 'Object Repository/Sprint 3/FCSCMS-143/FCSCMS-419/PVM_XLS Download button' is clicked on

2022-04-27 18:18:44 - [MESSAGE][PASSED] - Object: 'Object Repository/Sprint 3/FCSCMS-143/FCSCMS-419/PVM_XLS Download button' is clicked on

2022-04-27 18:18:44 - [TEST_STEP][PASSED] - setText(findTestObject("Sprint 3/FCSCMS-143/FCSCMS-419/PVM_File name field"), "Fet download file"): Text 'Fet download file' is set on object 'Object Repository/Sprint 3/FCSCMS-143/FCSCMS-419/PVM_File name field'

2022-04-27 18:19:45 - [MESSAGE][PASSED] - Text 'Fet download file' is set on object 'Object Repository/Sprint 3/FCSCMS-143/FCSCMS-419/PVM_File name field'

2022-04-27 18:19:45 - [TEST_STEP][PASSED] - click(findTestObject("Sprint 3/FCSCMS-143/FCSCMS-419/PVM_Download")): Object: 'Object Repository/Sprint 3/FCSCMS-143/FCSCMS-419/PVM_Download' is clicked on

2022-04-27 18:20:15 - [MESSAGE][PASSED] - Object: 'Object Repository/Sprint 3/FCSCMS-143/FCSCMS-419/PVM_Download' is clicked on

2022-04-27 18:20:15 - [TEST_STEP][PASSED] - verify_downloaded_file.verifydownloadfile.isFileDownloaded("Downloads", "ASDASD"): verify_downloaded_file.verifydownloadfile.isFileDownloaded is PASSED

2022-04-27 18:20:15 - [MESSAGE][PASSED] - verify_downloaded_file.verifydownloadfile.isFileDownloaded is PASSED]]></system-out>
         <system-err><![CDATA[]]></system-err>
      </testcase>
      <system-out><![CDATA[2022-04-27 18:17:21 - [TEST_SUITE][PASSED] - FCSCMS-419: Test Cases/Sprint 3/FCSCMS-143/FCSCMS-419]]></system-out>
      <system-err><![CDATA[]]></system-err>
   </testsuite>
</testsuites>
