<?xml version="1.0" encoding="UTF-8"?>
<testsuites name="FCSCMS-122(User, Role and Access Management- View or Edit User)" time="203.573" tests="2" failures="0" errors="0">
   <testsuite name="FCSCMS-122(User, Role and Access Management- View or Edit User)" tests="2" failures="0" errors="0" time="203.573" skipped="0" timestamp="2022-04-29 20:19:51" hostname="Fet - DESKTOP-Q81B6T4" id="Test Suites/Sprint 4/FCSCMS-122(User, Role and Access Management- View or Edit User)">
      <properties>
         <property name="deviceName" value=""/>
         <property name="devicePlatform" value=""/>
         <property name="logFolder" value="C:\\Users\\Fet\\git\\Sample - Nexterus\\Reports\\20220429_201946\\Sprint 4\\FCSCMS-122(User, Role and Access Management- View or Edit User)\\20220429_201946"/>
         <property name="logFiles" value="C:\\Users\\Fet\\git\\Sample - Nexterus\\Reports\\20220429_201946\\Sprint 4\\FCSCMS-122(User, Role and Access Management- View or Edit User)\\20220429_201946\\execution0.log"/>
         <property name="attachments" value=""/>
         <property name="hostName" value="Fet - DESKTOP-Q81B6T4"/>
         <property name="os" value="Windows 10 64bit"/>
         <property name="katalonVersion" value="8.3.0.208"/>
         <property name="browser" value="Chrome 100.0.4896.127"/>
         <property name="hostAddress" value="192.168.5.82"/>
         <property name="sessionId" value="15d9ccdb7dfbe561a7a4ea8122772196"/>
         <property name="seleniumVersion" value="3.141.59"/>
         <property name="proxyInformation" value="ProxyInformation { proxyOption=NO_PROXY, proxyServerType=HTTP, username=, password=********, proxyServerAddress=, proxyServerPort=0, executionList=&quot;&quot;, isApplyToDesiredCapabilities=true }"/>
         <property name="platform" value="Windows 10"/>
      </properties>
      <testcase name="Test Cases/Sprint 4/FCSCMS-122/FCSCMS-472(Admin user is able to log in using valid credentials)" time="13.845" classname="Test Cases/Sprint 4/FCSCMS-122/FCSCMS-472(Admin user is able to log in using valid credentials)" status="PASSED">
         <system-out><![CDATA[2022-04-29 20:19:52 - [TEST_CASE][PASSED] - Test Cases/Sprint 4/FCSCMS-122/FCSCMS-472(Admin user is able to log in using valid credentials): Test Cases/Sprint 4/FCSCMS-122/FCSCMS-472(Admin user is able to log in using valid credentials)

2022-04-29 20:19:53 - [TEST_STEP][PASSED] - openBrowser(""): Browser is opened with url: ''

2022-04-29 20:19:54 - [MESSAGE][INFO] - Starting 'Chrome' driver

2022-04-29 20:19:54 - [MESSAGE][INFO] - Action delay is set to 0 milliseconds

2022-04-29 20:19:57 - [MESSAGE][PASSED] - Browser is opened with url: ''

2022-04-29 20:19:57 - [TEST_STEP][PASSED] - navigateToUrl("https://nexterus-dev.outsystemsenterprise.com/FusionCenter/Login"): Navigate to 'https://nexterus-dev.outsystemsenterprise.com/FusionCenter/Login' successfully

2022-04-29 20:20:00 - [MESSAGE][PASSED] - Navigate to 'https://nexterus-dev.outsystemsenterprise.com/FusionCenter/Login' successfully

2022-04-29 20:20:00 - [TEST_STEP][PASSED] - maximizeWindow(): Current window maximized

2022-04-29 20:20:00 - [MESSAGE][PASSED] - Current window maximized

2022-04-29 20:20:00 - [TEST_STEP][PASSED] - delay(1): Delayed 1 second(s)

2022-04-29 20:20:01 - [MESSAGE][PASSED] - Delayed 1 second(s)

2022-04-29 20:20:01 - [TEST_STEP][PASSED] - setText(findTestObject("001-Log-in/Username field"), "admin"): Text 'admin' is set on object 'Object Repository/001-Log-in/Username field'

2022-04-29 20:20:04 - [MESSAGE][PASSED] - Text 'admin' is set on object 'Object Repository/001-Log-in/Username field'

2022-04-29 20:20:04 - [TEST_STEP][PASSED] - setText(findTestObject("001-Log-in/Password field"), "admin"): Text 'admin' is set on object 'Object Repository/001-Log-in/Password field'

2022-04-29 20:20:05 - [MESSAGE][PASSED] - Text 'admin' is set on object 'Object Repository/001-Log-in/Password field'

2022-04-29 20:20:05 - [TEST_STEP][PASSED] - click(findTestObject("001-Log-in/Log-in button"), STOP_ON_FAILURE): Object: 'Object Repository/001-Log-in/Log-in button' is clicked on

2022-04-29 20:20:06 - [MESSAGE][PASSED] - Object: 'Object Repository/001-Log-in/Log-in button' is clicked on]]></system-out>
         <system-err><![CDATA[]]></system-err>
      </testcase>
      <testcase name="Test Cases/Sprint 4/FCSCMS-122/FCSCMS-477(Admin user is able to cancel edit user detail)" time="189.117" classname="Test Cases/Sprint 4/FCSCMS-122/FCSCMS-477(Admin user is able to cancel edit user detail)" status="PASSED">
         <system-out><![CDATA[2022-04-29 20:20:06 - [TEST_CASE][PASSED] - Test Cases/Sprint 4/FCSCMS-122/FCSCMS-477(Admin user is able to cancel edit user detail): Test Cases/Sprint 4/FCSCMS-122/FCSCMS-477(Admin user is able to cancel edit user detail)

2022-04-29 20:20:07 - [TEST_STEP][PASSED] - click(findTestObject("Admin/Sprint 4/FCSCMS-122/User Account Management")): Object: 'Object Repository/Admin/Sprint 4/FCSCMS-122/User Account Management' is clicked on

2022-04-29 20:20:43 - [MESSAGE][PASSED] - Object: 'Object Repository/Admin/Sprint 4/FCSCMS-122/User Account Management' is clicked on

2022-04-29 20:20:43 - [TEST_STEP][PASSED] - click(findTestObject("Admin/Sprint 4/FCSCMS-122/Edit button_ANONYMOUS USER")): Object: 'Object Repository/Admin/Sprint 4/FCSCMS-122/Edit button_ANONYMOUS USER' is clicked on

2022-04-29 20:21:14 - [MESSAGE][PASSED] - Object: 'Object Repository/Admin/Sprint 4/FCSCMS-122/Edit button_ANONYMOUS USER' is clicked on

2022-04-29 20:21:14 - [TEST_STEP][PASSED] - setText(findTestObject("Admin/Sprint 4/FCSCMS-122/Edit User_User Name"), "User Cancel edit assertion"): Text 'User Cancel edit assertion' is set on object 'Object Repository/Admin/Sprint 4/FCSCMS-122/Edit User_User Name'

2022-04-29 20:22:14 - [MESSAGE][PASSED] - Text 'User Cancel edit assertion' is set on object 'Object Repository/Admin/Sprint 4/FCSCMS-122/Edit User_User Name'

2022-04-29 20:22:14 - [TEST_STEP][PASSED] - click(findTestObject("Admin/Sprint 4/FCSCMS-122/Edit User_Cancel")): Object: 'Object Repository/Admin/Sprint 4/FCSCMS-122/Edit User_Cancel' is clicked on

2022-04-29 20:22:45 - [MESSAGE][PASSED] - Object: 'Object Repository/Admin/Sprint 4/FCSCMS-122/Edit User_Cancel' is clicked on

2022-04-29 20:22:45 - [TEST_STEP][PASSED] - verifyElementVisible(findTestObject("Sprint 3/FCSCMS-58/FCSCMS-407,462/search result - anon user")): Object 'Object Repository/Sprint 3/FCSCMS-58/FCSCMS-407,462/search result - anon user' is visible

2022-04-29 20:23:15 - [MESSAGE][PASSED] - Object 'Object Repository/Sprint 3/FCSCMS-58/FCSCMS-407,462/search result - anon user' is visible]]></system-out>
         <system-err><![CDATA[]]></system-err>
      </testcase>
      <system-out><![CDATA[2022-04-29 20:19:51 - [TEST_SUITE][PASSED] - FCSCMS-122(User, Role and Access Management- View or Edit User): Test Cases/Sprint 4/FCSCMS-122/FCSCMS-477(Admin user is able to cancel edit user detail)]]></system-out>
      <system-err><![CDATA[]]></system-err>
   </testsuite>
</testsuites>
